[0.009s] Invoking command in '/home/joel-jebitto/ROS_workspace/build/cpp_pubsub': CMAKE_PREFIX_PATH=${CMAKE_PREFIX_PATH}:/home/joel-jebitto/ROS_workspace/install/my_py_pkg:/opt/ros/jazzy DEBUGINFOD_URLS=https://debuginfod.ubuntu.com /usr/bin/cmake /home/joel-jebitto/ROS_workspace/src/cpp_pubsub -DCMAKE_INSTALL_PREFIX=/home/joel-jebitto/ROS_workspace/install/cpp_pubsub
[0.021s] -- Found ament_cmake: 2.5.4 (/opt/ros/jazzy/share/ament_cmake/cmake)
[0.198s] -- Found rclcpp: 28.1.9 (/opt/ros/jazzy/share/rclcpp/cmake)
[0.220s] -- Found rosidl_generator_c: 4.6.5 (/opt/ros/jazzy/share/rosidl_generator_c/cmake)
[0.227s] -- Found rosidl_generator_cpp: 4.6.5 (/opt/ros/jazzy/share/rosidl_generator_cpp/cmake)
[0.238s] -- Using all available rosidl_typesupport_c: rosidl_typesupport_fastrtps_c;rosidl_typesupport_introspection_c
[0.249s] -- Using all available rosidl_typesupport_cpp: rosidl_typesupport_fastrtps_cpp;rosidl_typesupport_introspection_cpp
[0.301s] -- Found rmw_implementation_cmake: 7.3.2 (/opt/ros/jazzy/share/rmw_implementation_cmake/cmake)
[0.302s] -- Found rmw_fastrtps_cpp: 8.4.2 (/opt/ros/jazzy/share/rmw_fastrtps_cpp/cmake)
[0.355s] -- Using RMW implementation 'rmw_fastrtps_cpp' as default
[0.409s] -- Found example_interfaces: 0.12.0 (/opt/ros/jazzy/share/example_interfaces/cmake)
[0.456s] -- Found my_robot_interface: 0.0.0 (/home/joel-jebitto/ROS_workspace/install/my_robot_interface/share/my_robot_interface/cmake)
[0.538s] -- Configuring done (0.5s)
[0.558s] -- Generating done (0.0s)
[0.574s] -- Build files have been written to: /home/joel-jebitto/ROS_workspace/build/cpp_pubsub
[0.581s] Invoked command in '/home/joel-jebitto/ROS_workspace/build/cpp_pubsub' returned '0': CMAKE_PREFIX_PATH=${CMAKE_PREFIX_PATH}:/home/joel-jebitto/ROS_workspace/install/my_py_pkg:/opt/ros/jazzy DEBUGINFOD_URLS=https://debuginfod.ubuntu.com /usr/bin/cmake /home/joel-jebitto/ROS_workspace/src/cpp_pubsub -DCMAKE_INSTALL_PREFIX=/home/joel-jebitto/ROS_workspace/install/cpp_pubsub
[0.582s] Invoking command in '/home/joel-jebitto/ROS_workspace/build/cpp_pubsub': CMAKE_PREFIX_PATH=${CMAKE_PREFIX_PATH}:/home/joel-jebitto/ROS_workspace/install/my_py_pkg:/opt/ros/jazzy DEBUGINFOD_URLS=https://debuginfod.ubuntu.com /usr/bin/cmake --build /home/joel-jebitto/ROS_workspace/build/cpp_pubsub -- -j8 -l8
[0.592s] ninja: no work to do.
[0.593s] Invoked command in '/home/joel-jebitto/ROS_workspace/build/cpp_pubsub' returned '0': CMAKE_PREFIX_PATH=${CMAKE_PREFIX_PATH}:/home/joel-jebitto/ROS_workspace/install/my_py_pkg:/opt/ros/jazzy DEBUGINFOD_URLS=https://debuginfod.ubuntu.com /usr/bin/cmake --build /home/joel-jebitto/ROS_workspace/build/cpp_pubsub -- -j8 -l8
[0.594s] Invoking command in '/home/joel-jebitto/ROS_workspace/build/cpp_pubsub': CMAKE_PREFIX_PATH=${CMAKE_PREFIX_PATH}:/home/joel-jebitto/ROS_workspace/install/my_py_pkg:/opt/ros/jazzy DEBUGINFOD_URLS=https://debuginfod.ubuntu.com /usr/bin/cmake --install /home/joel-jebitto/ROS_workspace/build/cpp_pubsub
[0.600s] -- Install configuration: ""
[0.600s] -- Up-to-date: /home/joel-jebitto/ROS_workspace/install/cpp_pubsub/lib/cpp_pubsub/talker
[0.600s] -- Up-to-date: /home/joel-jebitto/ROS_workspace/install/cpp_pubsub/lib/cpp_pubsub/station
[0.600s] -- Up-to-date: /home/joel-jebitto/ROS_workspace/install/cpp_pubsub/lib/cpp_pubsub/number_publisher
[0.600s] -- Up-to-date: /home/joel-jebitto/ROS_workspace/install/cpp_pubsub/lib/cpp_pubsub/number_counter
[0.600s] -- Up-to-date: /home/joel-jebitto/ROS_workspace/install/cpp_pubsub/lib/cpp_pubsub/phone
[0.601s] -- Up-to-date: /home/joel-jebitto/ROS_workspace/install/cpp_pubsub/lib/cpp_pubsub/add_two_ints_server
[0.601s] -- Up-to-date: /home/joel-jebitto/ROS_workspace/install/cpp_pubsub/lib/cpp_pubsub/add_two_ints_client
[0.601s] -- Up-to-date: /home/joel-jebitto/ROS_workspace/install/cpp_pubsub/share/ament_index/resource_index/package_run_dependencies/cpp_pubsub
[0.601s] -- Up-to-date: /home/joel-jebitto/ROS_workspace/install/cpp_pubsub/share/ament_index/resource_index/parent_prefix_path/cpp_pubsub
[0.601s] -- Up-to-date: /home/joel-jebitto/ROS_workspace/install/cpp_pubsub/share/cpp_pubsub/environment/ament_prefix_path.sh
[0.601s] -- Up-to-date: /home/joel-jebitto/ROS_workspace/install/cpp_pubsub/share/cpp_pubsub/environment/ament_prefix_path.dsv
[0.601s] -- Up-to-date: /home/joel-jebitto/ROS_workspace/install/cpp_pubsub/share/cpp_pubsub/environment/path.sh
[0.601s] -- Up-to-date: /home/joel-jebitto/ROS_workspace/install/cpp_pubsub/share/cpp_pubsub/environment/path.dsv
[0.601s] -- Up-to-date: /home/joel-jebitto/ROS_workspace/install/cpp_pubsub/share/cpp_pubsub/local_setup.bash
[0.601s] -- Up-to-date: /home/joel-jebitto/ROS_workspace/install/cpp_pubsub/share/cpp_pubsub/local_setup.sh
[0.601s] -- Up-to-date: /home/joel-jebitto/ROS_workspace/install/cpp_pubsub/share/cpp_pubsub/local_setup.zsh
[0.601s] -- Up-to-date: /home/joel-jebitto/ROS_workspace/install/cpp_pubsub/share/cpp_pubsub/local_setup.dsv
[0.601s] -- Installing: /home/joel-jebitto/ROS_workspace/install/cpp_pubsub/share/cpp_pubsub/package.dsv
[0.602s] -- Up-to-date: /home/joel-jebitto/ROS_workspace/install/cpp_pubsub/share/ament_index/resource_index/packages/cpp_pubsub
[0.602s] -- Up-to-date: /home/joel-jebitto/ROS_workspace/install/cpp_pubsub/share/cpp_pubsub/cmake/cpp_pubsubConfig.cmake
[0.602s] -- Up-to-date: /home/joel-jebitto/ROS_workspace/install/cpp_pubsub/share/cpp_pubsub/cmake/cpp_pubsubConfig-version.cmake
[0.602s] -- Up-to-date: /home/joel-jebitto/ROS_workspace/install/cpp_pubsub/share/cpp_pubsub/package.xml
[0.603s] Invoked command in '/home/joel-jebitto/ROS_workspace/build/cpp_pubsub' returned '0': CMAKE_PREFIX_PATH=${CMAKE_PREFIX_PATH}:/home/joel-jebitto/ROS_workspace/install/my_py_pkg:/opt/ros/jazzy DEBUGINFOD_URLS=https://debuginfod.ubuntu.com /usr/bin/cmake --install /home/joel-jebitto/ROS_workspace/build/cpp_pubsub
