[0.069s] Invoking command in '/home/joel-jebitto/ROS_workspace/build/my_robot_interface': CMAKE_PREFIX_PATH=${CMAKE_PREFIX_PATH}:/home/joel-jebitto/ROS_workspace/install/my_py_pkg:/opt/ros/jazzy DEBUGINFOD_URLS=https://debuginfod.ubuntu.com /usr/bin/cmake --build /home/joel-jebitto/ROS_workspace/build/my_robot_interface -- -j8 -l8
[0.184s] -- Found ament_cmake: 2.5.4 (/opt/ros/jazzy/share/ament_cmake/cmake)
[0.223s] -- Found Python3: /usr/bin/python3 (found version "3.12.3") found components: Interpreter 
[0.342s] -- Found std_msgs: 5.3.6 (/opt/ros/jazzy/share/std_msgs/cmake)
[0.378s] -- Found rosidl_generator_c: 4.6.5 (/opt/ros/jazzy/share/rosidl_generator_c/cmake)
[0.391s] -- Found rosidl_generator_cpp: 4.6.5 (/opt/ros/jazzy/share/rosidl_generator_cpp/cmake)
[0.404s] -- Using all available rosidl_typesupport_c: rosidl_typesupport_fastrtps_c;rosidl_typesupport_introspection_c
[0.422s] -- Using all available rosidl_typesupport_cpp: rosidl_typesupport_fastrtps_cpp;rosidl_typesupport_introspection_cpp
[0.464s] -- Found rosidl_default_generators: 1.6.0 (/opt/ros/jazzy/share/rosidl_default_generators/cmake)
[0.477s] -- Found rosidl_adapter: 4.6.5 (/opt/ros/jazzy/share/rosidl_adapter/cmake)
[0.480s] [31mCMake Error at /opt/ros/jazzy/share/rosidl_cmake/cmake/rosidl_generate_interfaces.cmake:95 (message):
[0.480s]   rosidl_generate_interfaces() the passed file 'srv/ComputeRectangleArea.srv'
[0.480s]   doesn't exist relative to the CMAKE_CURRENT_SOURCE_DIR
[0.480s]   '/home/joel-jebitto/ROS_workspace/src/my_robot_interface'
[0.480s] Call Stack (most recent call first):
[0.480s]   CMakeLists.txt:13 (rosidl_generate_interfaces)
[0.481s] 
[0.481s] [0m
[0.481s] -- Configuring incomplete, errors occurred!
[0.487s] gmake: *** [Makefile:815: cmake_check_build_system] Error 1
[0.489s] Invoked command in '/home/joel-jebitto/ROS_workspace/build/my_robot_interface' returned '2': CMAKE_PREFIX_PATH=${CMAKE_PREFIX_PATH}:/home/joel-jebitto/ROS_workspace/install/my_py_pkg:/opt/ros/jazzy DEBUGINFOD_URLS=https://debuginfod.ubuntu.com /usr/bin/cmake --build /home/joel-jebitto/ROS_workspace/build/my_robot_interface -- -j8 -l8
