[0.013s] Invoking command in '/home/joel-jebitto/ROS_workspace/build/cpp_pubsub': CMAKE_PREFIX_PATH=${CMAKE_PREFIX_PATH}:/home/joel-jebitto/ROS_workspace/install/my_py_pkg:/opt/ros/jazzy DEBUGINFOD_URLS=https://debuginfod.ubuntu.com /usr/bin/cmake --build /home/joel-jebitto/ROS_workspace/build/cpp_pubsub -- -j8 -l8
[0.024s] 
[5.760s] [0/2] Building CXX object CMakeFiles/phone.dir/src/phone.cpp.o[K
[5.760s] [1/2] Building CXX object CMakeFiles/phone.dir/src/phone.cpp.o[K
[5.920s] [1/2] Linking CXX executable phone[K
[5.920s] [2/2] Linking CXX executable phone[K
[5.922s] Invoked command in '/home/joel-jebitto/ROS_workspace/build/cpp_pubsub' returned '0': CMAKE_PREFIX_PATH=${CMAKE_PREFIX_PATH}:/home/joel-jebitto/ROS_workspace/install/my_py_pkg:/opt/ros/jazzy DEBUGINFOD_URLS=https://debuginfod.ubuntu.com /usr/bin/cmake --build /home/joel-jebitto/ROS_workspace/build/cpp_pubsub -- -j8 -l8
[5.929s] Invoking command in '/home/joel-jebitto/ROS_workspace/build/cpp_pubsub': CMAKE_PREFIX_PATH=${CMAKE_PREFIX_PATH}:/home/joel-jebitto/ROS_workspace/install/my_py_pkg:/opt/ros/jazzy DEBUGINFOD_URLS=https://debuginfod.ubuntu.com /usr/bin/cmake --install /home/joel-jebitto/ROS_workspace/build/cpp_pubsub
[5.934s] -- Install configuration: ""
[5.934s] -- Up-to-date: /home/joel-jebitto/ROS_workspace/install/cpp_pubsub/lib/cpp_pubsub/talker
[5.934s] -- Up-to-date: /home/joel-jebitto/ROS_workspace/install/cpp_pubsub/lib/cpp_pubsub/station
[5.934s] -- Installing: /home/joel-jebitto/ROS_workspace/install/cpp_pubsub/lib/cpp_pubsub/phone
[5.937s] -- Set non-toolchain portion of runtime path of "/home/joel-jebitto/ROS_workspace/install/cpp_pubsub/lib/cpp_pubsub/phone" to ""
[5.937s] -- Up-to-date: /home/joel-jebitto/ROS_workspace/install/cpp_pubsub/share/ament_index/resource_index/package_run_dependencies/cpp_pubsub
[5.937s] -- Up-to-date: /home/joel-jebitto/ROS_workspace/install/cpp_pubsub/share/ament_index/resource_index/parent_prefix_path/cpp_pubsub
[5.937s] -- Up-to-date: /home/joel-jebitto/ROS_workspace/install/cpp_pubsub/share/cpp_pubsub/environment/ament_prefix_path.sh
[5.937s] -- Up-to-date: /home/joel-jebitto/ROS_workspace/install/cpp_pubsub/share/cpp_pubsub/environment/ament_prefix_path.dsv
[5.938s] -- Up-to-date: /home/joel-jebitto/ROS_workspace/install/cpp_pubsub/share/cpp_pubsub/environment/path.sh
[5.938s] -- Up-to-date: /home/joel-jebitto/ROS_workspace/install/cpp_pubsub/share/cpp_pubsub/environment/path.dsv
[5.938s] -- Up-to-date: /home/joel-jebitto/ROS_workspace/install/cpp_pubsub/share/cpp_pubsub/local_setup.bash
[5.938s] -- Up-to-date: /home/joel-jebitto/ROS_workspace/install/cpp_pubsub/share/cpp_pubsub/local_setup.sh
[5.938s] -- Up-to-date: /home/joel-jebitto/ROS_workspace/install/cpp_pubsub/share/cpp_pubsub/local_setup.zsh
[5.938s] -- Up-to-date: /home/joel-jebitto/ROS_workspace/install/cpp_pubsub/share/cpp_pubsub/local_setup.dsv
[5.938s] -- Installing: /home/joel-jebitto/ROS_workspace/install/cpp_pubsub/share/cpp_pubsub/package.dsv
[5.938s] -- Up-to-date: /home/joel-jebitto/ROS_workspace/install/cpp_pubsub/share/ament_index/resource_index/packages/cpp_pubsub
[5.938s] -- Up-to-date: /home/joel-jebitto/ROS_workspace/install/cpp_pubsub/share/cpp_pubsub/cmake/cpp_pubsubConfig.cmake
[5.938s] -- Up-to-date: /home/joel-jebitto/ROS_workspace/install/cpp_pubsub/share/cpp_pubsub/cmake/cpp_pubsubConfig-version.cmake
[5.938s] -- Up-to-date: /home/joel-jebitto/ROS_workspace/install/cpp_pubsub/share/cpp_pubsub/package.xml
[5.939s] Invoked command in '/home/joel-jebitto/ROS_workspace/build/cpp_pubsub' returned '0': CMAKE_PREFIX_PATH=${CMAKE_PREFIX_PATH}:/home/joel-jebitto/ROS_workspace/install/my_py_pkg:/opt/ros/jazzy DEBUGINFOD_URLS=https://debuginfod.ubuntu.com /usr/bin/cmake --install /home/joel-jebitto/ROS_workspace/build/cpp_pubsub
