[0.149s] DEBUG:colcon:Command line arguments: ['/usr/bin/colcon', 'build']
[0.149s] DEBUG:colcon:Parsed command line arguments: Namespace(log_base=None, log_level=None, verb_name='build', build_base='build', install_base='install', merge_install=False, symlink_install=False, test_result_base=None, continue_on_error=False, executor='parallel', parallel_workers=8, event_handlers=None, ignore_user_meta=False, metas=['./colcon.meta'], base_paths=['.'], packages_ignore=None, packages_ignore_regex=None, paths=None, packages_up_to=None, packages_up_to_regex=None, packages_above=None, packages_above_and_dependencies=None, packages_above_depth=None, packages_select_by_dep=None, packages_skip_by_dep=None, packages_skip_up_to=None, packages_select_build_failed=False, packages_skip_build_finished=False, packages_select_test_failures=False, packages_skip_test_passed=False, packages_select=None, packages_skip=None, packages_select_regex=None, packages_skip_regex=None, packages_start=None, packages_end=None, allow_overriding=[], cmake_args=None, cmake_target=None, cmake_target_skip_unavailable=False, cmake_clean_cache=False, cmake_clean_first=False, cmake_force_configure=False, ament_cmake_args=None, catkin_cmake_args=None, catkin_skip_building_tests=False, mixin_files=None, mixin=None, verb_parser=<colcon_mixin.mixin.mixin_argument.MixinArgumentDecorator object at 0x79b8ae685760>, verb_extension=<colcon_core.verb.build.BuildVerb object at 0x79b8ae7ee270>, main=<bound method BuildVerb.main of <colcon_core.verb.build.BuildVerb object at 0x79b8ae7ee270>>, mixin_verb=('build',))
[0.189s] Level 1:colcon.colcon_core.package_discovery:discover_packages(colcon_meta) check parameters
[0.189s] Level 1:colcon.colcon_core.package_discovery:discover_packages(recursive) check parameters
[0.189s] Level 1:colcon.colcon_core.package_discovery:discover_packages(ignore) check parameters
[0.189s] Level 1:colcon.colcon_core.package_discovery:discover_packages(path) check parameters
[0.189s] Level 1:colcon.colcon_core.package_discovery:discover_packages(colcon_meta) discover
[0.189s] Level 1:colcon.colcon_core.package_discovery:discover_packages(recursive) discover
[0.189s] INFO:colcon.colcon_core.package_discovery:Crawling recursively for packages in '/home/joel-jebitto/ROS_workspace'
[0.189s] Level 1:colcon.colcon_core.package_identification:_identify(.) by extensions ['ignore', 'ignore_ament_install']
[0.189s] Level 1:colcon.colcon_core.package_identification:_identify(.) by extension 'ignore'
[0.189s] Level 1:colcon.colcon_core.package_identification:_identify(.) by extension 'ignore_ament_install'
[0.189s] Level 1:colcon.colcon_core.package_identification:_identify(.) by extensions ['colcon_pkg']
[0.189s] Level 1:colcon.colcon_core.package_identification:_identify(.) by extension 'colcon_pkg'
[0.189s] Level 1:colcon.colcon_core.package_identification:_identify(.) by extensions ['colcon_meta']
[0.189s] Level 1:colcon.colcon_core.package_identification:_identify(.) by extension 'colcon_meta'
[0.189s] Level 1:colcon.colcon_core.package_identification:_identify(.) by extensions ['ros']
[0.189s] Level 1:colcon.colcon_core.package_identification:_identify(.) by extension 'ros'
[0.212s] Level 1:colcon.colcon_core.package_identification:_identify(.) by extensions ['cmake', 'python']
[0.212s] Level 1:colcon.colcon_core.package_identification:_identify(.) by extension 'cmake'
[0.212s] Level 1:colcon.colcon_core.package_identification:_identify(.) by extension 'python'
[0.213s] Level 1:colcon.colcon_core.package_identification:_identify(.) by extensions ['python_setup_py']
[0.213s] Level 1:colcon.colcon_core.package_identification:_identify(.) by extension 'python_setup_py'
[0.213s] Level 1:colcon.colcon_core.package_identification:_identify(build) by extensions ['ignore', 'ignore_ament_install']
[0.213s] Level 1:colcon.colcon_core.package_identification:_identify(build) by extension 'ignore'
[0.213s] Level 1:colcon.colcon_core.package_identification:_identify(build) ignored
[0.213s] Level 1:colcon.colcon_core.package_identification:_identify(install) by extensions ['ignore', 'ignore_ament_install']
[0.213s] Level 1:colcon.colcon_core.package_identification:_identify(install) by extension 'ignore'
[0.213s] Level 1:colcon.colcon_core.package_identification:_identify(install) ignored
[0.213s] Level 1:colcon.colcon_core.package_identification:_identify(log) by extensions ['ignore', 'ignore_ament_install']
[0.213s] Level 1:colcon.colcon_core.package_identification:_identify(log) by extension 'ignore'
[0.213s] Level 1:colcon.colcon_core.package_identification:_identify(log) ignored
[0.213s] Level 1:colcon.colcon_core.package_identification:_identify(src) by extensions ['ignore', 'ignore_ament_install']
[0.213s] Level 1:colcon.colcon_core.package_identification:_identify(src) by extension 'ignore'
[0.213s] Level 1:colcon.colcon_core.package_identification:_identify(src) by extension 'ignore_ament_install'
[0.213s] Level 1:colcon.colcon_core.package_identification:_identify(src) by extensions ['colcon_pkg']
[0.213s] Level 1:colcon.colcon_core.package_identification:_identify(src) by extension 'colcon_pkg'
[0.213s] Level 1:colcon.colcon_core.package_identification:_identify(src) by extensions ['colcon_meta']
[0.214s] Level 1:colcon.colcon_core.package_identification:_identify(src) by extension 'colcon_meta'
[0.214s] Level 1:colcon.colcon_core.package_identification:_identify(src) by extensions ['ros']
[0.214s] Level 1:colcon.colcon_core.package_identification:_identify(src) by extension 'ros'
[0.214s] Level 1:colcon.colcon_core.package_identification:_identify(src) by extensions ['cmake', 'python']
[0.214s] Level 1:colcon.colcon_core.package_identification:_identify(src) by extension 'cmake'
[0.214s] Level 1:colcon.colcon_core.package_identification:_identify(src) by extension 'python'
[0.214s] Level 1:colcon.colcon_core.package_identification:_identify(src) by extensions ['python_setup_py']
[0.214s] Level 1:colcon.colcon_core.package_identification:_identify(src) by extension 'python_setup_py'
[0.214s] Level 1:colcon.colcon_core.package_identification:_identify(src/build) by extensions ['ignore', 'ignore_ament_install']
[0.214s] Level 1:colcon.colcon_core.package_identification:_identify(src/build) by extension 'ignore'
[0.214s] Level 1:colcon.colcon_core.package_identification:_identify(src/build) by extension 'ignore_ament_install'
[0.214s] Level 1:colcon.colcon_core.package_identification:_identify(src/build) by extensions ['colcon_pkg']
[0.214s] Level 1:colcon.colcon_core.package_identification:_identify(src/build) by extension 'colcon_pkg'
[0.214s] Level 1:colcon.colcon_core.package_identification:_identify(src/build) by extensions ['colcon_meta']
[0.214s] Level 1:colcon.colcon_core.package_identification:_identify(src/build) by extension 'colcon_meta'
[0.214s] Level 1:colcon.colcon_core.package_identification:_identify(src/build) by extensions ['ros']
[0.214s] Level 1:colcon.colcon_core.package_identification:_identify(src/build) by extension 'ros'
[0.214s] Level 1:colcon.colcon_core.package_identification:_identify(src/build) ignored
[0.214s] Level 1:colcon.colcon_core.package_identification:_identify(src/cpp_pubsub) by extensions ['ignore', 'ignore_ament_install']
[0.214s] Level 1:colcon.colcon_core.package_identification:_identify(src/cpp_pubsub) by extension 'ignore'
[0.214s] Level 1:colcon.colcon_core.package_identification:_identify(src/cpp_pubsub) by extension 'ignore_ament_install'
[0.214s] Level 1:colcon.colcon_core.package_identification:_identify(src/cpp_pubsub) by extensions ['colcon_pkg']
[0.214s] Level 1:colcon.colcon_core.package_identification:_identify(src/cpp_pubsub) by extension 'colcon_pkg'
[0.214s] Level 1:colcon.colcon_core.package_identification:_identify(src/cpp_pubsub) by extensions ['colcon_meta']
[0.215s] Level 1:colcon.colcon_core.package_identification:_identify(src/cpp_pubsub) by extension 'colcon_meta'
[0.215s] Level 1:colcon.colcon_core.package_identification:_identify(src/cpp_pubsub) by extensions ['ros']
[0.215s] Level 1:colcon.colcon_core.package_identification:_identify(src/cpp_pubsub) by extension 'ros'
[0.217s] DEBUG:colcon.colcon_core.package_identification:Package 'src/cpp_pubsub' with type 'ros.ament_cmake' and name 'cpp_pubsub'
[0.217s] Level 1:colcon.colcon_core.package_identification:_identify(src/my_py_pkg) by extensions ['ignore', 'ignore_ament_install']
[0.217s] Level 1:colcon.colcon_core.package_identification:_identify(src/my_py_pkg) by extension 'ignore'
[0.217s] Level 1:colcon.colcon_core.package_identification:_identify(src/my_py_pkg) by extension 'ignore_ament_install'
[0.217s] Level 1:colcon.colcon_core.package_identification:_identify(src/my_py_pkg) by extensions ['colcon_pkg']
[0.217s] Level 1:colcon.colcon_core.package_identification:_identify(src/my_py_pkg) by extension 'colcon_pkg'
[0.217s] Level 1:colcon.colcon_core.package_identification:_identify(src/my_py_pkg) by extensions ['colcon_meta']
[0.217s] Level 1:colcon.colcon_core.package_identification:_identify(src/my_py_pkg) by extension 'colcon_meta'
[0.217s] Level 1:colcon.colcon_core.package_identification:_identify(src/my_py_pkg) by extensions ['ros']
[0.217s] Level 1:colcon.colcon_core.package_identification:_identify(src/my_py_pkg) by extension 'ros'
[0.218s] DEBUG:colcon.colcon_core.package_identification:Package 'src/my_py_pkg' with type 'ros.ament_python' and name 'my_py_pkg'
[0.218s] Level 1:colcon.colcon_core.package_identification:_identify(src/my_robot_bringup) by extensions ['ignore', 'ignore_ament_install']
[0.218s] Level 1:colcon.colcon_core.package_identification:_identify(src/my_robot_bringup) by extension 'ignore'
[0.218s] Level 1:colcon.colcon_core.package_identification:_identify(src/my_robot_bringup) by extension 'ignore_ament_install'
[0.218s] Level 1:colcon.colcon_core.package_identification:_identify(src/my_robot_bringup) by extensions ['colcon_pkg']
[0.218s] Level 1:colcon.colcon_core.package_identification:_identify(src/my_robot_bringup) by extension 'colcon_pkg'
[0.218s] Level 1:colcon.colcon_core.package_identification:_identify(src/my_robot_bringup) by extensions ['colcon_meta']
[0.218s] Level 1:colcon.colcon_core.package_identification:_identify(src/my_robot_bringup) by extension 'colcon_meta'
[0.218s] Level 1:colcon.colcon_core.package_identification:_identify(src/my_robot_bringup) by extensions ['ros']
[0.218s] Level 1:colcon.colcon_core.package_identification:_identify(src/my_robot_bringup) by extension 'ros'
[0.218s] DEBUG:colcon.colcon_core.package_identification:Package 'src/my_robot_bringup' with type 'ros.ament_cmake' and name 'my_robot_bringup'
[0.219s] Level 1:colcon.colcon_core.package_identification:_identify(src/my_robot_interface) by extensions ['ignore', 'ignore_ament_install']
[0.219s] Level 1:colcon.colcon_core.package_identification:_identify(src/my_robot_interface) by extension 'ignore'
[0.219s] Level 1:colcon.colcon_core.package_identification:_identify(src/my_robot_interface) by extension 'ignore_ament_install'
[0.219s] Level 1:colcon.colcon_core.package_identification:_identify(src/my_robot_interface) by extensions ['colcon_pkg']
[0.219s] Level 1:colcon.colcon_core.package_identification:_identify(src/my_robot_interface) by extension 'colcon_pkg'
[0.219s] Level 1:colcon.colcon_core.package_identification:_identify(src/my_robot_interface) by extensions ['colcon_meta']
[0.219s] Level 1:colcon.colcon_core.package_identification:_identify(src/my_robot_interface) by extension 'colcon_meta'
[0.219s] Level 1:colcon.colcon_core.package_identification:_identify(src/my_robot_interface) by extensions ['ros']
[0.219s] Level 1:colcon.colcon_core.package_identification:_identify(src/my_robot_interface) by extension 'ros'
[0.219s] DEBUG:colcon.colcon_core.package_identification:Package 'src/my_robot_interface' with type 'ros.ament_cmake' and name 'my_robot_interface'
[0.219s] Level 1:colcon.colcon_core.package_identification:_identify(ymal_params) by extensions ['ignore', 'ignore_ament_install']
[0.219s] Level 1:colcon.colcon_core.package_identification:_identify(ymal_params) by extension 'ignore'
[0.219s] Level 1:colcon.colcon_core.package_identification:_identify(ymal_params) by extension 'ignore_ament_install'
[0.219s] Level 1:colcon.colcon_core.package_identification:_identify(ymal_params) by extensions ['colcon_pkg']
[0.219s] Level 1:colcon.colcon_core.package_identification:_identify(ymal_params) by extension 'colcon_pkg'
[0.219s] Level 1:colcon.colcon_core.package_identification:_identify(ymal_params) by extensions ['colcon_meta']
[0.219s] Level 1:colcon.colcon_core.package_identification:_identify(ymal_params) by extension 'colcon_meta'
[0.220s] Level 1:colcon.colcon_core.package_identification:_identify(ymal_params) by extensions ['ros']
[0.220s] Level 1:colcon.colcon_core.package_identification:_identify(ymal_params) by extension 'ros'
[0.220s] Level 1:colcon.colcon_core.package_identification:_identify(ymal_params) by extensions ['cmake', 'python']
[0.220s] Level 1:colcon.colcon_core.package_identification:_identify(ymal_params) by extension 'cmake'
[0.220s] Level 1:colcon.colcon_core.package_identification:_identify(ymal_params) by extension 'python'
[0.220s] Level 1:colcon.colcon_core.package_identification:_identify(ymal_params) by extensions ['python_setup_py']
[0.220s] Level 1:colcon.colcon_core.package_identification:_identify(ymal_params) by extension 'python_setup_py'
[0.220s] Level 1:colcon.colcon_core.package_discovery:discover_packages(recursive) using defaults
[0.220s] Level 1:colcon.colcon_core.package_discovery:discover_packages(ignore) discover
[0.220s] Level 1:colcon.colcon_core.package_discovery:discover_packages(ignore) using defaults
[0.220s] Level 1:colcon.colcon_core.package_discovery:discover_packages(path) discover
[0.220s] Level 1:colcon.colcon_core.package_discovery:discover_packages(path) using defaults
[0.236s] Level 1:colcon.colcon_core.package_discovery:discover_packages(prefix_path) check parameters
[0.236s] Level 1:colcon.colcon_core.package_discovery:discover_packages(prefix_path) discover
[0.238s] DEBUG:colcon.colcon_installed_package_information.package_discovery:Found 4 installed packages in /home/joel-jebitto/ROS_workspace/install
[0.240s] DEBUG:colcon.colcon_installed_package_information.package_discovery:Found 285 installed packages in /opt/ros/jazzy
[0.241s] Level 1:colcon.colcon_core.package_discovery:discover_packages(prefix_path) using defaults
[0.282s] Level 5:colcon.colcon_core.verb:set package 'my_py_pkg' build argument 'cmake_args' from command line to 'None'
[0.283s] Level 5:colcon.colcon_core.verb:set package 'my_py_pkg' build argument 'cmake_target' from command line to 'None'
[0.283s] Level 5:colcon.colcon_core.verb:set package 'my_py_pkg' build argument 'cmake_target_skip_unavailable' from command line to 'False'
[0.283s] Level 5:colcon.colcon_core.verb:set package 'my_py_pkg' build argument 'cmake_clean_cache' from command line to 'False'
[0.283s] Level 5:colcon.colcon_core.verb:set package 'my_py_pkg' build argument 'cmake_clean_first' from command line to 'False'
[0.283s] Level 5:colcon.colcon_core.verb:set package 'my_py_pkg' build argument 'cmake_force_configure' from command line to 'False'
[0.283s] Level 5:colcon.colcon_core.verb:set package 'my_py_pkg' build argument 'ament_cmake_args' from command line to 'None'
[0.283s] Level 5:colcon.colcon_core.verb:set package 'my_py_pkg' build argument 'catkin_cmake_args' from command line to 'None'
[0.283s] Level 5:colcon.colcon_core.verb:set package 'my_py_pkg' build argument 'catkin_skip_building_tests' from command line to 'False'
[0.283s] DEBUG:colcon.colcon_core.verb:Building package 'my_py_pkg' with the following arguments: {'ament_cmake_args': None, 'build_base': '/home/joel-jebitto/ROS_workspace/build/my_py_pkg', 'catkin_cmake_args': None, 'catkin_skip_building_tests': False, 'cmake_args': None, 'cmake_clean_cache': False, 'cmake_clean_first': False, 'cmake_force_configure': False, 'cmake_target': None, 'cmake_target_skip_unavailable': False, 'install_base': '/home/joel-jebitto/ROS_workspace/install/my_py_pkg', 'merge_install': False, 'path': '/home/joel-jebitto/ROS_workspace/src/my_py_pkg', 'symlink_install': False, 'test_result_base': None}
[0.283s] Level 5:colcon.colcon_core.verb:set package 'my_robot_interface' build argument 'cmake_args' from command line to 'None'
[0.283s] Level 5:colcon.colcon_core.verb:set package 'my_robot_interface' build argument 'cmake_target' from command line to 'None'
[0.283s] Level 5:colcon.colcon_core.verb:set package 'my_robot_interface' build argument 'cmake_target_skip_unavailable' from command line to 'False'
[0.283s] Level 5:colcon.colcon_core.verb:set package 'my_robot_interface' build argument 'cmake_clean_cache' from command line to 'False'
[0.283s] Level 5:colcon.colcon_core.verb:set package 'my_robot_interface' build argument 'cmake_clean_first' from command line to 'False'
[0.283s] Level 5:colcon.colcon_core.verb:set package 'my_robot_interface' build argument 'cmake_force_configure' from command line to 'False'
[0.283s] Level 5:colcon.colcon_core.verb:set package 'my_robot_interface' build argument 'ament_cmake_args' from command line to 'None'
[0.283s] Level 5:colcon.colcon_core.verb:set package 'my_robot_interface' build argument 'catkin_cmake_args' from command line to 'None'
[0.283s] Level 5:colcon.colcon_core.verb:set package 'my_robot_interface' build argument 'catkin_skip_building_tests' from command line to 'False'
[0.283s] DEBUG:colcon.colcon_core.verb:Building package 'my_robot_interface' with the following arguments: {'ament_cmake_args': None, 'build_base': '/home/joel-jebitto/ROS_workspace/build/my_robot_interface', 'catkin_cmake_args': None, 'catkin_skip_building_tests': False, 'cmake_args': None, 'cmake_clean_cache': False, 'cmake_clean_first': False, 'cmake_force_configure': False, 'cmake_target': None, 'cmake_target_skip_unavailable': False, 'install_base': '/home/joel-jebitto/ROS_workspace/install/my_robot_interface', 'merge_install': False, 'path': '/home/joel-jebitto/ROS_workspace/src/my_robot_interface', 'symlink_install': False, 'test_result_base': None}
[0.284s] Level 5:colcon.colcon_core.verb:set package 'cpp_pubsub' build argument 'cmake_args' from command line to 'None'
[0.284s] Level 5:colcon.colcon_core.verb:set package 'cpp_pubsub' build argument 'cmake_target' from command line to 'None'
[0.284s] Level 5:colcon.colcon_core.verb:set package 'cpp_pubsub' build argument 'cmake_target_skip_unavailable' from command line to 'False'
[0.284s] Level 5:colcon.colcon_core.verb:set package 'cpp_pubsub' build argument 'cmake_clean_cache' from command line to 'False'
[0.284s] Level 5:colcon.colcon_core.verb:set package 'cpp_pubsub' build argument 'cmake_clean_first' from command line to 'False'
[0.284s] Level 5:colcon.colcon_core.verb:set package 'cpp_pubsub' build argument 'cmake_force_configure' from command line to 'False'
[0.284s] Level 5:colcon.colcon_core.verb:set package 'cpp_pubsub' build argument 'ament_cmake_args' from command line to 'None'
[0.284s] Level 5:colcon.colcon_core.verb:set package 'cpp_pubsub' build argument 'catkin_cmake_args' from command line to 'None'
[0.284s] Level 5:colcon.colcon_core.verb:set package 'cpp_pubsub' build argument 'catkin_skip_building_tests' from command line to 'False'
[0.284s] DEBUG:colcon.colcon_core.verb:Building package 'cpp_pubsub' with the following arguments: {'ament_cmake_args': None, 'build_base': '/home/joel-jebitto/ROS_workspace/build/cpp_pubsub', 'catkin_cmake_args': None, 'catkin_skip_building_tests': False, 'cmake_args': None, 'cmake_clean_cache': False, 'cmake_clean_first': False, 'cmake_force_configure': False, 'cmake_target': None, 'cmake_target_skip_unavailable': False, 'install_base': '/home/joel-jebitto/ROS_workspace/install/cpp_pubsub', 'merge_install': False, 'path': '/home/joel-jebitto/ROS_workspace/src/cpp_pubsub', 'symlink_install': False, 'test_result_base': None}
[0.284s] Level 5:colcon.colcon_core.verb:set package 'my_robot_bringup' build argument 'cmake_args' from command line to 'None'
[0.284s] Level 5:colcon.colcon_core.verb:set package 'my_robot_bringup' build argument 'cmake_target' from command line to 'None'
[0.284s] Level 5:colcon.colcon_core.verb:set package 'my_robot_bringup' build argument 'cmake_target_skip_unavailable' from command line to 'False'
[0.284s] Level 5:colcon.colcon_core.verb:set package 'my_robot_bringup' build argument 'cmake_clean_cache' from command line to 'False'
[0.284s] Level 5:colcon.colcon_core.verb:set package 'my_robot_bringup' build argument 'cmake_clean_first' from command line to 'False'
[0.284s] Level 5:colcon.colcon_core.verb:set package 'my_robot_bringup' build argument 'cmake_force_configure' from command line to 'False'
[0.284s] Level 5:colcon.colcon_core.verb:set package 'my_robot_bringup' build argument 'ament_cmake_args' from command line to 'None'
[0.284s] Level 5:colcon.colcon_core.verb:set package 'my_robot_bringup' build argument 'catkin_cmake_args' from command line to 'None'
[0.284s] Level 5:colcon.colcon_core.verb:set package 'my_robot_bringup' build argument 'catkin_skip_building_tests' from command line to 'False'
[0.284s] DEBUG:colcon.colcon_core.verb:Building package 'my_robot_bringup' with the following arguments: {'ament_cmake_args': None, 'build_base': '/home/joel-jebitto/ROS_workspace/build/my_robot_bringup', 'catkin_cmake_args': None, 'catkin_skip_building_tests': False, 'cmake_args': None, 'cmake_clean_cache': False, 'cmake_clean_first': False, 'cmake_force_configure': False, 'cmake_target': None, 'cmake_target_skip_unavailable': False, 'install_base': '/home/joel-jebitto/ROS_workspace/install/my_robot_bringup', 'merge_install': False, 'path': '/home/joel-jebitto/ROS_workspace/src/my_robot_bringup', 'symlink_install': False, 'test_result_base': None}
[0.284s] INFO:colcon.colcon_core.executor:Executing jobs using 'parallel' executor
[0.286s] DEBUG:colcon.colcon_parallel_executor.executor.parallel:run_until_complete
[0.286s] INFO:colcon.colcon_ros.task.ament_cmake.build:Building ROS package in '/home/joel-jebitto/ROS_workspace/src/my_robot_interface' with build type 'ament_cmake'
[0.286s] INFO:colcon.colcon_cmake.task.cmake.build:Building CMake package in '/home/joel-jebitto/ROS_workspace/src/my_robot_interface'
[0.288s] INFO:colcon.colcon_core.plugin_system:Skipping extension 'colcon_core.shell.bat': Not used on non-Windows systems
[0.288s] INFO:colcon.colcon_core.shell:Skip shell extension 'powershell' for command environment: Not usable outside of PowerShell
[0.288s] DEBUG:colcon.colcon_core.shell:Skip shell extension 'dsv' for command environment
[0.292s] INFO:colcon.colcon_ros.task.ament_python.build:Building ROS package in '/home/joel-jebitto/ROS_workspace/src/my_py_pkg' with build type 'ament_python'
[0.292s] Level 1:colcon.colcon_core.shell:create_environment_hook('my_py_pkg', 'ament_prefix_path')
[0.293s] INFO:colcon.colcon_core.shell:Creating environment hook '/home/joel-jebitto/ROS_workspace/install/my_py_pkg/share/my_py_pkg/hook/ament_prefix_path.ps1'
[0.294s] INFO:colcon.colcon_core.shell:Creating environment descriptor '/home/joel-jebitto/ROS_workspace/install/my_py_pkg/share/my_py_pkg/hook/ament_prefix_path.dsv'
[0.295s] INFO:colcon.colcon_core.shell:Creating environment hook '/home/joel-jebitto/ROS_workspace/install/my_py_pkg/share/my_py_pkg/hook/ament_prefix_path.sh'
[0.296s] INFO:colcon.colcon_core.shell:Skip shell extension 'powershell' for command environment: Not usable outside of PowerShell
[0.296s] DEBUG:colcon.colcon_core.shell:Skip shell extension 'dsv' for command environment
[0.308s] DEBUG:colcon.colcon_core.event_handler.log_command:Invoking command in '/home/joel-jebitto/ROS_workspace/build/my_robot_interface': CMAKE_PREFIX_PATH=${CMAKE_PREFIX_PATH}:/home/joel-jebitto/ROS_workspace/install/my_py_pkg:/opt/ros/jazzy DEBUGINFOD_URLS=https://debuginfod.ubuntu.com /usr/bin/cmake --build /home/joel-jebitto/ROS_workspace/build/my_robot_interface -- -j8 -l8
[0.675s] INFO:colcon.colcon_core.task.python.build:Building Python package in '/home/joel-jebitto/ROS_workspace/src/my_py_pkg'
[0.675s] INFO:colcon.colcon_core.shell:Skip shell extension 'powershell' for command environment: Not usable outside of PowerShell
[0.675s] DEBUG:colcon.colcon_core.shell:Skip shell extension 'dsv' for command environment
[0.888s] DEBUG:colcon.colcon_core.event_handler.log_command:Invoked command in '/home/joel-jebitto/ROS_workspace/build/my_robot_interface' returned '0': CMAKE_PREFIX_PATH=${CMAKE_PREFIX_PATH}:/home/joel-jebitto/ROS_workspace/install/my_py_pkg:/opt/ros/jazzy DEBUGINFOD_URLS=https://debuginfod.ubuntu.com /usr/bin/cmake --build /home/joel-jebitto/ROS_workspace/build/my_robot_interface -- -j8 -l8
[0.902s] DEBUG:colcon.colcon_core.event_handler.log_command:Invoking command in '/home/joel-jebitto/ROS_workspace/build/my_robot_interface': CMAKE_PREFIX_PATH=${CMAKE_PREFIX_PATH}:/home/joel-jebitto/ROS_workspace/install/my_py_pkg:/opt/ros/jazzy DEBUGINFOD_URLS=https://debuginfod.ubuntu.com /usr/bin/cmake --install /home/joel-jebitto/ROS_workspace/build/my_robot_interface
[0.971s] Level 1:colcon.colcon_core.environment:create_environment_scripts_only(my_robot_interface)
[0.971s] DEBUG:colcon.colcon_core.event_handler.log_command:Invoked command in '/home/joel-jebitto/ROS_workspace/build/my_robot_interface' returned '0': CMAKE_PREFIX_PATH=${CMAKE_PREFIX_PATH}:/home/joel-jebitto/ROS_workspace/install/my_py_pkg:/opt/ros/jazzy DEBUGINFOD_URLS=https://debuginfod.ubuntu.com /usr/bin/cmake --install /home/joel-jebitto/ROS_workspace/build/my_robot_interface
[0.973s] Level 1:colcon.colcon_core.environment:checking '/home/joel-jebitto/ROS_workspace/install/my_robot_interface' for CMake module files
[0.974s] Level 1:colcon.colcon_core.environment:checking '/home/joel-jebitto/ROS_workspace/install/my_robot_interface' for CMake config files
[0.974s] Level 1:colcon.colcon_core.shell:create_environment_hook('my_robot_interface', 'cmake_prefix_path')
[0.974s] INFO:colcon.colcon_core.shell:Creating environment hook '/home/joel-jebitto/ROS_workspace/install/my_robot_interface/share/my_robot_interface/hook/cmake_prefix_path.ps1'
[0.975s] INFO:colcon.colcon_core.shell:Creating environment descriptor '/home/joel-jebitto/ROS_workspace/install/my_robot_interface/share/my_robot_interface/hook/cmake_prefix_path.dsv'
[0.975s] INFO:colcon.colcon_core.shell:Creating environment hook '/home/joel-jebitto/ROS_workspace/install/my_robot_interface/share/my_robot_interface/hook/cmake_prefix_path.sh'
[0.976s] Level 1:colcon.colcon_core.environment:checking '/home/joel-jebitto/ROS_workspace/install/my_robot_interface/lib'
[0.976s] Level 1:colcon.colcon_core.shell:create_environment_hook('my_robot_interface', 'ld_library_path_lib')
[0.976s] INFO:colcon.colcon_core.shell:Creating environment hook '/home/joel-jebitto/ROS_workspace/install/my_robot_interface/share/my_robot_interface/hook/ld_library_path_lib.ps1'
[0.976s] INFO:colcon.colcon_core.shell:Creating environment descriptor '/home/joel-jebitto/ROS_workspace/install/my_robot_interface/share/my_robot_interface/hook/ld_library_path_lib.dsv'
[0.976s] INFO:colcon.colcon_core.shell:Creating environment hook '/home/joel-jebitto/ROS_workspace/install/my_robot_interface/share/my_robot_interface/hook/ld_library_path_lib.sh'
[0.977s] Level 1:colcon.colcon_core.environment:checking '/home/joel-jebitto/ROS_workspace/install/my_robot_interface/bin'
[0.977s] Level 1:colcon.colcon_core.environment:checking '/home/joel-jebitto/ROS_workspace/install/my_robot_interface/lib/pkgconfig/my_robot_interface.pc'
[0.977s] Level 1:colcon.colcon_core.environment:checking '/home/joel-jebitto/ROS_workspace/install/my_robot_interface/lib/python3.12/site-packages'
[0.977s] Level 1:colcon.colcon_core.shell:create_environment_hook('my_robot_interface', 'pythonpath')
[0.977s] INFO:colcon.colcon_core.shell:Creating environment hook '/home/joel-jebitto/ROS_workspace/install/my_robot_interface/share/my_robot_interface/hook/pythonpath.ps1'
[0.978s] INFO:colcon.colcon_core.shell:Creating environment descriptor '/home/joel-jebitto/ROS_workspace/install/my_robot_interface/share/my_robot_interface/hook/pythonpath.dsv'
[0.978s] INFO:colcon.colcon_core.shell:Creating environment hook '/home/joel-jebitto/ROS_workspace/install/my_robot_interface/share/my_robot_interface/hook/pythonpath.sh'
[0.978s] Level 1:colcon.colcon_core.environment:checking '/home/joel-jebitto/ROS_workspace/install/my_robot_interface/bin'
[0.979s] INFO:colcon.colcon_core.shell:Creating package script '/home/joel-jebitto/ROS_workspace/install/my_robot_interface/share/my_robot_interface/package.ps1'
[0.980s] INFO:colcon.colcon_core.shell:Creating package descriptor '/home/joel-jebitto/ROS_workspace/install/my_robot_interface/share/my_robot_interface/package.dsv'
[0.980s] INFO:colcon.colcon_core.shell:Creating package script '/home/joel-jebitto/ROS_workspace/install/my_robot_interface/share/my_robot_interface/package.sh'
[0.981s] INFO:colcon.colcon_core.shell:Creating package script '/home/joel-jebitto/ROS_workspace/install/my_robot_interface/share/my_robot_interface/package.bash'
[0.981s] INFO:colcon.colcon_core.shell:Creating package script '/home/joel-jebitto/ROS_workspace/install/my_robot_interface/share/my_robot_interface/package.zsh'
[0.982s] Level 1:colcon.colcon_core.environment:create_file_with_runtime_dependencies(/home/joel-jebitto/ROS_workspace/install/my_robot_interface/share/colcon-core/packages/my_robot_interface)
[0.982s] Level 1:colcon.colcon_core.environment:create_environment_scripts_only(my_robot_interface)
[0.982s] Level 1:colcon.colcon_core.environment:checking '/home/joel-jebitto/ROS_workspace/install/my_robot_interface' for CMake module files
[0.983s] Level 1:colcon.colcon_core.environment:checking '/home/joel-jebitto/ROS_workspace/install/my_robot_interface' for CMake config files
[0.983s] Level 1:colcon.colcon_core.shell:create_environment_hook('my_robot_interface', 'cmake_prefix_path')
[0.983s] INFO:colcon.colcon_core.shell:Creating environment hook '/home/joel-jebitto/ROS_workspace/install/my_robot_interface/share/my_robot_interface/hook/cmake_prefix_path.ps1'
[0.983s] INFO:colcon.colcon_core.shell:Creating environment descriptor '/home/joel-jebitto/ROS_workspace/install/my_robot_interface/share/my_robot_interface/hook/cmake_prefix_path.dsv'
[0.984s] INFO:colcon.colcon_core.shell:Creating environment hook '/home/joel-jebitto/ROS_workspace/install/my_robot_interface/share/my_robot_interface/hook/cmake_prefix_path.sh'
[0.984s] Level 1:colcon.colcon_core.environment:checking '/home/joel-jebitto/ROS_workspace/install/my_robot_interface/lib'
[0.984s] Level 1:colcon.colcon_core.shell:create_environment_hook('my_robot_interface', 'ld_library_path_lib')
[0.984s] INFO:colcon.colcon_core.shell:Creating environment hook '/home/joel-jebitto/ROS_workspace/install/my_robot_interface/share/my_robot_interface/hook/ld_library_path_lib.ps1'
[0.984s] INFO:colcon.colcon_core.shell:Creating environment descriptor '/home/joel-jebitto/ROS_workspace/install/my_robot_interface/share/my_robot_interface/hook/ld_library_path_lib.dsv'
[0.985s] INFO:colcon.colcon_core.shell:Creating environment hook '/home/joel-jebitto/ROS_workspace/install/my_robot_interface/share/my_robot_interface/hook/ld_library_path_lib.sh'
[0.985s] Level 1:colcon.colcon_core.environment:checking '/home/joel-jebitto/ROS_workspace/install/my_robot_interface/bin'
[0.985s] Level 1:colcon.colcon_core.environment:checking '/home/joel-jebitto/ROS_workspace/install/my_robot_interface/lib/pkgconfig/my_robot_interface.pc'
[0.986s] Level 1:colcon.colcon_core.environment:checking '/home/joel-jebitto/ROS_workspace/install/my_robot_interface/lib/python3.12/site-packages'
[0.986s] Level 1:colcon.colcon_core.shell:create_environment_hook('my_robot_interface', 'pythonpath')
[0.986s] INFO:colcon.colcon_core.shell:Creating environment hook '/home/joel-jebitto/ROS_workspace/install/my_robot_interface/share/my_robot_interface/hook/pythonpath.ps1'
[0.986s] INFO:colcon.colcon_core.shell:Creating environment descriptor '/home/joel-jebitto/ROS_workspace/install/my_robot_interface/share/my_robot_interface/hook/pythonpath.dsv'
[0.987s] INFO:colcon.colcon_core.shell:Creating environment hook '/home/joel-jebitto/ROS_workspace/install/my_robot_interface/share/my_robot_interface/hook/pythonpath.sh'
[0.988s] Level 1:colcon.colcon_core.environment:checking '/home/joel-jebitto/ROS_workspace/install/my_robot_interface/bin'
[0.988s] INFO:colcon.colcon_core.shell:Creating package script '/home/joel-jebitto/ROS_workspace/install/my_robot_interface/share/my_robot_interface/package.ps1'
[0.989s] INFO:colcon.colcon_core.shell:Creating package descriptor '/home/joel-jebitto/ROS_workspace/install/my_robot_interface/share/my_robot_interface/package.dsv'
[0.989s] INFO:colcon.colcon_core.shell:Creating package script '/home/joel-jebitto/ROS_workspace/install/my_robot_interface/share/my_robot_interface/package.sh'
[0.989s] INFO:colcon.colcon_core.shell:Creating package script '/home/joel-jebitto/ROS_workspace/install/my_robot_interface/share/my_robot_interface/package.bash'
[0.990s] INFO:colcon.colcon_core.shell:Creating package script '/home/joel-jebitto/ROS_workspace/install/my_robot_interface/share/my_robot_interface/package.zsh'
[0.990s] Level 1:colcon.colcon_core.environment:create_file_with_runtime_dependencies(/home/joel-jebitto/ROS_workspace/install/my_robot_interface/share/colcon-core/packages/my_robot_interface)
[0.991s] INFO:colcon.colcon_ros.task.ament_cmake.build:Building ROS package in '/home/joel-jebitto/ROS_workspace/src/cpp_pubsub' with build type 'ament_cmake'
[0.991s] INFO:colcon.colcon_cmake.task.cmake.build:Building CMake package in '/home/joel-jebitto/ROS_workspace/src/cpp_pubsub'
[0.991s] INFO:colcon.colcon_core.shell:Skip shell extension 'powershell' for command environment: Not usable outside of PowerShell
[0.991s] DEBUG:colcon.colcon_core.shell:Skip shell extension 'dsv' for command environment
[1.003s] DEBUG:colcon.colcon_core.event_handler.log_command:Invoking command in '/home/joel-jebitto/ROS_workspace/build/cpp_pubsub': CMAKE_PREFIX_PATH=/home/joel-jebitto/ROS_workspace/install/my_robot_interface:/home/joel-jebitto/ROS_workspace/install/my_robot_bringup:/home/joel-jebitto/ROS_workspace/install/cpp_pubsub:/opt/ros/jazzy/opt/gz_math_vendor:/opt/ros/jazzy/opt/gz_utils_vendor:/opt/ros/jazzy/opt/gz_cmake_vendor:/opt/ros/jazzy/:/opt/ros/jazzy/:/opt/ros/jazzy/:/home/joel-jebitto/ROS_workspace/install/my_py_pkg:/opt/ros/jazzy DEBUGINFOD_URLS=https://debuginfod.ubuntu.com /usr/bin/cmake --build /home/joel-jebitto/ROS_workspace/build/cpp_pubsub -- -j8 -l8
[1.023s] DEBUG:colcon.colcon_core.event_handler.log_command:Invoked command in '/home/joel-jebitto/ROS_workspace/build/cpp_pubsub' returned '0': CMAKE_PREFIX_PATH=/home/joel-jebitto/ROS_workspace/install/my_robot_interface:/home/joel-jebitto/ROS_workspace/install/my_robot_bringup:/home/joel-jebitto/ROS_workspace/install/cpp_pubsub:/opt/ros/jazzy/opt/gz_math_vendor:/opt/ros/jazzy/opt/gz_utils_vendor:/opt/ros/jazzy/opt/gz_cmake_vendor:/opt/ros/jazzy/:/opt/ros/jazzy/:/opt/ros/jazzy/:/home/joel-jebitto/ROS_workspace/install/my_py_pkg:/opt/ros/jazzy DEBUGINFOD_URLS=https://debuginfod.ubuntu.com /usr/bin/cmake --build /home/joel-jebitto/ROS_workspace/build/cpp_pubsub -- -j8 -l8
[1.024s] DEBUG:colcon.colcon_core.event_handler.log_command:Invoking command in '/home/joel-jebitto/ROS_workspace/build/cpp_pubsub': CMAKE_PREFIX_PATH=/home/joel-jebitto/ROS_workspace/install/my_robot_interface:/home/joel-jebitto/ROS_workspace/install/my_robot_bringup:/home/joel-jebitto/ROS_workspace/install/cpp_pubsub:/opt/ros/jazzy/opt/gz_math_vendor:/opt/ros/jazzy/opt/gz_utils_vendor:/opt/ros/jazzy/opt/gz_cmake_vendor:/opt/ros/jazzy/:/opt/ros/jazzy/:/opt/ros/jazzy/:/home/joel-jebitto/ROS_workspace/install/my_py_pkg:/opt/ros/jazzy DEBUGINFOD_URLS=https://debuginfod.ubuntu.com /usr/bin/cmake --install /home/joel-jebitto/ROS_workspace/build/cpp_pubsub
[1.036s] Level 1:colcon.colcon_core.environment:create_environment_scripts_only(cpp_pubsub)
[1.036s] Level 1:colcon.colcon_core.environment:checking '/home/joel-jebitto/ROS_workspace/install/cpp_pubsub' for CMake module files
[1.036s] DEBUG:colcon.colcon_core.event_handler.log_command:Invoked command in '/home/joel-jebitto/ROS_workspace/build/cpp_pubsub' returned '0': CMAKE_PREFIX_PATH=/home/joel-jebitto/ROS_workspace/install/my_robot_interface:/home/joel-jebitto/ROS_workspace/install/my_robot_bringup:/home/joel-jebitto/ROS_workspace/install/cpp_pubsub:/opt/ros/jazzy/opt/gz_math_vendor:/opt/ros/jazzy/opt/gz_utils_vendor:/opt/ros/jazzy/opt/gz_cmake_vendor:/opt/ros/jazzy/:/opt/ros/jazzy/:/opt/ros/jazzy/:/home/joel-jebitto/ROS_workspace/install/my_py_pkg:/opt/ros/jazzy DEBUGINFOD_URLS=https://debuginfod.ubuntu.com /usr/bin/cmake --install /home/joel-jebitto/ROS_workspace/build/cpp_pubsub
[1.037s] Level 1:colcon.colcon_core.environment:checking '/home/joel-jebitto/ROS_workspace/install/cpp_pubsub' for CMake config files
[1.037s] Level 1:colcon.colcon_core.shell:create_environment_hook('cpp_pubsub', 'cmake_prefix_path')
[1.037s] INFO:colcon.colcon_core.shell:Creating environment hook '/home/joel-jebitto/ROS_workspace/install/cpp_pubsub/share/cpp_pubsub/hook/cmake_prefix_path.ps1'
[1.037s] INFO:colcon.colcon_core.shell:Creating environment descriptor '/home/joel-jebitto/ROS_workspace/install/cpp_pubsub/share/cpp_pubsub/hook/cmake_prefix_path.dsv'
[1.038s] INFO:colcon.colcon_core.shell:Creating environment hook '/home/joel-jebitto/ROS_workspace/install/cpp_pubsub/share/cpp_pubsub/hook/cmake_prefix_path.sh'
[1.038s] Level 1:colcon.colcon_core.environment:checking '/home/joel-jebitto/ROS_workspace/install/cpp_pubsub/lib'
[1.038s] Level 1:colcon.colcon_core.environment:checking '/home/joel-jebitto/ROS_workspace/install/cpp_pubsub/bin'
[1.038s] Level 1:colcon.colcon_core.environment:checking '/home/joel-jebitto/ROS_workspace/install/cpp_pubsub/lib/pkgconfig/cpp_pubsub.pc'
[1.039s] Level 1:colcon.colcon_core.environment:checking '/home/joel-jebitto/ROS_workspace/install/cpp_pubsub/lib/python3.12/site-packages'
[1.039s] Level 1:colcon.colcon_core.environment:checking '/home/joel-jebitto/ROS_workspace/install/cpp_pubsub/bin'
[1.039s] INFO:colcon.colcon_core.shell:Creating package script '/home/joel-jebitto/ROS_workspace/install/cpp_pubsub/share/cpp_pubsub/package.ps1'
[1.039s] INFO:colcon.colcon_core.shell:Creating package descriptor '/home/joel-jebitto/ROS_workspace/install/cpp_pubsub/share/cpp_pubsub/package.dsv'
[1.040s] INFO:colcon.colcon_core.shell:Creating package script '/home/joel-jebitto/ROS_workspace/install/cpp_pubsub/share/cpp_pubsub/package.sh'
[1.040s] INFO:colcon.colcon_core.shell:Creating package script '/home/joel-jebitto/ROS_workspace/install/cpp_pubsub/share/cpp_pubsub/package.bash'
[1.040s] INFO:colcon.colcon_core.shell:Creating package script '/home/joel-jebitto/ROS_workspace/install/cpp_pubsub/share/cpp_pubsub/package.zsh'
[1.041s] Level 1:colcon.colcon_core.environment:create_file_with_runtime_dependencies(/home/joel-jebitto/ROS_workspace/install/cpp_pubsub/share/colcon-core/packages/cpp_pubsub)
[1.041s] Level 1:colcon.colcon_core.environment:create_environment_scripts_only(cpp_pubsub)
[1.041s] Level 1:colcon.colcon_core.environment:checking '/home/joel-jebitto/ROS_workspace/install/cpp_pubsub' for CMake module files
[1.042s] Level 1:colcon.colcon_core.environment:checking '/home/joel-jebitto/ROS_workspace/install/cpp_pubsub' for CMake config files
[1.042s] Level 1:colcon.colcon_core.shell:create_environment_hook('cpp_pubsub', 'cmake_prefix_path')
[1.042s] INFO:colcon.colcon_core.shell:Creating environment hook '/home/joel-jebitto/ROS_workspace/install/cpp_pubsub/share/cpp_pubsub/hook/cmake_prefix_path.ps1'
[1.042s] INFO:colcon.colcon_core.shell:Creating environment descriptor '/home/joel-jebitto/ROS_workspace/install/cpp_pubsub/share/cpp_pubsub/hook/cmake_prefix_path.dsv'
[1.042s] INFO:colcon.colcon_core.shell:Creating environment hook '/home/joel-jebitto/ROS_workspace/install/cpp_pubsub/share/cpp_pubsub/hook/cmake_prefix_path.sh'
[1.043s] Level 1:colcon.colcon_core.environment:checking '/home/joel-jebitto/ROS_workspace/install/cpp_pubsub/lib'
[1.043s] Level 1:colcon.colcon_core.environment:checking '/home/joel-jebitto/ROS_workspace/install/cpp_pubsub/bin'
[1.043s] Level 1:colcon.colcon_core.environment:checking '/home/joel-jebitto/ROS_workspace/install/cpp_pubsub/lib/pkgconfig/cpp_pubsub.pc'
[1.043s] Level 1:colcon.colcon_core.environment:checking '/home/joel-jebitto/ROS_workspace/install/cpp_pubsub/lib/python3.12/site-packages'
[1.043s] Level 1:colcon.colcon_core.environment:checking '/home/joel-jebitto/ROS_workspace/install/cpp_pubsub/bin'
[1.044s] INFO:colcon.colcon_core.shell:Creating package script '/home/joel-jebitto/ROS_workspace/install/cpp_pubsub/share/cpp_pubsub/package.ps1'
[1.044s] INFO:colcon.colcon_core.shell:Creating package descriptor '/home/joel-jebitto/ROS_workspace/install/cpp_pubsub/share/cpp_pubsub/package.dsv'
[1.044s] INFO:colcon.colcon_core.shell:Creating package script '/home/joel-jebitto/ROS_workspace/install/cpp_pubsub/share/cpp_pubsub/package.sh'
[1.045s] INFO:colcon.colcon_core.shell:Creating package script '/home/joel-jebitto/ROS_workspace/install/cpp_pubsub/share/cpp_pubsub/package.bash'
[1.045s] INFO:colcon.colcon_core.shell:Creating package script '/home/joel-jebitto/ROS_workspace/install/cpp_pubsub/share/cpp_pubsub/package.zsh'
[1.045s] Level 1:colcon.colcon_core.environment:create_file_with_runtime_dependencies(/home/joel-jebitto/ROS_workspace/install/cpp_pubsub/share/colcon-core/packages/cpp_pubsub)
[1.046s] INFO:colcon.colcon_ros.task.ament_cmake.build:Building ROS package in '/home/joel-jebitto/ROS_workspace/src/my_robot_bringup' with build type 'ament_cmake'
[1.046s] INFO:colcon.colcon_cmake.task.cmake.build:Building CMake package in '/home/joel-jebitto/ROS_workspace/src/my_robot_bringup'
[1.046s] INFO:colcon.colcon_core.shell:Skip shell extension 'powershell' for command environment: Not usable outside of PowerShell
[1.046s] DEBUG:colcon.colcon_core.shell:Skip shell extension 'dsv' for command environment
[1.062s] DEBUG:colcon.colcon_core.event_handler.log_command:Invoking command in '/home/joel-jebitto/ROS_workspace/build/my_robot_bringup': CMAKE_PREFIX_PATH=/home/joel-jebitto/ROS_workspace/install/cpp_pubsub:/home/joel-jebitto/ROS_workspace/install/my_robot_interface:/home/joel-jebitto/ROS_workspace/install/my_robot_bringup:/opt/ros/jazzy/opt/gz_math_vendor:/opt/ros/jazzy/opt/gz_utils_vendor:/opt/ros/jazzy/opt/gz_cmake_vendor:/opt/ros/jazzy/:/opt/ros/jazzy/:/opt/ros/jazzy/:/home/joel-jebitto/ROS_workspace/install/my_py_pkg:/opt/ros/jazzy DEBUGINFOD_URLS=https://debuginfod.ubuntu.com /usr/bin/cmake --build /home/joel-jebitto/ROS_workspace/build/my_robot_bringup -- -j8 -l8
[1.104s] DEBUG:colcon.colcon_core.event_handler.log_command:Invoked command in '/home/joel-jebitto/ROS_workspace/build/my_robot_bringup' returned '0': CMAKE_PREFIX_PATH=/home/joel-jebitto/ROS_workspace/install/cpp_pubsub:/home/joel-jebitto/ROS_workspace/install/my_robot_interface:/home/joel-jebitto/ROS_workspace/install/my_robot_bringup:/opt/ros/jazzy/opt/gz_math_vendor:/opt/ros/jazzy/opt/gz_utils_vendor:/opt/ros/jazzy/opt/gz_cmake_vendor:/opt/ros/jazzy/:/opt/ros/jazzy/:/opt/ros/jazzy/:/home/joel-jebitto/ROS_workspace/install/my_py_pkg:/opt/ros/jazzy DEBUGINFOD_URLS=https://debuginfod.ubuntu.com /usr/bin/cmake --build /home/joel-jebitto/ROS_workspace/build/my_robot_bringup -- -j8 -l8
[1.106s] DEBUG:colcon.colcon_core.event_handler.log_command:Invoking command in '/home/joel-jebitto/ROS_workspace/build/my_robot_bringup': CMAKE_PREFIX_PATH=/home/joel-jebitto/ROS_workspace/install/cpp_pubsub:/home/joel-jebitto/ROS_workspace/install/my_robot_interface:/home/joel-jebitto/ROS_workspace/install/my_robot_bringup:/opt/ros/jazzy/opt/gz_math_vendor:/opt/ros/jazzy/opt/gz_utils_vendor:/opt/ros/jazzy/opt/gz_cmake_vendor:/opt/ros/jazzy/:/opt/ros/jazzy/:/opt/ros/jazzy/:/home/joel-jebitto/ROS_workspace/install/my_py_pkg:/opt/ros/jazzy DEBUGINFOD_URLS=https://debuginfod.ubuntu.com /usr/bin/cmake --install /home/joel-jebitto/ROS_workspace/build/my_robot_bringup
[1.119s] Level 1:colcon.colcon_core.environment:create_environment_scripts_only(my_robot_bringup)
[1.120s] Level 1:colcon.colcon_core.environment:checking '/home/joel-jebitto/ROS_workspace/install/my_robot_bringup' for CMake module files
[1.120s] DEBUG:colcon.colcon_core.event_handler.log_command:Invoked command in '/home/joel-jebitto/ROS_workspace/build/my_robot_bringup' returned '0': CMAKE_PREFIX_PATH=/home/joel-jebitto/ROS_workspace/install/cpp_pubsub:/home/joel-jebitto/ROS_workspace/install/my_robot_interface:/home/joel-jebitto/ROS_workspace/install/my_robot_bringup:/opt/ros/jazzy/opt/gz_math_vendor:/opt/ros/jazzy/opt/gz_utils_vendor:/opt/ros/jazzy/opt/gz_cmake_vendor:/opt/ros/jazzy/:/opt/ros/jazzy/:/opt/ros/jazzy/:/home/joel-jebitto/ROS_workspace/install/my_py_pkg:/opt/ros/jazzy DEBUGINFOD_URLS=https://debuginfod.ubuntu.com /usr/bin/cmake --install /home/joel-jebitto/ROS_workspace/build/my_robot_bringup
[1.120s] Level 1:colcon.colcon_core.environment:checking '/home/joel-jebitto/ROS_workspace/install/my_robot_bringup' for CMake config files
[1.121s] Level 1:colcon.colcon_core.shell:create_environment_hook('my_robot_bringup', 'cmake_prefix_path')
[1.121s] INFO:colcon.colcon_core.shell:Creating environment hook '/home/joel-jebitto/ROS_workspace/install/my_robot_bringup/share/my_robot_bringup/hook/cmake_prefix_path.ps1'
[1.121s] INFO:colcon.colcon_core.shell:Creating environment descriptor '/home/joel-jebitto/ROS_workspace/install/my_robot_bringup/share/my_robot_bringup/hook/cmake_prefix_path.dsv'
[1.122s] INFO:colcon.colcon_core.shell:Creating environment hook '/home/joel-jebitto/ROS_workspace/install/my_robot_bringup/share/my_robot_bringup/hook/cmake_prefix_path.sh'
[1.122s] Level 1:colcon.colcon_core.environment:checking '/home/joel-jebitto/ROS_workspace/install/my_robot_bringup/bin'
[1.122s] Level 1:colcon.colcon_core.environment:checking '/home/joel-jebitto/ROS_workspace/install/my_robot_bringup/lib/pkgconfig/my_robot_bringup.pc'
[1.122s] Level 1:colcon.colcon_core.environment:checking '/home/joel-jebitto/ROS_workspace/install/my_robot_bringup/lib/python3.12/site-packages'
[1.123s] Level 1:colcon.colcon_core.environment:checking '/home/joel-jebitto/ROS_workspace/install/my_robot_bringup/bin'
[1.123s] INFO:colcon.colcon_core.shell:Creating package script '/home/joel-jebitto/ROS_workspace/install/my_robot_bringup/share/my_robot_bringup/package.ps1'
[1.123s] INFO:colcon.colcon_core.shell:Creating package descriptor '/home/joel-jebitto/ROS_workspace/install/my_robot_bringup/share/my_robot_bringup/package.dsv'
[1.124s] INFO:colcon.colcon_core.shell:Creating package script '/home/joel-jebitto/ROS_workspace/install/my_robot_bringup/share/my_robot_bringup/package.sh'
[1.124s] INFO:colcon.colcon_core.shell:Creating package script '/home/joel-jebitto/ROS_workspace/install/my_robot_bringup/share/my_robot_bringup/package.bash'
[1.124s] INFO:colcon.colcon_core.shell:Creating package script '/home/joel-jebitto/ROS_workspace/install/my_robot_bringup/share/my_robot_bringup/package.zsh'
[1.125s] Level 1:colcon.colcon_core.environment:create_file_with_runtime_dependencies(/home/joel-jebitto/ROS_workspace/install/my_robot_bringup/share/colcon-core/packages/my_robot_bringup)
[1.125s] Level 1:colcon.colcon_core.environment:create_environment_scripts_only(my_robot_bringup)
[1.125s] Level 1:colcon.colcon_core.environment:checking '/home/joel-jebitto/ROS_workspace/install/my_robot_bringup' for CMake module files
[1.126s] Level 1:colcon.colcon_core.environment:checking '/home/joel-jebitto/ROS_workspace/install/my_robot_bringup' for CMake config files
[1.126s] Level 1:colcon.colcon_core.shell:create_environment_hook('my_robot_bringup', 'cmake_prefix_path')
[1.126s] INFO:colcon.colcon_core.shell:Creating environment hook '/home/joel-jebitto/ROS_workspace/install/my_robot_bringup/share/my_robot_bringup/hook/cmake_prefix_path.ps1'
[1.126s] INFO:colcon.colcon_core.shell:Creating environment descriptor '/home/joel-jebitto/ROS_workspace/install/my_robot_bringup/share/my_robot_bringup/hook/cmake_prefix_path.dsv'
[1.126s] INFO:colcon.colcon_core.shell:Creating environment hook '/home/joel-jebitto/ROS_workspace/install/my_robot_bringup/share/my_robot_bringup/hook/cmake_prefix_path.sh'
[1.127s] Level 1:colcon.colcon_core.environment:checking '/home/joel-jebitto/ROS_workspace/install/my_robot_bringup/bin'
[1.127s] Level 1:colcon.colcon_core.environment:checking '/home/joel-jebitto/ROS_workspace/install/my_robot_bringup/lib/pkgconfig/my_robot_bringup.pc'
[1.127s] Level 1:colcon.colcon_core.environment:checking '/home/joel-jebitto/ROS_workspace/install/my_robot_bringup/lib/python3.12/site-packages'
[1.127s] Level 1:colcon.colcon_core.environment:checking '/home/joel-jebitto/ROS_workspace/install/my_robot_bringup/bin'
[1.127s] INFO:colcon.colcon_core.shell:Creating package script '/home/joel-jebitto/ROS_workspace/install/my_robot_bringup/share/my_robot_bringup/package.ps1'
[1.128s] INFO:colcon.colcon_core.shell:Creating package descriptor '/home/joel-jebitto/ROS_workspace/install/my_robot_bringup/share/my_robot_bringup/package.dsv'
[1.128s] INFO:colcon.colcon_core.shell:Creating package script '/home/joel-jebitto/ROS_workspace/install/my_robot_bringup/share/my_robot_bringup/package.sh'
[1.129s] INFO:colcon.colcon_core.shell:Creating package script '/home/joel-jebitto/ROS_workspace/install/my_robot_bringup/share/my_robot_bringup/package.bash'
[1.129s] INFO:colcon.colcon_core.shell:Creating package script '/home/joel-jebitto/ROS_workspace/install/my_robot_bringup/share/my_robot_bringup/package.zsh'
[1.129s] Level 1:colcon.colcon_core.environment:create_file_with_runtime_dependencies(/home/joel-jebitto/ROS_workspace/install/my_robot_bringup/share/colcon-core/packages/my_robot_bringup)
[1.349s] DEBUG:colcon.colcon_core.event_handler.log_command:Invoking command in '/home/joel-jebitto/ROS_workspace/src/my_py_pkg': DEBUGINFOD_URLS=https://debuginfod.ubuntu.com PYTHONPATH=/home/joel-jebitto/ROS_workspace/build/my_py_pkg/prefix_override:/usr/lib/python3/dist-packages/colcon_core/task/python/colcon_distutils_commands:/home/joel-jebitto/ROS_workspace/install/my_py_pkg/lib/python3.12/site-packages:${PYTHONPATH} /usr/bin/python3 -W ignore:setup.py install is deprecated -W ignore:easy_install command is deprecated setup.py egg_info --egg-base ../../build/my_py_pkg build --build-base /home/joel-jebitto/ROS_workspace/build/my_py_pkg/build install --record /home/joel-jebitto/ROS_workspace/build/my_py_pkg/install.log --single-version-externally-managed install_data
[1.931s] Level 1:colcon.colcon_core.environment:checking '/home/joel-jebitto/ROS_workspace/install/my_py_pkg' for CMake module files
[1.931s] DEBUG:colcon.colcon_core.event_handler.log_command:Invoked command in '/home/joel-jebitto/ROS_workspace/src/my_py_pkg' returned '0': DEBUGINFOD_URLS=https://debuginfod.ubuntu.com PYTHONPATH=/home/joel-jebitto/ROS_workspace/build/my_py_pkg/prefix_override:/usr/lib/python3/dist-packages/colcon_core/task/python/colcon_distutils_commands:/home/joel-jebitto/ROS_workspace/install/my_py_pkg/lib/python3.12/site-packages:${PYTHONPATH} /usr/bin/python3 -W ignore:setup.py install is deprecated -W ignore:easy_install command is deprecated setup.py egg_info --egg-base ../../build/my_py_pkg build --build-base /home/joel-jebitto/ROS_workspace/build/my_py_pkg/build install --record /home/joel-jebitto/ROS_workspace/build/my_py_pkg/install.log --single-version-externally-managed install_data
[1.931s] Level 1:colcon.colcon_core.environment:checking '/home/joel-jebitto/ROS_workspace/install/my_py_pkg' for CMake config files
[1.932s] Level 1:colcon.colcon_core.environment:checking '/home/joel-jebitto/ROS_workspace/install/my_py_pkg/lib'
[1.932s] Level 1:colcon.colcon_core.environment:checking '/home/joel-jebitto/ROS_workspace/install/my_py_pkg/bin'
[1.932s] Level 1:colcon.colcon_core.environment:checking '/home/joel-jebitto/ROS_workspace/install/my_py_pkg/lib/pkgconfig/my_py_pkg.pc'
[1.932s] Level 1:colcon.colcon_core.environment:checking '/home/joel-jebitto/ROS_workspace/install/my_py_pkg/lib/python3.12/site-packages'
[1.932s] Level 1:colcon.colcon_core.shell:create_environment_hook('my_py_pkg', 'pythonpath')
[1.932s] INFO:colcon.colcon_core.shell:Creating environment hook '/home/joel-jebitto/ROS_workspace/install/my_py_pkg/share/my_py_pkg/hook/pythonpath.ps1'
[1.933s] INFO:colcon.colcon_core.shell:Creating environment descriptor '/home/joel-jebitto/ROS_workspace/install/my_py_pkg/share/my_py_pkg/hook/pythonpath.dsv'
[1.933s] INFO:colcon.colcon_core.shell:Creating environment hook '/home/joel-jebitto/ROS_workspace/install/my_py_pkg/share/my_py_pkg/hook/pythonpath.sh'
[1.933s] Level 1:colcon.colcon_core.environment:checking '/home/joel-jebitto/ROS_workspace/install/my_py_pkg/bin'
[1.934s] Level 1:colcon.colcon_core.environment:create_environment_scripts_only(my_py_pkg)
[1.934s] INFO:colcon.colcon_core.shell:Creating package script '/home/joel-jebitto/ROS_workspace/install/my_py_pkg/share/my_py_pkg/package.ps1'
[1.934s] INFO:colcon.colcon_core.shell:Creating package descriptor '/home/joel-jebitto/ROS_workspace/install/my_py_pkg/share/my_py_pkg/package.dsv'
[1.934s] INFO:colcon.colcon_core.shell:Creating package script '/home/joel-jebitto/ROS_workspace/install/my_py_pkg/share/my_py_pkg/package.sh'
[1.935s] INFO:colcon.colcon_core.shell:Creating package script '/home/joel-jebitto/ROS_workspace/install/my_py_pkg/share/my_py_pkg/package.bash'
[1.935s] INFO:colcon.colcon_core.shell:Creating package script '/home/joel-jebitto/ROS_workspace/install/my_py_pkg/share/my_py_pkg/package.zsh'
[1.935s] Level 1:colcon.colcon_core.environment:create_file_with_runtime_dependencies(/home/joel-jebitto/ROS_workspace/install/my_py_pkg/share/colcon-core/packages/my_py_pkg)
[1.935s] DEBUG:colcon.colcon_parallel_executor.executor.parallel:closing loop
[1.936s] DEBUG:colcon.colcon_parallel_executor.executor.parallel:loop closed
[1.936s] DEBUG:colcon.colcon_parallel_executor.executor.parallel:run_until_complete finished with '0'
[1.936s] DEBUG:colcon.colcon_core.event_reactor:joining thread
[1.942s] INFO:colcon.colcon_core.plugin_system:Skipping extension 'colcon_notification.desktop_notification.terminal_notifier': Not used on non-Darwin systems
[1.942s] INFO:colcon.colcon_core.plugin_system:Skipping extension 'colcon_notification.desktop_notification.win32': Not used on non-Windows systems
[1.942s] INFO:colcon.colcon_notification.desktop_notification:Sending desktop notification using 'notify2'
[1.958s] DEBUG:colcon.colcon_core.event_reactor:joined thread
[1.958s] INFO:colcon.colcon_core.shell:Creating prefix script '/home/joel-jebitto/ROS_workspace/install/local_setup.ps1'
[1.959s] INFO:colcon.colcon_core.shell:Creating prefix util module '/home/joel-jebitto/ROS_workspace/install/_local_setup_util_ps1.py'
[1.960s] INFO:colcon.colcon_core.shell:Creating prefix chain script '/home/joel-jebitto/ROS_workspace/install/setup.ps1'
[1.962s] INFO:colcon.colcon_core.shell:Creating prefix script '/home/joel-jebitto/ROS_workspace/install/local_setup.sh'
[1.962s] INFO:colcon.colcon_core.shell:Creating prefix util module '/home/joel-jebitto/ROS_workspace/install/_local_setup_util_sh.py'
[1.963s] INFO:colcon.colcon_core.shell:Creating prefix chain script '/home/joel-jebitto/ROS_workspace/install/setup.sh'
[1.964s] INFO:colcon.colcon_core.shell:Creating prefix script '/home/joel-jebitto/ROS_workspace/install/local_setup.bash'
[1.965s] INFO:colcon.colcon_core.shell:Creating prefix chain script '/home/joel-jebitto/ROS_workspace/install/setup.bash'
[1.966s] INFO:colcon.colcon_core.shell:Creating prefix script '/home/joel-jebitto/ROS_workspace/install/local_setup.zsh'
[1.966s] INFO:colcon.colcon_core.shell:Creating prefix chain script '/home/joel-jebitto/ROS_workspace/install/setup.zsh'
