[0.304s] Invoking command in '/home/joel-jebitto/ROS_workspace/build/my_robot_interface': CMAKE_PREFIX_PATH=${CMAKE_PREFIX_PATH}:/home/joel-jebitto/ROS_workspace/install/my_py_pkg:/opt/ros/jazzy DEBUGINFOD_URLS=https://debuginfod.ubuntu.com /usr/bin/cmake /home/joel-jebitto/ROS_workspace/src/my_robot_interface -DCMAKE_EXPORT_COMPILE_COMMANDS=ON -DCMAKE_INSTALL_PREFIX=/home/joel-jebitto/ROS_workspace/install/my_robot_interface
[0.315s] -- Found ament_cmake: 2.5.4 (/opt/ros/jazzy/share/ament_cmake/cmake)
[0.345s] -- Found Python3: /usr/bin/python3 (found version "3.12.3") found components: Interpreter 
[0.477s] -- Found rosidl_default_generators: 1.6.0 (/opt/ros/jazzy/share/rosidl_default_generators/cmake)
[0.483s] -- Using all available rosidl_typesupport_c: rosidl_typesupport_fastrtps_c;rosidl_typesupport_introspection_c
[0.547s] -- Using all available rosidl_typesupport_cpp: rosidl_typesupport_fastrtps_cpp;rosidl_typesupport_introspection_cpp
[0.597s] -- Found rosidl_adapter: 4.6.5 (/opt/ros/jazzy/share/rosidl_adapter/cmake)
[0.823s] -- Found ament_cmake_ros: 0.12.0 (/opt/ros/jazzy/share/ament_cmake_ros/cmake)
[0.897s] -- Using all available rosidl_typesupport_c: rosidl_typesupport_fastrtps_c;rosidl_typesupport_introspection_c
[1.017s] -- Using all available rosidl_typesupport_cpp: rosidl_typesupport_fastrtps_cpp;rosidl_typesupport_introspection_cpp
[1.019s] -- Found python_cmake_module: 0.11.1 (/opt/ros/jazzy/share/python_cmake_module/cmake)
[1.347s] -- Found Python3: /usr/bin/python3 (found version "3.12.3") found components: Interpreter Development NumPy Development.Module Development.Embed 
[1.368s] -- Configuring done (1.1s)
[1.411s] -- Generating done (0.0s)
[1.428s] -- Build files have been written to: /home/joel-jebitto/ROS_workspace/build/my_robot_interface
[1.430s] Invoked command in '/home/joel-jebitto/ROS_workspace/build/my_robot_interface' returned '0': CMAKE_PREFIX_PATH=${CMAKE_PREFIX_PATH}:/home/joel-jebitto/ROS_workspace/install/my_py_pkg:/opt/ros/jazzy DEBUGINFOD_URLS=https://debuginfod.ubuntu.com /usr/bin/cmake /home/joel-jebitto/ROS_workspace/src/my_robot_interface -DCMAKE_EXPORT_COMPILE_COMMANDS=ON -DCMAKE_INSTALL_PREFIX=/home/joel-jebitto/ROS_workspace/install/my_robot_interface
[1.430s] Invoking command in '/home/joel-jebitto/ROS_workspace/build/my_robot_interface': CMAKE_PREFIX_PATH=${CMAKE_PREFIX_PATH}:/home/joel-jebitto/ROS_workspace/install/my_py_pkg:/opt/ros/jazzy DEBUGINFOD_URLS=https://debuginfod.ubuntu.com /usr/bin/cmake --build /home/joel-jebitto/ROS_workspace/build/my_robot_interface -- -j8 -l8
[1.475s] [  2%] Built target my_robot_interface__rosidl_generator_type_description
[1.483s] [  2%] Built target ament_cmake_python_copy_my_robot_interface
[1.492s] [  5%] Built target my_robot_interface__cpp
[1.503s] [ 20%] Built target my_robot_interface__rosidl_generator_c
[1.525s] [ 29%] Built target my_robot_interface__rosidl_typesupport_cpp
[1.525s] [ 55%] Built target my_robot_interface__rosidl_typesupport_fastrtps_c
[1.525s] [ 55%] Built target my_robot_interface__rosidl_typesupport_c
[1.525s] [ 55%] Built target my_robot_interface__rosidl_typesupport_fastrtps_cpp
[1.529s] [ 73%] Built target my_robot_interface__rosidl_typesupport_introspection_c
[1.529s] [ 73%] Built target my_robot_interface__rosidl_typesupport_introspection_cpp
[1.544s] [ 73%] Built target my_robot_interface
[1.559s] [ 76%] Built target my_robot_interface__py
[1.578s] [ 82%] Built target my_robot_interface__rosidl_generator_py
[1.597s] [100%] Built target my_robot_interface_s__rosidl_typesupport_introspection_c
[1.597s] [100%] Built target my_robot_interface_s__rosidl_typesupport_c
[1.597s] [100%] Built target my_robot_interface_s__rosidl_typesupport_fastrtps_c
[1.700s] running egg_info
[1.719s] writing my_robot_interface.egg-info/PKG-INFO
[1.719s] writing dependency_links to my_robot_interface.egg-info/dependency_links.txt
[1.719s] writing top-level names to my_robot_interface.egg-info/top_level.txt
[1.778s] reading manifest file 'my_robot_interface.egg-info/SOURCES.txt'
[1.778s] writing manifest file 'my_robot_interface.egg-info/SOURCES.txt'
[1.798s] [100%] Built target ament_cmake_python_build_my_robot_interface_egg
[1.806s] Invoked command in '/home/joel-jebitto/ROS_workspace/build/my_robot_interface' returned '0': CMAKE_PREFIX_PATH=${CMAKE_PREFIX_PATH}:/home/joel-jebitto/ROS_workspace/install/my_py_pkg:/opt/ros/jazzy DEBUGINFOD_URLS=https://debuginfod.ubuntu.com /usr/bin/cmake --build /home/joel-jebitto/ROS_workspace/build/my_robot_interface -- -j8 -l8
[1.807s] Invoking command in '/home/joel-jebitto/ROS_workspace/build/my_robot_interface': CMAKE_PREFIX_PATH=${CMAKE_PREFIX_PATH}:/home/joel-jebitto/ROS_workspace/install/my_py_pkg:/opt/ros/jazzy DEBUGINFOD_URLS=https://debuginfod.ubuntu.com /usr/bin/cmake --install /home/joel-jebitto/ROS_workspace/build/my_robot_interface
[1.813s] -- Install configuration: ""
[1.813s] -- Up-to-date: /home/joel-jebitto/ROS_workspace/install/my_robot_interface/share/ament_index/resource_index/rosidl_interfaces/my_robot_interface
[1.813s] -- Up-to-date: /home/joel-jebitto/ROS_workspace/install/my_robot_interface/share/my_robot_interface/msg/HardwareStatus.json
[1.813s] -- Up-to-date: /home/joel-jebitto/ROS_workspace/install/my_robot_interface/include/my_robot_interface/my_robot_interface
[1.813s] -- Up-to-date: /home/joel-jebitto/ROS_workspace/install/my_robot_interface/include/my_robot_interface/my_robot_interface/msg
[1.813s] -- Up-to-date: /home/joel-jebitto/ROS_workspace/install/my_robot_interface/include/my_robot_interface/my_robot_interface/msg/detail
[1.813s] -- Up-to-date: /home/joel-jebitto/ROS_workspace/install/my_robot_interface/include/my_robot_interface/my_robot_interface/msg/detail/hardware_status__functions.h
[1.813s] -- Up-to-date: /home/joel-jebitto/ROS_workspace/install/my_robot_interface/include/my_robot_interface/my_robot_interface/msg/detail/hardware_status__description.c
[1.813s] -- Up-to-date: /home/joel-jebitto/ROS_workspace/install/my_robot_interface/include/my_robot_interface/my_robot_interface/msg/detail/hardware_status__type_support.c
[1.813s] -- Up-to-date: /home/joel-jebitto/ROS_workspace/install/my_robot_interface/include/my_robot_interface/my_robot_interface/msg/detail/hardware_status__struct.h
[1.813s] -- Up-to-date: /home/joel-jebitto/ROS_workspace/install/my_robot_interface/include/my_robot_interface/my_robot_interface/msg/detail/hardware_status__type_support.h
[1.813s] -- Up-to-date: /home/joel-jebitto/ROS_workspace/install/my_robot_interface/include/my_robot_interface/my_robot_interface/msg/detail/hardware_status__functions.c
[1.813s] -- Up-to-date: /home/joel-jebitto/ROS_workspace/install/my_robot_interface/include/my_robot_interface/my_robot_interface/msg/rosidl_generator_c__visibility_control.h
[1.813s] -- Up-to-date: /home/joel-jebitto/ROS_workspace/install/my_robot_interface/include/my_robot_interface/my_robot_interface/msg/hardware_status.h
[1.813s] -- Up-to-date: /home/joel-jebitto/ROS_workspace/install/my_robot_interface/share/my_robot_interface/environment/library_path.sh
[1.814s] -- Up-to-date: /home/joel-jebitto/ROS_workspace/install/my_robot_interface/share/my_robot_interface/environment/library_path.dsv
[1.814s] -- Up-to-date: /home/joel-jebitto/ROS_workspace/install/my_robot_interface/lib/libmy_robot_interface__rosidl_generator_c.so
[1.814s] -- Up-to-date: /home/joel-jebitto/ROS_workspace/install/my_robot_interface/include/my_robot_interface/my_robot_interface
[1.814s] -- Up-to-date: /home/joel-jebitto/ROS_workspace/install/my_robot_interface/include/my_robot_interface/my_robot_interface/msg
[1.814s] -- Up-to-date: /home/joel-jebitto/ROS_workspace/install/my_robot_interface/include/my_robot_interface/my_robot_interface/msg/detail
[1.814s] -- Up-to-date: /home/joel-jebitto/ROS_workspace/install/my_robot_interface/include/my_robot_interface/my_robot_interface/msg/detail/hardware_status__rosidl_typesupport_fastrtps_c.h
[1.814s] -- Up-to-date: /home/joel-jebitto/ROS_workspace/install/my_robot_interface/include/my_robot_interface/my_robot_interface/msg/rosidl_typesupport_fastrtps_c__visibility_control.h
[1.814s] -- Up-to-date: /home/joel-jebitto/ROS_workspace/install/my_robot_interface/lib/libmy_robot_interface__rosidl_typesupport_fastrtps_c.so
[1.814s] -- Up-to-date: /home/joel-jebitto/ROS_workspace/install/my_robot_interface/include/my_robot_interface/my_robot_interface
[1.814s] -- Up-to-date: /home/joel-jebitto/ROS_workspace/install/my_robot_interface/include/my_robot_interface/my_robot_interface/msg
[1.814s] -- Up-to-date: /home/joel-jebitto/ROS_workspace/install/my_robot_interface/include/my_robot_interface/my_robot_interface/msg/detail
[1.814s] -- Up-to-date: /home/joel-jebitto/ROS_workspace/install/my_robot_interface/include/my_robot_interface/my_robot_interface/msg/detail/hardware_status__type_support.c
[1.814s] -- Up-to-date: /home/joel-jebitto/ROS_workspace/install/my_robot_interface/include/my_robot_interface/my_robot_interface/msg/detail/hardware_status__rosidl_typesupport_introspection_c.h
[1.814s] -- Up-to-date: /home/joel-jebitto/ROS_workspace/install/my_robot_interface/include/my_robot_interface/my_robot_interface/msg/rosidl_typesupport_introspection_c__visibility_control.h
[1.815s] -- Up-to-date: /home/joel-jebitto/ROS_workspace/install/my_robot_interface/lib/libmy_robot_interface__rosidl_typesupport_introspection_c.so
[1.815s] -- Up-to-date: /home/joel-jebitto/ROS_workspace/install/my_robot_interface/lib/libmy_robot_interface__rosidl_typesupport_c.so
[1.815s] -- Up-to-date: /home/joel-jebitto/ROS_workspace/install/my_robot_interface/include/my_robot_interface/my_robot_interface
[1.815s] -- Up-to-date: /home/joel-jebitto/ROS_workspace/install/my_robot_interface/include/my_robot_interface/my_robot_interface/msg
[1.816s] -- Up-to-date: /home/joel-jebitto/ROS_workspace/install/my_robot_interface/include/my_robot_interface/my_robot_interface/msg/detail
[1.816s] -- Up-to-date: /home/joel-jebitto/ROS_workspace/install/my_robot_interface/include/my_robot_interface/my_robot_interface/msg/detail/hardware_status__type_support.hpp
[1.816s] -- Up-to-date: /home/joel-jebitto/ROS_workspace/install/my_robot_interface/include/my_robot_interface/my_robot_interface/msg/detail/hardware_status__struct.hpp
[1.816s] -- Up-to-date: /home/joel-jebitto/ROS_workspace/install/my_robot_interface/include/my_robot_interface/my_robot_interface/msg/detail/hardware_status__traits.hpp
[1.816s] -- Up-to-date: /home/joel-jebitto/ROS_workspace/install/my_robot_interface/include/my_robot_interface/my_robot_interface/msg/detail/hardware_status__builder.hpp
[1.816s] -- Up-to-date: /home/joel-jebitto/ROS_workspace/install/my_robot_interface/include/my_robot_interface/my_robot_interface/msg/rosidl_generator_cpp__visibility_control.hpp
[1.816s] -- Up-to-date: /home/joel-jebitto/ROS_workspace/install/my_robot_interface/include/my_robot_interface/my_robot_interface/msg/hardware_status.hpp
[1.816s] -- Up-to-date: /home/joel-jebitto/ROS_workspace/install/my_robot_interface/include/my_robot_interface/my_robot_interface
[1.816s] -- Up-to-date: /home/joel-jebitto/ROS_workspace/install/my_robot_interface/include/my_robot_interface/my_robot_interface/msg
[1.816s] -- Up-to-date: /home/joel-jebitto/ROS_workspace/install/my_robot_interface/include/my_robot_interface/my_robot_interface/msg/detail
[1.816s] -- Up-to-date: /home/joel-jebitto/ROS_workspace/install/my_robot_interface/include/my_robot_interface/my_robot_interface/msg/detail/dds_fastrtps
[1.816s] -- Up-to-date: /home/joel-jebitto/ROS_workspace/install/my_robot_interface/include/my_robot_interface/my_robot_interface/msg/detail/hardware_status__rosidl_typesupport_fastrtps_cpp.hpp
[1.816s] -- Up-to-date: /home/joel-jebitto/ROS_workspace/install/my_robot_interface/include/my_robot_interface/my_robot_interface/msg/rosidl_typesupport_fastrtps_cpp__visibility_control.h
[1.816s] -- Up-to-date: /home/joel-jebitto/ROS_workspace/install/my_robot_interface/lib/libmy_robot_interface__rosidl_typesupport_fastrtps_cpp.so
[1.817s] -- Up-to-date: /home/joel-jebitto/ROS_workspace/install/my_robot_interface/include/my_robot_interface/my_robot_interface
[1.817s] -- Up-to-date: /home/joel-jebitto/ROS_workspace/install/my_robot_interface/include/my_robot_interface/my_robot_interface/msg
[1.817s] -- Up-to-date: /home/joel-jebitto/ROS_workspace/install/my_robot_interface/include/my_robot_interface/my_robot_interface/msg/detail
[1.817s] -- Up-to-date: /home/joel-jebitto/ROS_workspace/install/my_robot_interface/include/my_robot_interface/my_robot_interface/msg/detail/hardware_status__rosidl_typesupport_introspection_cpp.hpp
[1.817s] -- Up-to-date: /home/joel-jebitto/ROS_workspace/install/my_robot_interface/include/my_robot_interface/my_robot_interface/msg/detail/hardware_status__type_support.cpp
[1.817s] -- Up-to-date: /home/joel-jebitto/ROS_workspace/install/my_robot_interface/lib/libmy_robot_interface__rosidl_typesupport_introspection_cpp.so
[1.817s] -- Up-to-date: /home/joel-jebitto/ROS_workspace/install/my_robot_interface/lib/libmy_robot_interface__rosidl_typesupport_cpp.so
[1.818s] -- Up-to-date: /home/joel-jebitto/ROS_workspace/install/my_robot_interface/share/my_robot_interface/environment/pythonpath.sh
[1.818s] -- Up-to-date: /home/joel-jebitto/ROS_workspace/install/my_robot_interface/share/my_robot_interface/environment/pythonpath.dsv
[1.818s] -- Up-to-date: /home/joel-jebitto/ROS_workspace/install/my_robot_interface/lib/python3.12/site-packages/my_robot_interface-0.0.0-py3.12.egg-info
[1.818s] -- Installing: /home/joel-jebitto/ROS_workspace/install/my_robot_interface/lib/python3.12/site-packages/my_robot_interface-0.0.0-py3.12.egg-info/top_level.txt
[1.818s] -- Installing: /home/joel-jebitto/ROS_workspace/install/my_robot_interface/lib/python3.12/site-packages/my_robot_interface-0.0.0-py3.12.egg-info/PKG-INFO
[1.818s] -- Installing: /home/joel-jebitto/ROS_workspace/install/my_robot_interface/lib/python3.12/site-packages/my_robot_interface-0.0.0-py3.12.egg-info/SOURCES.txt
[1.818s] -- Installing: /home/joel-jebitto/ROS_workspace/install/my_robot_interface/lib/python3.12/site-packages/my_robot_interface-0.0.0-py3.12.egg-info/dependency_links.txt
[1.818s] -- Up-to-date: /home/joel-jebitto/ROS_workspace/install/my_robot_interface/lib/python3.12/site-packages/my_robot_interface
[1.818s] -- Installing: /home/joel-jebitto/ROS_workspace/install/my_robot_interface/lib/python3.12/site-packages/my_robot_interface/__init__.py
[1.818s] -- Up-to-date: /home/joel-jebitto/ROS_workspace/install/my_robot_interface/lib/python3.12/site-packages/my_robot_interface/my_robot_interface_s__rosidl_typesupport_introspection_c.so
[1.818s] -- Up-to-date: /home/joel-jebitto/ROS_workspace/install/my_robot_interface/lib/python3.12/site-packages/my_robot_interface/msg
[1.818s] -- Up-to-date: /home/joel-jebitto/ROS_workspace/install/my_robot_interface/lib/python3.12/site-packages/my_robot_interface/msg/_hardware_status_s.c
[1.818s] -- Up-to-date: /home/joel-jebitto/ROS_workspace/install/my_robot_interface/lib/python3.12/site-packages/my_robot_interface/msg/__init__.py
[1.818s] -- Up-to-date: /home/joel-jebitto/ROS_workspace/install/my_robot_interface/lib/python3.12/site-packages/my_robot_interface/msg/_hardware_status.py
[1.819s] -- Up-to-date: /home/joel-jebitto/ROS_workspace/install/my_robot_interface/lib/python3.12/site-packages/my_robot_interface/_my_robot_interface_s.ep.rosidl_typesupport_c.c
[1.819s] -- Up-to-date: /home/joel-jebitto/ROS_workspace/install/my_robot_interface/lib/python3.12/site-packages/my_robot_interface/my_robot_interface_s__rosidl_typesupport_fastrtps_c.so
[1.819s] -- Up-to-date: /home/joel-jebitto/ROS_workspace/install/my_robot_interface/lib/python3.12/site-packages/my_robot_interface/_my_robot_interface_s.ep.rosidl_typesupport_fastrtps_c.c
[1.819s] -- Up-to-date: /home/joel-jebitto/ROS_workspace/install/my_robot_interface/lib/python3.12/site-packages/my_robot_interface/_my_robot_interface_s.ep.rosidl_typesupport_introspection_c.c
[1.819s] -- Up-to-date: /home/joel-jebitto/ROS_workspace/install/my_robot_interface/lib/python3.12/site-packages/my_robot_interface/my_robot_interface_s__rosidl_typesupport_c.so
[1.848s] Listing '/home/joel-jebitto/ROS_workspace/install/my_robot_interface/lib/python3.12/site-packages/my_robot_interface'...
[1.848s] Compiling '/home/joel-jebitto/ROS_workspace/install/my_robot_interface/lib/python3.12/site-packages/my_robot_interface/__init__.py'...
[1.848s] Listing '/home/joel-jebitto/ROS_workspace/install/my_robot_interface/lib/python3.12/site-packages/my_robot_interface/msg'...
[1.853s] -- Up-to-date: /home/joel-jebitto/ROS_workspace/install/my_robot_interface/lib/python3.12/site-packages/my_robot_interface/my_robot_interface_s__rosidl_typesupport_fastrtps_c.so
[1.853s] -- Up-to-date: /home/joel-jebitto/ROS_workspace/install/my_robot_interface/lib/python3.12/site-packages/my_robot_interface/my_robot_interface_s__rosidl_typesupport_introspection_c.so
[1.854s] -- Up-to-date: /home/joel-jebitto/ROS_workspace/install/my_robot_interface/lib/python3.12/site-packages/my_robot_interface/my_robot_interface_s__rosidl_typesupport_c.so
[1.854s] -- Up-to-date: /home/joel-jebitto/ROS_workspace/install/my_robot_interface/lib/libmy_robot_interface__rosidl_generator_py.so
[1.854s] -- Up-to-date: /home/joel-jebitto/ROS_workspace/install/my_robot_interface/share/my_robot_interface/msg/HardwareStatus.idl
[1.854s] -- Up-to-date: /home/joel-jebitto/ROS_workspace/install/my_robot_interface/share/my_robot_interface/msg/HardwareStatus.msg
[1.855s] -- Up-to-date: /home/joel-jebitto/ROS_workspace/install/my_robot_interface/share/ament_index/resource_index/package_run_dependencies/my_robot_interface
[1.855s] -- Installing: /home/joel-jebitto/ROS_workspace/install/my_robot_interface/share/ament_index/resource_index/parent_prefix_path/my_robot_interface
[1.855s] -- Up-to-date: /home/joel-jebitto/ROS_workspace/install/my_robot_interface/share/my_robot_interface/environment/ament_prefix_path.sh
[1.855s] -- Up-to-date: /home/joel-jebitto/ROS_workspace/install/my_robot_interface/share/my_robot_interface/environment/ament_prefix_path.dsv
[1.855s] -- Up-to-date: /home/joel-jebitto/ROS_workspace/install/my_robot_interface/share/my_robot_interface/environment/path.sh
[1.855s] -- Up-to-date: /home/joel-jebitto/ROS_workspace/install/my_robot_interface/share/my_robot_interface/environment/path.dsv
[1.855s] -- Up-to-date: /home/joel-jebitto/ROS_workspace/install/my_robot_interface/share/my_robot_interface/local_setup.bash
[1.855s] -- Up-to-date: /home/joel-jebitto/ROS_workspace/install/my_robot_interface/share/my_robot_interface/local_setup.sh
[1.855s] -- Up-to-date: /home/joel-jebitto/ROS_workspace/install/my_robot_interface/share/my_robot_interface/local_setup.zsh
[1.855s] -- Up-to-date: /home/joel-jebitto/ROS_workspace/install/my_robot_interface/share/my_robot_interface/local_setup.dsv
[1.855s] -- Installing: /home/joel-jebitto/ROS_workspace/install/my_robot_interface/share/my_robot_interface/package.dsv
[1.855s] -- Up-to-date: /home/joel-jebitto/ROS_workspace/install/my_robot_interface/share/ament_index/resource_index/packages/my_robot_interface
[1.856s] -- Up-to-date: /home/joel-jebitto/ROS_workspace/install/my_robot_interface/share/my_robot_interface/cmake/export_my_robot_interface__rosidl_generator_cExport.cmake
[1.856s] -- Up-to-date: /home/joel-jebitto/ROS_workspace/install/my_robot_interface/share/my_robot_interface/cmake/export_my_robot_interface__rosidl_generator_cExport-noconfig.cmake
[1.856s] -- Up-to-date: /home/joel-jebitto/ROS_workspace/install/my_robot_interface/share/my_robot_interface/cmake/export_my_robot_interface__rosidl_typesupport_fastrtps_cExport.cmake
[1.856s] -- Up-to-date: /home/joel-jebitto/ROS_workspace/install/my_robot_interface/share/my_robot_interface/cmake/export_my_robot_interface__rosidl_typesupport_fastrtps_cExport-noconfig.cmake
[1.856s] -- Up-to-date: /home/joel-jebitto/ROS_workspace/install/my_robot_interface/share/my_robot_interface/cmake/my_robot_interface__rosidl_typesupport_introspection_cExport.cmake
[1.856s] -- Up-to-date: /home/joel-jebitto/ROS_workspace/install/my_robot_interface/share/my_robot_interface/cmake/my_robot_interface__rosidl_typesupport_introspection_cExport-noconfig.cmake
[1.856s] -- Up-to-date: /home/joel-jebitto/ROS_workspace/install/my_robot_interface/share/my_robot_interface/cmake/my_robot_interface__rosidl_typesupport_cExport.cmake
[1.856s] -- Up-to-date: /home/joel-jebitto/ROS_workspace/install/my_robot_interface/share/my_robot_interface/cmake/my_robot_interface__rosidl_typesupport_cExport-noconfig.cmake
[1.856s] -- Up-to-date: /home/joel-jebitto/ROS_workspace/install/my_robot_interface/share/my_robot_interface/cmake/export_my_robot_interface__rosidl_generator_cppExport.cmake
[1.856s] -- Up-to-date: /home/joel-jebitto/ROS_workspace/install/my_robot_interface/share/my_robot_interface/cmake/export_my_robot_interface__rosidl_typesupport_fastrtps_cppExport.cmake
[1.856s] -- Up-to-date: /home/joel-jebitto/ROS_workspace/install/my_robot_interface/share/my_robot_interface/cmake/export_my_robot_interface__rosidl_typesupport_fastrtps_cppExport-noconfig.cmake
[1.856s] -- Up-to-date: /home/joel-jebitto/ROS_workspace/install/my_robot_interface/share/my_robot_interface/cmake/my_robot_interface__rosidl_typesupport_introspection_cppExport.cmake
[1.856s] -- Up-to-date: /home/joel-jebitto/ROS_workspace/install/my_robot_interface/share/my_robot_interface/cmake/my_robot_interface__rosidl_typesupport_introspection_cppExport-noconfig.cmake
[1.857s] -- Up-to-date: /home/joel-jebitto/ROS_workspace/install/my_robot_interface/share/my_robot_interface/cmake/my_robot_interface__rosidl_typesupport_cppExport.cmake
[1.857s] -- Up-to-date: /home/joel-jebitto/ROS_workspace/install/my_robot_interface/share/my_robot_interface/cmake/my_robot_interface__rosidl_typesupport_cppExport-noconfig.cmake
[1.857s] -- Up-to-date: /home/joel-jebitto/ROS_workspace/install/my_robot_interface/share/my_robot_interface/cmake/export_my_robot_interface__rosidl_generator_pyExport.cmake
[1.857s] -- Up-to-date: /home/joel-jebitto/ROS_workspace/install/my_robot_interface/share/my_robot_interface/cmake/export_my_robot_interface__rosidl_generator_pyExport-noconfig.cmake
[1.857s] -- Up-to-date: /home/joel-jebitto/ROS_workspace/install/my_robot_interface/share/my_robot_interface/cmake/rosidl_cmake-extras.cmake
[1.857s] -- Up-to-date: /home/joel-jebitto/ROS_workspace/install/my_robot_interface/share/my_robot_interface/cmake/ament_cmake_export_include_directories-extras.cmake
[1.857s] -- Up-to-date: /home/joel-jebitto/ROS_workspace/install/my_robot_interface/share/my_robot_interface/cmake/ament_cmake_export_libraries-extras.cmake
[1.857s] -- Up-to-date: /home/joel-jebitto/ROS_workspace/install/my_robot_interface/share/my_robot_interface/cmake/ament_cmake_export_targets-extras.cmake
[1.857s] -- Up-to-date: /home/joel-jebitto/ROS_workspace/install/my_robot_interface/share/my_robot_interface/cmake/rosidl_cmake_export_typesupport_targets-extras.cmake
[1.857s] -- Up-to-date: /home/joel-jebitto/ROS_workspace/install/my_robot_interface/share/my_robot_interface/cmake/ament_cmake_export_dependencies-extras.cmake
[1.857s] -- Up-to-date: /home/joel-jebitto/ROS_workspace/install/my_robot_interface/share/my_robot_interface/cmake/rosidl_cmake_export_typesupport_libraries-extras.cmake
[1.857s] -- Up-to-date: /home/joel-jebitto/ROS_workspace/install/my_robot_interface/share/my_robot_interface/cmake/my_robot_interfaceConfig.cmake
[1.857s] -- Up-to-date: /home/joel-jebitto/ROS_workspace/install/my_robot_interface/share/my_robot_interface/cmake/my_robot_interfaceConfig-version.cmake
[1.857s] -- Up-to-date: /home/joel-jebitto/ROS_workspace/install/my_robot_interface/share/my_robot_interface/package.xml
[1.858s] Invoked command in '/home/joel-jebitto/ROS_workspace/build/my_robot_interface' returned '0': CMAKE_PREFIX_PATH=${CMAKE_PREFIX_PATH}:/home/joel-jebitto/ROS_workspace/install/my_py_pkg:/opt/ros/jazzy DEBUGINFOD_URLS=https://debuginfod.ubuntu.com /usr/bin/cmake --install /home/joel-jebitto/ROS_workspace/build/my_robot_interface
