[0.011s] Invoking command in '/home/joel-jebitto/ROS_workspace/build/my_robot_bringup': CMAKE_PREFIX_PATH=${CMAKE_PREFIX_PATH}:/home/joel-jebitto/ROS_workspace/install/my_py_pkg:/opt/ros/jazzy DEBUGINFOD_URLS=https://debuginfod.ubuntu.com /usr/bin/cmake /home/joel-jebitto/ROS_workspace/src/my_robot_bringup -DCMAKE_INSTALL_PREFIX=/home/joel-jebitto/ROS_workspace/install/my_robot_bringup
[0.022s] -- Found ament_cmake: 2.5.4 (/opt/ros/jazzy/share/ament_cmake/cmake)
[0.277s] -- Configuring done (0.3s)
[0.280s] -- Generating done (0.0s)
[0.281s] -- Build files have been written to: /home/joel-jebitto/ROS_workspace/build/my_robot_bringup
[0.283s] Invoked command in '/home/joel-jebitto/ROS_workspace/build/my_robot_bringup' returned '0': CMAKE_PREFIX_PATH=${CMAKE_PREFIX_PATH}:/home/joel-jebitto/ROS_workspace/install/my_py_pkg:/opt/ros/jazzy DEBUGINFOD_URLS=https://debuginfod.ubuntu.com /usr/bin/cmake /home/joel-jebitto/ROS_workspace/src/my_robot_bringup -DCMAKE_INSTALL_PREFIX=/home/joel-jebitto/ROS_workspace/install/my_robot_bringup
[0.284s] Invoking command in '/home/joel-jebitto/ROS_workspace/build/my_robot_bringup': CMAKE_PREFIX_PATH=${CMAKE_PREFIX_PATH}:/home/joel-jebitto/ROS_workspace/install/my_py_pkg:/opt/ros/jazzy DEBUGINFOD_URLS=https://debuginfod.ubuntu.com /usr/bin/cmake --build /home/joel-jebitto/ROS_workspace/build/my_robot_bringup -- -j8 -l8
[0.310s] Invoked command in '/home/joel-jebitto/ROS_workspace/build/my_robot_bringup' returned '0': CMAKE_PREFIX_PATH=${CMAKE_PREFIX_PATH}:/home/joel-jebitto/ROS_workspace/install/my_py_pkg:/opt/ros/jazzy DEBUGINFOD_URLS=https://debuginfod.ubuntu.com /usr/bin/cmake --build /home/joel-jebitto/ROS_workspace/build/my_robot_bringup -- -j8 -l8
[0.311s] Invoking command in '/home/joel-jebitto/ROS_workspace/build/my_robot_bringup': CMAKE_PREFIX_PATH=${CMAKE_PREFIX_PATH}:/home/joel-jebitto/ROS_workspace/install/my_py_pkg:/opt/ros/jazzy DEBUGINFOD_URLS=https://debuginfod.ubuntu.com /usr/bin/cmake --install /home/joel-jebitto/ROS_workspace/build/my_robot_bringup
[0.316s] -- Install configuration: ""
[0.316s] -- Installing: /home/joel-jebitto/ROS_workspace/install/my_robot_bringup/share/my_robot_bringup//launch
[0.316s] -- Installing: /home/joel-jebitto/ROS_workspace/install/my_robot_bringup/share/my_robot_bringup//launch/number_app.launch.xml
[0.316s] -- Installing: /home/joel-jebitto/ROS_workspace/install/my_robot_bringup/share/ament_index/resource_index/package_run_dependencies/my_robot_bringup
[0.316s] -- Installing: /home/joel-jebitto/ROS_workspace/install/my_robot_bringup/share/ament_index/resource_index/parent_prefix_path/my_robot_bringup
[0.316s] -- Installing: /home/joel-jebitto/ROS_workspace/install/my_robot_bringup/share/my_robot_bringup/environment/ament_prefix_path.sh
[0.317s] -- Installing: /home/joel-jebitto/ROS_workspace/install/my_robot_bringup/share/my_robot_bringup/environment/ament_prefix_path.dsv
[0.317s] -- Installing: /home/joel-jebitto/ROS_workspace/install/my_robot_bringup/share/my_robot_bringup/environment/path.sh
[0.317s] -- Installing: /home/joel-jebitto/ROS_workspace/install/my_robot_bringup/share/my_robot_bringup/environment/path.dsv
[0.317s] -- Installing: /home/joel-jebitto/ROS_workspace/install/my_robot_bringup/share/my_robot_bringup/local_setup.bash
[0.317s] -- Installing: /home/joel-jebitto/ROS_workspace/install/my_robot_bringup/share/my_robot_bringup/local_setup.sh
[0.317s] -- Installing: /home/joel-jebitto/ROS_workspace/install/my_robot_bringup/share/my_robot_bringup/local_setup.zsh
[0.317s] -- Installing: /home/joel-jebitto/ROS_workspace/install/my_robot_bringup/share/my_robot_bringup/local_setup.dsv
[0.317s] -- Installing: /home/joel-jebitto/ROS_workspace/install/my_robot_bringup/share/my_robot_bringup/package.dsv
[0.318s] -- Installing: /home/joel-jebitto/ROS_workspace/install/my_robot_bringup/share/ament_index/resource_index/packages/my_robot_bringup
[0.318s] -- Installing: /home/joel-jebitto/ROS_workspace/install/my_robot_bringup/share/my_robot_bringup/cmake/my_robot_bringupConfig.cmake
[0.318s] -- Installing: /home/joel-jebitto/ROS_workspace/install/my_robot_bringup/share/my_robot_bringup/cmake/my_robot_bringupConfig-version.cmake
[0.318s] -- Installing: /home/joel-jebitto/ROS_workspace/install/my_robot_bringup/share/my_robot_bringup/package.xml
[0.319s] Invoked command in '/home/joel-jebitto/ROS_workspace/build/my_robot_bringup' returned '0': CMAKE_PREFIX_PATH=${CMAKE_PREFIX_PATH}:/home/joel-jebitto/ROS_workspace/install/my_py_pkg:/opt/ros/jazzy DEBUGINFOD_URLS=https://debuginfod.ubuntu.com /usr/bin/cmake --install /home/joel-jebitto/ROS_workspace/build/my_robot_bringup
