[0.008s] Invoking command in '/home/joel-jebitto/ROS_workspace/build/my_robot_bringup': CMAKE_PREFIX_PATH=/home/joel-jebitto/ROS_workspace/install/cpp_pubsub:/home/joel-jebitto/ROS_workspace/install/my_robot_interface:/home/joel-jebitto/ROS_workspace/install/my_robot_bringup:/opt/ros/jazzy/opt/gz_math_vendor:/opt/ros/jazzy/opt/gz_utils_vendor:/opt/ros/jazzy/opt/gz_cmake_vendor:/opt/ros/jazzy/:/opt/ros/jazzy/:/opt/ros/jazzy/:/home/joel-jebitto/ROS_workspace/install/my_py_pkg:/opt/ros/jazzy DEBUGINFOD_URLS=https://debuginfod.ubuntu.com /usr/bin/cmake --build /home/joel-jebitto/ROS_workspace/build/my_robot_bringup -- -j8 -l8
[0.042s] Invoked command in '/home/joel-jebitto/ROS_workspace/build/my_robot_bringup' returned '0': CMAKE_PREFIX_PATH=/home/joel-jebitto/ROS_workspace/install/cpp_pubsub:/home/joel-jebitto/ROS_workspace/install/my_robot_interface:/home/joel-jebitto/ROS_workspace/install/my_robot_bringup:/opt/ros/jazzy/opt/gz_math_vendor:/opt/ros/jazzy/opt/gz_utils_vendor:/opt/ros/jazzy/opt/gz_cmake_vendor:/opt/ros/jazzy/:/opt/ros/jazzy/:/opt/ros/jazzy/:/home/joel-jebitto/ROS_workspace/install/my_py_pkg:/opt/ros/jazzy DEBUGINFOD_URLS=https://debuginfod.ubuntu.com /usr/bin/cmake --build /home/joel-jebitto/ROS_workspace/build/my_robot_bringup -- -j8 -l8
[0.043s] Invoking command in '/home/joel-jebitto/ROS_workspace/build/my_robot_bringup': CMAKE_PREFIX_PATH=/home/joel-jebitto/ROS_workspace/install/cpp_pubsub:/home/joel-jebitto/ROS_workspace/install/my_robot_interface:/home/joel-jebitto/ROS_workspace/install/my_robot_bringup:/opt/ros/jazzy/opt/gz_math_vendor:/opt/ros/jazzy/opt/gz_utils_vendor:/opt/ros/jazzy/opt/gz_cmake_vendor:/opt/ros/jazzy/:/opt/ros/jazzy/:/opt/ros/jazzy/:/home/joel-jebitto/ROS_workspace/install/my_py_pkg:/opt/ros/jazzy DEBUGINFOD_URLS=https://debuginfod.ubuntu.com /usr/bin/cmake --install /home/joel-jebitto/ROS_workspace/build/my_robot_bringup
[0.050s] -- Install configuration: ""
[0.050s] -- Up-to-date: /home/joel-jebitto/ROS_workspace/install/my_robot_bringup/share/my_robot_bringup//config
[0.050s] -- Up-to-date: /home/joel-jebitto/ROS_workspace/install/my_robot_bringup/share/my_robot_bringup//config/number_app.yaml
[0.050s] -- Up-to-date: /home/joel-jebitto/ROS_workspace/install/my_robot_bringup/share/my_robot_bringup//launch
[0.050s] -- Installing: /home/joel-jebitto/ROS_workspace/install/my_robot_bringup/share/my_robot_bringup//launch/number_app.launch.xml
[0.050s] -- Up-to-date: /home/joel-jebitto/ROS_workspace/install/my_robot_bringup/share/ament_index/resource_index/package_run_dependencies/my_robot_bringup
[0.051s] -- Up-to-date: /home/joel-jebitto/ROS_workspace/install/my_robot_bringup/share/ament_index/resource_index/parent_prefix_path/my_robot_bringup
[0.051s] -- Up-to-date: /home/joel-jebitto/ROS_workspace/install/my_robot_bringup/share/my_robot_bringup/environment/ament_prefix_path.sh
[0.051s] -- Up-to-date: /home/joel-jebitto/ROS_workspace/install/my_robot_bringup/share/my_robot_bringup/environment/ament_prefix_path.dsv
[0.051s] -- Up-to-date: /home/joel-jebitto/ROS_workspace/install/my_robot_bringup/share/my_robot_bringup/environment/path.sh
[0.051s] -- Up-to-date: /home/joel-jebitto/ROS_workspace/install/my_robot_bringup/share/my_robot_bringup/environment/path.dsv
[0.051s] -- Up-to-date: /home/joel-jebitto/ROS_workspace/install/my_robot_bringup/share/my_robot_bringup/local_setup.bash
[0.051s] -- Up-to-date: /home/joel-jebitto/ROS_workspace/install/my_robot_bringup/share/my_robot_bringup/local_setup.sh
[0.051s] -- Up-to-date: /home/joel-jebitto/ROS_workspace/install/my_robot_bringup/share/my_robot_bringup/local_setup.zsh
[0.051s] -- Up-to-date: /home/joel-jebitto/ROS_workspace/install/my_robot_bringup/share/my_robot_bringup/local_setup.dsv
[0.051s] -- Installing: /home/joel-jebitto/ROS_workspace/install/my_robot_bringup/share/my_robot_bringup/package.dsv
[0.051s] -- Up-to-date: /home/joel-jebitto/ROS_workspace/install/my_robot_bringup/share/ament_index/resource_index/packages/my_robot_bringup
[0.051s] -- Up-to-date: /home/joel-jebitto/ROS_workspace/install/my_robot_bringup/share/my_robot_bringup/cmake/my_robot_bringupConfig.cmake
[0.052s] -- Up-to-date: /home/joel-jebitto/ROS_workspace/install/my_robot_bringup/share/my_robot_bringup/cmake/my_robot_bringupConfig-version.cmake
[0.052s] -- Up-to-date: /home/joel-jebitto/ROS_workspace/install/my_robot_bringup/share/my_robot_bringup/package.xml
[0.053s] Invoked command in '/home/joel-jebitto/ROS_workspace/build/my_robot_bringup' returned '0': CMAKE_PREFIX_PATH=/home/joel-jebitto/ROS_workspace/install/cpp_pubsub:/home/joel-jebitto/ROS_workspace/install/my_robot_interface:/home/joel-jebitto/ROS_workspace/install/my_robot_bringup:/opt/ros/jazzy/opt/gz_math_vendor:/opt/ros/jazzy/opt/gz_utils_vendor:/opt/ros/jazzy/opt/gz_cmake_vendor:/opt/ros/jazzy/:/opt/ros/jazzy/:/opt/ros/jazzy/:/home/joel-jebitto/ROS_workspace/install/my_py_pkg:/opt/ros/jazzy DEBUGINFOD_URLS=https://debuginfod.ubuntu.com /usr/bin/cmake --install /home/joel-jebitto/ROS_workspace/build/my_robot_bringup
