[0.009s] Invoking command in '/home/joel-jebitto/ROS_workspace/build/cpp_pubsub': CMAKE_PREFIX_PATH=${CMAKE_PREFIX_PATH}:/home/joel-jebitto/ROS_workspace/install/my_py_pkg:/opt/ros/jazzy DEBUGINFOD_URLS=https://debuginfod.ubuntu.com /usr/bin/cmake --build /home/joel-jebitto/ROS_workspace/build/cpp_pubsub -- -j8 -l8
[0.020s] 
[0.020s] [0/1] Re-running CMake...[K
[0.031s] -- Found ament_cmake: 2.5.4 (/opt/ros/jazzy/share/ament_cmake/cmake)
[0.205s] -- Found rclcpp: 28.1.9 (/opt/ros/jazzy/share/rclcpp/cmake)
[0.226s] -- Found rosidl_generator_c: 4.6.5 (/opt/ros/jazzy/share/rosidl_generator_c/cmake)
[0.234s] -- Found rosidl_generator_cpp: 4.6.5 (/opt/ros/jazzy/share/rosidl_generator_cpp/cmake)
[0.243s] -- Using all available rosidl_typesupport_c: rosidl_typesupport_fastrtps_c;rosidl_typesupport_introspection_c
[0.254s] -- Using all available rosidl_typesupport_cpp: rosidl_typesupport_fastrtps_cpp;rosidl_typesupport_introspection_cpp
[0.308s] -- Found rmw_implementation_cmake: 7.3.2 (/opt/ros/jazzy/share/rmw_implementation_cmake/cmake)
[0.309s] -- Found rmw_fastrtps_cpp: 8.4.2 (/opt/ros/jazzy/share/rmw_fastrtps_cpp/cmake)
[0.359s] -- Using RMW implementation 'rmw_fastrtps_cpp' as default
[0.418s] -- Found example_interfaces: 0.12.0 (/opt/ros/jazzy/share/example_interfaces/cmake)
[0.467s] -- Found my_robot_interface: 0.0.0 (/home/joel-jebitto/ROS_workspace/install/my_robot_interface/share/my_robot_interface/cmake)
[0.552s] -- Configuring done (0.5s)
[0.577s] -- Generating done (0.0s)
[0.590s] -- Build files have been written to: /home/joel-jebitto/ROS_workspace/build/cpp_pubsub
[0.600s] 
[0.607s] [0/2] Building CXX object CMakeFiles/hardware_status_publisher.dir/src/hardware_status_publisher.cpp.o[K
[0.607s] [1/2] Building CXX object CMakeFiles/hardware_status_publisher.dir/src/hardware_status_publisher.cpp.o[K
[0.607s] [31mFAILED: [0mCMakeFiles/hardware_status_publisher.dir/src/hardware_status_publisher.cpp.o 
[0.607s] /usr/bin/c++ -DDEFAULT_RMW_IMPLEMENTATION=rmw_fastrtps_cpp -DFASTCDR_DYN_LINK -isystem /home/joel-jebitto/ROS_workspace/install/my_robot_interface/include/my_robot_interface -isystem /opt/ros/jazzy/include/rclcpp -isystem /opt/ros/jazzy/include/builtin_interfaces -isystem /opt/ros/jazzy/include/rosidl_runtime_c -isystem /opt/ros/jazzy/include/rcutils -isystem /opt/ros/jazzy/include/rosidl_typesupport_interface -isystem /opt/ros/jazzy/include/fastcdr -isystem /opt/ros/jazzy/include/rosidl_runtime_cpp -isystem /opt/ros/jazzy/include/rosidl_typesupport_fastrtps_cpp -isystem /opt/ros/jazzy/include/rmw -isystem /opt/ros/jazzy/include/rosidl_dynamic_typesupport -isystem /opt/ros/jazzy/include/rosidl_typesupport_fastrtps_c -isystem /opt/ros/jazzy/include/rosidl_typesupport_introspection_c -isystem /opt/ros/jazzy/include/rosidl_typesupport_introspection_cpp -isystem /opt/ros/jazzy/include/libstatistics_collector -isystem /opt/ros/jazzy/include/rcl -isystem /opt/ros/jazzy/include/rcl_interfaces -isystem /opt/ros/jazzy/include/service_msgs -isystem /opt/ros/jazzy/include/rcl_logging_interface -isystem /opt/ros/jazzy/include/rcl_yaml_param_parser -isystem /opt/ros/jazzy/include/type_description_interfaces -isystem /opt/ros/jazzy/include/rcpputils -isystem /opt/ros/jazzy/include/statistics_msgs -isystem /opt/ros/jazzy/include/rosgraph_msgs -isystem /opt/ros/jazzy/include/rosidl_typesupport_cpp -isystem /opt/ros/jazzy/include/rosidl_typesupport_c -isystem /opt/ros/jazzy/include/tracetools -Wall -Wextra -Wpedantic -MD -MT CMakeFiles/hardware_status_publisher.dir/src/hardware_status_publisher.cpp.o -MF CMakeFiles/hardware_status_publisher.dir/src/hardware_status_publisher.cpp.o.d -o CMakeFiles/hardware_status_publisher.dir/src/hardware_status_publisher.cpp.o -c /home/joel-jebitto/ROS_workspace/src/cpp_pubsub/src/hardware_status_publisher.cpp
[0.607s] /home/joel-jebitto/ROS_workspace/src/cpp_pubsub/src/hardware_status_publisher.cpp:1:10: fatal error: my_robot_interface/msg/HardwareStatus.hpp: No such file or directory
[0.607s]     1 | #include "my_robot_interface/msg/HardwareStatus.hpp"
[0.607s]       |          ^~~~~~~~~~~~~~~~~~~~~~~~~~~~~~~~~~~~~~~~~~~
[0.607s] compilation terminated.
[0.607s] ninja: build stopped: subcommand failed.
[0.608s] Invoked command in '/home/joel-jebitto/ROS_workspace/build/cpp_pubsub' returned '1': CMAKE_PREFIX_PATH=${CMAKE_PREFIX_PATH}:/home/joel-jebitto/ROS_workspace/install/my_py_pkg:/opt/ros/jazzy DEBUGINFOD_URLS=https://debuginfod.ubuntu.com /usr/bin/cmake --build /home/joel-jebitto/ROS_workspace/build/cpp_pubsub -- -j8 -l8
