[0.013s] Invoking command in '/home/joel-jebitto/ROS_workspace/build/cpp_pubsub': CMAKE_PREFIX_PATH=${CMAKE_PREFIX_PATH}:/home/joel-jebitto/ROS_workspace/install/my_py_pkg:/opt/ros/jazzy DEBUGINFOD_URLS=https://debuginfod.ubuntu.com /usr/bin/cmake --build /home/joel-jebitto/ROS_workspace/build/cpp_pubsub -- -j8 -l8
[0.023s] 
[3.432s] [0/2] Building CXX object CMakeFiles/station.dir/src/station.cpp.o[K
[3.432s] [1/2] Building CXX object CMakeFiles/station.dir/src/station.cpp.o[K
[3.535s] [1/2] Linking CXX executable station[K
[3.535s] [2/2] Linking CXX executable station[K
[3.537s] Invoked command in '/home/joel-jebitto/ROS_workspace/build/cpp_pubsub' returned '0': CMAKE_PREFIX_PATH=${CMAKE_PREFIX_PATH}:/home/joel-jebitto/ROS_workspace/install/my_py_pkg:/opt/ros/jazzy DEBUGINFOD_URLS=https://debuginfod.ubuntu.com /usr/bin/cmake --build /home/joel-jebitto/ROS_workspace/build/cpp_pubsub -- -j8 -l8
[3.544s] Invoking command in '/home/joel-jebitto/ROS_workspace/build/cpp_pubsub': CMAKE_PREFIX_PATH=${CMAKE_PREFIX_PATH}:/home/joel-jebitto/ROS_workspace/install/my_py_pkg:/opt/ros/jazzy DEBUGINFOD_URLS=https://debuginfod.ubuntu.com /usr/bin/cmake --install /home/joel-jebitto/ROS_workspace/build/cpp_pubsub
[3.549s] -- Install configuration: ""
[3.549s] -- Up-to-date: /home/joel-jebitto/ROS_workspace/install/cpp_pubsub/lib/cpp_pubsub/talker
[3.549s] -- Up-to-date: /home/joel-jebitto/ROS_workspace/install/cpp_pubsub/share/ament_index/resource_index/package_run_dependencies/cpp_pubsub
[3.549s] -- Up-to-date: /home/joel-jebitto/ROS_workspace/install/cpp_pubsub/share/ament_index/resource_index/parent_prefix_path/cpp_pubsub
[3.549s] -- Up-to-date: /home/joel-jebitto/ROS_workspace/install/cpp_pubsub/share/cpp_pubsub/environment/ament_prefix_path.sh
[3.549s] -- Up-to-date: /home/joel-jebitto/ROS_workspace/install/cpp_pubsub/share/cpp_pubsub/environment/ament_prefix_path.dsv
[3.549s] -- Up-to-date: /home/joel-jebitto/ROS_workspace/install/cpp_pubsub/share/cpp_pubsub/environment/path.sh
[3.549s] -- Up-to-date: /home/joel-jebitto/ROS_workspace/install/cpp_pubsub/share/cpp_pubsub/environment/path.dsv
[3.549s] -- Up-to-date: /home/joel-jebitto/ROS_workspace/install/cpp_pubsub/share/cpp_pubsub/local_setup.bash
[3.549s] -- Up-to-date: /home/joel-jebitto/ROS_workspace/install/cpp_pubsub/share/cpp_pubsub/local_setup.sh
[3.549s] -- Up-to-date: /home/joel-jebitto/ROS_workspace/install/cpp_pubsub/share/cpp_pubsub/local_setup.zsh
[3.550s] -- Up-to-date: /home/joel-jebitto/ROS_workspace/install/cpp_pubsub/share/cpp_pubsub/local_setup.dsv
[3.550s] -- Installing: /home/joel-jebitto/ROS_workspace/install/cpp_pubsub/share/cpp_pubsub/package.dsv
[3.550s] -- Up-to-date: /home/joel-jebitto/ROS_workspace/install/cpp_pubsub/share/ament_index/resource_index/packages/cpp_pubsub
[3.550s] -- Up-to-date: /home/joel-jebitto/ROS_workspace/install/cpp_pubsub/share/cpp_pubsub/cmake/cpp_pubsubConfig.cmake
[3.550s] -- Up-to-date: /home/joel-jebitto/ROS_workspace/install/cpp_pubsub/share/cpp_pubsub/cmake/cpp_pubsubConfig-version.cmake
[3.550s] -- Up-to-date: /home/joel-jebitto/ROS_workspace/install/cpp_pubsub/share/cpp_pubsub/package.xml
[3.551s] Invoked command in '/home/joel-jebitto/ROS_workspace/build/cpp_pubsub' returned '0': CMAKE_PREFIX_PATH=${CMAKE_PREFIX_PATH}:/home/joel-jebitto/ROS_workspace/install/my_py_pkg:/opt/ros/jazzy DEBUGINFOD_URLS=https://debuginfod.ubuntu.com /usr/bin/cmake --install /home/joel-jebitto/ROS_workspace/build/cpp_pubsub
