[0.132s] DEBUG:colcon:Command line arguments: ['/usr/bin/colcon', 'build']
[0.133s] DEBUG:colcon:Parsed command line arguments: Namespace(log_base=None, log_level=None, verb_name='build', build_base='build', install_base='install', merge_install=False, symlink_install=False, test_result_base=None, continue_on_error=False, executor='parallel', parallel_workers=8, event_handlers=None, ignore_user_meta=False, metas=['./colcon.meta'], base_paths=['.'], packages_ignore=None, packages_ignore_regex=None, paths=None, packages_up_to=None, packages_up_to_regex=None, packages_above=None, packages_above_and_dependencies=None, packages_above_depth=None, packages_select_by_dep=None, packages_skip_by_dep=None, packages_skip_up_to=None, packages_select_build_failed=False, packages_skip_build_finished=False, packages_select_test_failures=False, packages_skip_test_passed=False, packages_select=None, packages_skip=None, packages_select_regex=None, packages_skip_regex=None, packages_start=None, packages_end=None, allow_overriding=[], cmake_args=None, cmake_target=None, cmake_target_skip_unavailable=False, cmake_clean_cache=False, cmake_clean_first=False, cmake_force_configure=False, ament_cmake_args=None, catkin_cmake_args=None, catkin_skip_building_tests=False, mixin_files=None, mixin=None, verb_parser=<colcon_mixin.mixin.mixin_argument.MixinArgumentDecorator object at 0x711f2e555f70>, verb_extension=<colcon_core.verb.build.BuildVerb object at 0x711f2e555cd0>, main=<bound method BuildVerb.main of <colcon_core.verb.build.BuildVerb object at 0x711f2e555cd0>>, mixin_verb=('build',))
[0.161s] Level 1:colcon.colcon_core.package_discovery:discover_packages(colcon_meta) check parameters
[0.161s] Level 1:colcon.colcon_core.package_discovery:discover_packages(recursive) check parameters
[0.161s] Level 1:colcon.colcon_core.package_discovery:discover_packages(ignore) check parameters
[0.161s] Level 1:colcon.colcon_core.package_discovery:discover_packages(path) check parameters
[0.161s] Level 1:colcon.colcon_core.package_discovery:discover_packages(colcon_meta) discover
[0.161s] Level 1:colcon.colcon_core.package_discovery:discover_packages(recursive) discover
[0.161s] INFO:colcon.colcon_core.package_discovery:Crawling recursively for packages in '/home/joel-jebitto/ROS_workspace'
[0.161s] Level 1:colcon.colcon_core.package_identification:_identify(.) by extensions ['ignore', 'ignore_ament_install']
[0.162s] Level 1:colcon.colcon_core.package_identification:_identify(.) by extension 'ignore'
[0.162s] Level 1:colcon.colcon_core.package_identification:_identify(.) by extension 'ignore_ament_install'
[0.162s] Level 1:colcon.colcon_core.package_identification:_identify(.) by extensions ['colcon_pkg']
[0.162s] Level 1:colcon.colcon_core.package_identification:_identify(.) by extension 'colcon_pkg'
[0.162s] Level 1:colcon.colcon_core.package_identification:_identify(.) by extensions ['colcon_meta']
[0.162s] Level 1:colcon.colcon_core.package_identification:_identify(.) by extension 'colcon_meta'
[0.162s] Level 1:colcon.colcon_core.package_identification:_identify(.) by extensions ['ros']
[0.162s] Level 1:colcon.colcon_core.package_identification:_identify(.) by extension 'ros'
[0.181s] Level 1:colcon.colcon_core.package_identification:_identify(.) by extensions ['cmake', 'python']
[0.181s] Level 1:colcon.colcon_core.package_identification:_identify(.) by extension 'cmake'
[0.181s] Level 1:colcon.colcon_core.package_identification:_identify(.) by extension 'python'
[0.181s] Level 1:colcon.colcon_core.package_identification:_identify(.) by extensions ['python_setup_py']
[0.181s] Level 1:colcon.colcon_core.package_identification:_identify(.) by extension 'python_setup_py'
[0.181s] Level 1:colcon.colcon_core.package_identification:_identify(build) by extensions ['ignore', 'ignore_ament_install']
[0.181s] Level 1:colcon.colcon_core.package_identification:_identify(build) by extension 'ignore'
[0.181s] Level 1:colcon.colcon_core.package_identification:_identify(build) ignored
[0.181s] Level 1:colcon.colcon_core.package_identification:_identify(install) by extensions ['ignore', 'ignore_ament_install']
[0.182s] Level 1:colcon.colcon_core.package_identification:_identify(install) by extension 'ignore'
[0.182s] Level 1:colcon.colcon_core.package_identification:_identify(install) ignored
[0.182s] Level 1:colcon.colcon_core.package_identification:_identify(log) by extensions ['ignore', 'ignore_ament_install']
[0.182s] Level 1:colcon.colcon_core.package_identification:_identify(log) by extension 'ignore'
[0.182s] Level 1:colcon.colcon_core.package_identification:_identify(log) ignored
[0.182s] Level 1:colcon.colcon_core.package_identification:_identify(src) by extensions ['ignore', 'ignore_ament_install']
[0.182s] Level 1:colcon.colcon_core.package_identification:_identify(src) by extension 'ignore'
[0.182s] Level 1:colcon.colcon_core.package_identification:_identify(src) by extension 'ignore_ament_install'
[0.182s] Level 1:colcon.colcon_core.package_identification:_identify(src) by extensions ['colcon_pkg']
[0.182s] Level 1:colcon.colcon_core.package_identification:_identify(src) by extension 'colcon_pkg'
[0.182s] Level 1:colcon.colcon_core.package_identification:_identify(src) by extensions ['colcon_meta']
[0.182s] Level 1:colcon.colcon_core.package_identification:_identify(src) by extension 'colcon_meta'
[0.182s] Level 1:colcon.colcon_core.package_identification:_identify(src) by extensions ['ros']
[0.182s] Level 1:colcon.colcon_core.package_identification:_identify(src) by extension 'ros'
[0.182s] Level 1:colcon.colcon_core.package_identification:_identify(src) by extensions ['cmake', 'python']
[0.182s] Level 1:colcon.colcon_core.package_identification:_identify(src) by extension 'cmake'
[0.182s] Level 1:colcon.colcon_core.package_identification:_identify(src) by extension 'python'
[0.182s] Level 1:colcon.colcon_core.package_identification:_identify(src) by extensions ['python_setup_py']
[0.182s] Level 1:colcon.colcon_core.package_identification:_identify(src) by extension 'python_setup_py'
[0.182s] Level 1:colcon.colcon_core.package_identification:_identify(src/build) by extensions ['ignore', 'ignore_ament_install']
[0.182s] Level 1:colcon.colcon_core.package_identification:_identify(src/build) by extension 'ignore'
[0.183s] Level 1:colcon.colcon_core.package_identification:_identify(src/build) by extension 'ignore_ament_install'
[0.183s] Level 1:colcon.colcon_core.package_identification:_identify(src/build) by extensions ['colcon_pkg']
[0.183s] Level 1:colcon.colcon_core.package_identification:_identify(src/build) by extension 'colcon_pkg'
[0.183s] Level 1:colcon.colcon_core.package_identification:_identify(src/build) by extensions ['colcon_meta']
[0.183s] Level 1:colcon.colcon_core.package_identification:_identify(src/build) by extension 'colcon_meta'
[0.183s] Level 1:colcon.colcon_core.package_identification:_identify(src/build) by extensions ['ros']
[0.183s] Level 1:colcon.colcon_core.package_identification:_identify(src/build) by extension 'ros'
[0.183s] Level 1:colcon.colcon_core.package_identification:_identify(src/build) ignored
[0.183s] Level 1:colcon.colcon_core.package_identification:_identify(src/cpp_pubsub) by extensions ['ignore', 'ignore_ament_install']
[0.183s] Level 1:colcon.colcon_core.package_identification:_identify(src/cpp_pubsub) by extension 'ignore'
[0.183s] Level 1:colcon.colcon_core.package_identification:_identify(src/cpp_pubsub) by extension 'ignore_ament_install'
[0.183s] Level 1:colcon.colcon_core.package_identification:_identify(src/cpp_pubsub) by extensions ['colcon_pkg']
[0.183s] Level 1:colcon.colcon_core.package_identification:_identify(src/cpp_pubsub) by extension 'colcon_pkg'
[0.183s] Level 1:colcon.colcon_core.package_identification:_identify(src/cpp_pubsub) by extensions ['colcon_meta']
[0.183s] Level 1:colcon.colcon_core.package_identification:_identify(src/cpp_pubsub) by extension 'colcon_meta'
[0.183s] Level 1:colcon.colcon_core.package_identification:_identify(src/cpp_pubsub) by extensions ['ros']
[0.183s] Level 1:colcon.colcon_core.package_identification:_identify(src/cpp_pubsub) by extension 'ros'
[0.185s] DEBUG:colcon.colcon_core.package_identification:Package 'src/cpp_pubsub' with type 'ros.ament_cmake' and name 'cpp_pubsub'
[0.185s] Level 1:colcon.colcon_core.package_identification:_identify(src/my_py_pkg) by extensions ['ignore', 'ignore_ament_install']
[0.185s] Level 1:colcon.colcon_core.package_identification:_identify(src/my_py_pkg) by extension 'ignore'
[0.185s] Level 1:colcon.colcon_core.package_identification:_identify(src/my_py_pkg) by extension 'ignore_ament_install'
[0.185s] Level 1:colcon.colcon_core.package_identification:_identify(src/my_py_pkg) by extensions ['colcon_pkg']
[0.185s] Level 1:colcon.colcon_core.package_identification:_identify(src/my_py_pkg) by extension 'colcon_pkg'
[0.185s] Level 1:colcon.colcon_core.package_identification:_identify(src/my_py_pkg) by extensions ['colcon_meta']
[0.185s] Level 1:colcon.colcon_core.package_identification:_identify(src/my_py_pkg) by extension 'colcon_meta'
[0.185s] Level 1:colcon.colcon_core.package_identification:_identify(src/my_py_pkg) by extensions ['ros']
[0.185s] Level 1:colcon.colcon_core.package_identification:_identify(src/my_py_pkg) by extension 'ros'
[0.186s] DEBUG:colcon.colcon_core.package_identification:Package 'src/my_py_pkg' with type 'ros.ament_python' and name 'my_py_pkg'
[0.186s] Level 1:colcon.colcon_core.package_identification:_identify(src/my_robot_interface) by extensions ['ignore', 'ignore_ament_install']
[0.186s] Level 1:colcon.colcon_core.package_identification:_identify(src/my_robot_interface) by extension 'ignore'
[0.186s] Level 1:colcon.colcon_core.package_identification:_identify(src/my_robot_interface) by extension 'ignore_ament_install'
[0.186s] Level 1:colcon.colcon_core.package_identification:_identify(src/my_robot_interface) by extensions ['colcon_pkg']
[0.186s] Level 1:colcon.colcon_core.package_identification:_identify(src/my_robot_interface) by extension 'colcon_pkg'
[0.186s] Level 1:colcon.colcon_core.package_identification:_identify(src/my_robot_interface) by extensions ['colcon_meta']
[0.186s] Level 1:colcon.colcon_core.package_identification:_identify(src/my_robot_interface) by extension 'colcon_meta'
[0.186s] Level 1:colcon.colcon_core.package_identification:_identify(src/my_robot_interface) by extensions ['ros']
[0.186s] Level 1:colcon.colcon_core.package_identification:_identify(src/my_robot_interface) by extension 'ros'
[0.187s] DEBUG:colcon.colcon_core.package_identification:Package 'src/my_robot_interface' with type 'ros.ament_cmake' and name 'my_robot_interface'
[0.187s] Level 1:colcon.colcon_core.package_discovery:discover_packages(recursive) using defaults
[0.187s] Level 1:colcon.colcon_core.package_discovery:discover_packages(ignore) discover
[0.187s] Level 1:colcon.colcon_core.package_discovery:discover_packages(ignore) using defaults
[0.187s] Level 1:colcon.colcon_core.package_discovery:discover_packages(path) discover
[0.187s] Level 1:colcon.colcon_core.package_discovery:discover_packages(path) using defaults
[0.200s] Level 1:colcon.colcon_core.package_discovery:discover_packages(prefix_path) check parameters
[0.200s] Level 1:colcon.colcon_core.package_discovery:discover_packages(prefix_path) discover
[0.202s] DEBUG:colcon.colcon_installed_package_information.package_discovery:Found 3 installed packages in /home/joel-jebitto/ROS_workspace/install
[0.203s] DEBUG:colcon.colcon_installed_package_information.package_discovery:Found 285 installed packages in /opt/ros/jazzy
[0.204s] Level 1:colcon.colcon_core.package_discovery:discover_packages(prefix_path) using defaults
[0.238s] Level 5:colcon.colcon_core.verb:set package 'my_py_pkg' build argument 'cmake_args' from command line to 'None'
[0.238s] Level 5:colcon.colcon_core.verb:set package 'my_py_pkg' build argument 'cmake_target' from command line to 'None'
[0.239s] Level 5:colcon.colcon_core.verb:set package 'my_py_pkg' build argument 'cmake_target_skip_unavailable' from command line to 'False'
[0.239s] Level 5:colcon.colcon_core.verb:set package 'my_py_pkg' build argument 'cmake_clean_cache' from command line to 'False'
[0.239s] Level 5:colcon.colcon_core.verb:set package 'my_py_pkg' build argument 'cmake_clean_first' from command line to 'False'
[0.239s] Level 5:colcon.colcon_core.verb:set package 'my_py_pkg' build argument 'cmake_force_configure' from command line to 'False'
[0.239s] Level 5:colcon.colcon_core.verb:set package 'my_py_pkg' build argument 'ament_cmake_args' from command line to 'None'
[0.239s] Level 5:colcon.colcon_core.verb:set package 'my_py_pkg' build argument 'catkin_cmake_args' from command line to 'None'
[0.239s] Level 5:colcon.colcon_core.verb:set package 'my_py_pkg' build argument 'catkin_skip_building_tests' from command line to 'False'
[0.239s] DEBUG:colcon.colcon_core.verb:Building package 'my_py_pkg' with the following arguments: {'ament_cmake_args': None, 'build_base': '/home/joel-jebitto/ROS_workspace/build/my_py_pkg', 'catkin_cmake_args': None, 'catkin_skip_building_tests': False, 'cmake_args': None, 'cmake_clean_cache': False, 'cmake_clean_first': False, 'cmake_force_configure': False, 'cmake_target': None, 'cmake_target_skip_unavailable': False, 'install_base': '/home/joel-jebitto/ROS_workspace/install/my_py_pkg', 'merge_install': False, 'path': '/home/joel-jebitto/ROS_workspace/src/my_py_pkg', 'symlink_install': False, 'test_result_base': None}
[0.239s] Level 5:colcon.colcon_core.verb:set package 'my_robot_interface' build argument 'cmake_args' from command line to 'None'
[0.239s] Level 5:colcon.colcon_core.verb:set package 'my_robot_interface' build argument 'cmake_target' from command line to 'None'
[0.239s] Level 5:colcon.colcon_core.verb:set package 'my_robot_interface' build argument 'cmake_target_skip_unavailable' from command line to 'False'
[0.239s] Level 5:colcon.colcon_core.verb:set package 'my_robot_interface' build argument 'cmake_clean_cache' from command line to 'False'
[0.239s] Level 5:colcon.colcon_core.verb:set package 'my_robot_interface' build argument 'cmake_clean_first' from command line to 'False'
[0.239s] Level 5:colcon.colcon_core.verb:set package 'my_robot_interface' build argument 'cmake_force_configure' from command line to 'False'
[0.239s] Level 5:colcon.colcon_core.verb:set package 'my_robot_interface' build argument 'ament_cmake_args' from command line to 'None'
[0.239s] Level 5:colcon.colcon_core.verb:set package 'my_robot_interface' build argument 'catkin_cmake_args' from command line to 'None'
[0.239s] Level 5:colcon.colcon_core.verb:set package 'my_robot_interface' build argument 'catkin_skip_building_tests' from command line to 'False'
[0.239s] DEBUG:colcon.colcon_core.verb:Building package 'my_robot_interface' with the following arguments: {'ament_cmake_args': None, 'build_base': '/home/joel-jebitto/ROS_workspace/build/my_robot_interface', 'catkin_cmake_args': None, 'catkin_skip_building_tests': False, 'cmake_args': None, 'cmake_clean_cache': False, 'cmake_clean_first': False, 'cmake_force_configure': False, 'cmake_target': None, 'cmake_target_skip_unavailable': False, 'install_base': '/home/joel-jebitto/ROS_workspace/install/my_robot_interface', 'merge_install': False, 'path': '/home/joel-jebitto/ROS_workspace/src/my_robot_interface', 'symlink_install': False, 'test_result_base': None}
[0.239s] Level 5:colcon.colcon_core.verb:set package 'cpp_pubsub' build argument 'cmake_args' from command line to 'None'
[0.239s] Level 5:colcon.colcon_core.verb:set package 'cpp_pubsub' build argument 'cmake_target' from command line to 'None'
[0.239s] Level 5:colcon.colcon_core.verb:set package 'cpp_pubsub' build argument 'cmake_target_skip_unavailable' from command line to 'False'
[0.239s] Level 5:colcon.colcon_core.verb:set package 'cpp_pubsub' build argument 'cmake_clean_cache' from command line to 'False'
[0.239s] Level 5:colcon.colcon_core.verb:set package 'cpp_pubsub' build argument 'cmake_clean_first' from command line to 'False'
[0.239s] Level 5:colcon.colcon_core.verb:set package 'cpp_pubsub' build argument 'cmake_force_configure' from command line to 'False'
[0.239s] Level 5:colcon.colcon_core.verb:set package 'cpp_pubsub' build argument 'ament_cmake_args' from command line to 'None'
[0.239s] Level 5:colcon.colcon_core.verb:set package 'cpp_pubsub' build argument 'catkin_cmake_args' from command line to 'None'
[0.239s] Level 5:colcon.colcon_core.verb:set package 'cpp_pubsub' build argument 'catkin_skip_building_tests' from command line to 'False'
[0.239s] DEBUG:colcon.colcon_core.verb:Building package 'cpp_pubsub' with the following arguments: {'ament_cmake_args': None, 'build_base': '/home/joel-jebitto/ROS_workspace/build/cpp_pubsub', 'catkin_cmake_args': None, 'catkin_skip_building_tests': False, 'cmake_args': None, 'cmake_clean_cache': False, 'cmake_clean_first': False, 'cmake_force_configure': False, 'cmake_target': None, 'cmake_target_skip_unavailable': False, 'install_base': '/home/joel-jebitto/ROS_workspace/install/cpp_pubsub', 'merge_install': False, 'path': '/home/joel-jebitto/ROS_workspace/src/cpp_pubsub', 'symlink_install': False, 'test_result_base': None}
[0.240s] INFO:colcon.colcon_core.executor:Executing jobs using 'parallel' executor
[0.241s] DEBUG:colcon.colcon_parallel_executor.executor.parallel:run_until_complete
[0.241s] INFO:colcon.colcon_ros.task.ament_cmake.build:Building ROS package in '/home/joel-jebitto/ROS_workspace/src/my_robot_interface' with build type 'ament_cmake'
[0.241s] INFO:colcon.colcon_cmake.task.cmake.build:Building CMake package in '/home/joel-jebitto/ROS_workspace/src/my_robot_interface'
[0.242s] INFO:colcon.colcon_core.plugin_system:Skipping extension 'colcon_core.shell.bat': Not used on non-Windows systems
[0.242s] INFO:colcon.colcon_core.shell:Skip shell extension 'powershell' for command environment: Not usable outside of PowerShell
[0.242s] DEBUG:colcon.colcon_core.shell:Skip shell extension 'dsv' for command environment
[0.245s] INFO:colcon.colcon_ros.task.ament_python.build:Building ROS package in '/home/joel-jebitto/ROS_workspace/src/my_py_pkg' with build type 'ament_python'
[0.245s] Level 1:colcon.colcon_core.shell:create_environment_hook('my_py_pkg', 'ament_prefix_path')
[0.245s] INFO:colcon.colcon_core.shell:Creating environment hook '/home/joel-jebitto/ROS_workspace/install/my_py_pkg/share/my_py_pkg/hook/ament_prefix_path.ps1'
[0.246s] INFO:colcon.colcon_core.shell:Creating environment descriptor '/home/joel-jebitto/ROS_workspace/install/my_py_pkg/share/my_py_pkg/hook/ament_prefix_path.dsv'
[0.246s] INFO:colcon.colcon_core.shell:Creating environment hook '/home/joel-jebitto/ROS_workspace/install/my_py_pkg/share/my_py_pkg/hook/ament_prefix_path.sh'
[0.247s] INFO:colcon.colcon_core.shell:Skip shell extension 'powershell' for command environment: Not usable outside of PowerShell
[0.247s] DEBUG:colcon.colcon_core.shell:Skip shell extension 'dsv' for command environment
[0.254s] DEBUG:colcon.colcon_core.event_handler.log_command:Invoking command in '/home/joel-jebitto/ROS_workspace/build/my_robot_interface': CMAKE_PREFIX_PATH=${CMAKE_PREFIX_PATH}:/home/joel-jebitto/ROS_workspace/install/my_py_pkg:/opt/ros/jazzy DEBUGINFOD_URLS=https://debuginfod.ubuntu.com /usr/bin/cmake --build /home/joel-jebitto/ROS_workspace/build/my_robot_interface -- -j8 -l8
[0.666s] INFO:colcon.colcon_core.task.python.build:Building Python package in '/home/joel-jebitto/ROS_workspace/src/my_py_pkg'
[0.666s] INFO:colcon.colcon_core.shell:Skip shell extension 'powershell' for command environment: Not usable outside of PowerShell
[0.666s] DEBUG:colcon.colcon_core.shell:Skip shell extension 'dsv' for command environment
[1.300s] DEBUG:colcon.colcon_core.event_handler.log_command:Invoking command in '/home/joel-jebitto/ROS_workspace/src/my_py_pkg': DEBUGINFOD_URLS=https://debuginfod.ubuntu.com PYTHONPATH=/home/joel-jebitto/ROS_workspace/build/my_py_pkg/prefix_override:/usr/lib/python3/dist-packages/colcon_core/task/python/colcon_distutils_commands:/home/joel-jebitto/ROS_workspace/install/my_py_pkg/lib/python3.12/site-packages:${PYTHONPATH} /usr/bin/python3 -W ignore:setup.py install is deprecated -W ignore:easy_install command is deprecated setup.py egg_info --egg-base ../../build/my_py_pkg build --build-base /home/joel-jebitto/ROS_workspace/build/my_py_pkg/build install --record /home/joel-jebitto/ROS_workspace/build/my_py_pkg/install.log --single-version-externally-managed install_data
[1.936s] DEBUG:colcon.colcon_core.event_handler.log_command:Invoked command in '/home/joel-jebitto/ROS_workspace/src/my_py_pkg' returned '0': DEBUGINFOD_URLS=https://debuginfod.ubuntu.com PYTHONPATH=/home/joel-jebitto/ROS_workspace/build/my_py_pkg/prefix_override:/usr/lib/python3/dist-packages/colcon_core/task/python/colcon_distutils_commands:/home/joel-jebitto/ROS_workspace/install/my_py_pkg/lib/python3.12/site-packages:${PYTHONPATH} /usr/bin/python3 -W ignore:setup.py install is deprecated -W ignore:easy_install command is deprecated setup.py egg_info --egg-base ../../build/my_py_pkg build --build-base /home/joel-jebitto/ROS_workspace/build/my_py_pkg/build install --record /home/joel-jebitto/ROS_workspace/build/my_py_pkg/install.log --single-version-externally-managed install_data
[1.938s] Level 1:colcon.colcon_core.environment:checking '/home/joel-jebitto/ROS_workspace/install/my_py_pkg' for CMake module files
[1.939s] Level 1:colcon.colcon_core.environment:checking '/home/joel-jebitto/ROS_workspace/install/my_py_pkg' for CMake config files
[1.939s] Level 1:colcon.colcon_core.environment:checking '/home/joel-jebitto/ROS_workspace/install/my_py_pkg/lib'
[1.940s] Level 1:colcon.colcon_core.environment:checking '/home/joel-jebitto/ROS_workspace/install/my_py_pkg/bin'
[1.940s] Level 1:colcon.colcon_core.environment:checking '/home/joel-jebitto/ROS_workspace/install/my_py_pkg/lib/pkgconfig/my_py_pkg.pc'
[1.940s] Level 1:colcon.colcon_core.environment:checking '/home/joel-jebitto/ROS_workspace/install/my_py_pkg/lib/python3.12/site-packages'
[1.940s] Level 1:colcon.colcon_core.shell:create_environment_hook('my_py_pkg', 'pythonpath')
[1.940s] INFO:colcon.colcon_core.shell:Creating environment hook '/home/joel-jebitto/ROS_workspace/install/my_py_pkg/share/my_py_pkg/hook/pythonpath.ps1'
[1.941s] INFO:colcon.colcon_core.shell:Creating environment descriptor '/home/joel-jebitto/ROS_workspace/install/my_py_pkg/share/my_py_pkg/hook/pythonpath.dsv'
[1.941s] INFO:colcon.colcon_core.shell:Creating environment hook '/home/joel-jebitto/ROS_workspace/install/my_py_pkg/share/my_py_pkg/hook/pythonpath.sh'
[1.942s] Level 1:colcon.colcon_core.environment:checking '/home/joel-jebitto/ROS_workspace/install/my_py_pkg/bin'
[1.942s] Level 1:colcon.colcon_core.environment:create_environment_scripts_only(my_py_pkg)
[1.942s] INFO:colcon.colcon_core.shell:Creating package script '/home/joel-jebitto/ROS_workspace/install/my_py_pkg/share/my_py_pkg/package.ps1'
[1.943s] INFO:colcon.colcon_core.shell:Creating package descriptor '/home/joel-jebitto/ROS_workspace/install/my_py_pkg/share/my_py_pkg/package.dsv'
[1.943s] INFO:colcon.colcon_core.shell:Creating package script '/home/joel-jebitto/ROS_workspace/install/my_py_pkg/share/my_py_pkg/package.sh'
[1.944s] INFO:colcon.colcon_core.shell:Creating package script '/home/joel-jebitto/ROS_workspace/install/my_py_pkg/share/my_py_pkg/package.bash'
[1.944s] INFO:colcon.colcon_core.shell:Creating package script '/home/joel-jebitto/ROS_workspace/install/my_py_pkg/share/my_py_pkg/package.zsh'
[1.945s] Level 1:colcon.colcon_core.environment:create_file_with_runtime_dependencies(/home/joel-jebitto/ROS_workspace/install/my_py_pkg/share/colcon-core/packages/my_py_pkg)
[6.615s] DEBUG:colcon.colcon_core.event_handler.log_command:Invoked command in '/home/joel-jebitto/ROS_workspace/build/my_robot_interface' returned '0': CMAKE_PREFIX_PATH=${CMAKE_PREFIX_PATH}:/home/joel-jebitto/ROS_workspace/install/my_py_pkg:/opt/ros/jazzy DEBUGINFOD_URLS=https://debuginfod.ubuntu.com /usr/bin/cmake --build /home/joel-jebitto/ROS_workspace/build/my_robot_interface -- -j8 -l8
[6.630s] DEBUG:colcon.colcon_core.event_handler.log_command:Invoking command in '/home/joel-jebitto/ROS_workspace/build/my_robot_interface': CMAKE_PREFIX_PATH=${CMAKE_PREFIX_PATH}:/home/joel-jebitto/ROS_workspace/install/my_py_pkg:/opt/ros/jazzy DEBUGINFOD_URLS=https://debuginfod.ubuntu.com /usr/bin/cmake --install /home/joel-jebitto/ROS_workspace/build/my_robot_interface
[6.806s] Level 1:colcon.colcon_core.environment:create_environment_scripts_only(my_robot_interface)
[6.806s] Level 1:colcon.colcon_core.environment:checking '/home/joel-jebitto/ROS_workspace/install/my_robot_interface' for CMake module files
[6.807s] DEBUG:colcon.colcon_core.event_handler.log_command:Invoked command in '/home/joel-jebitto/ROS_workspace/build/my_robot_interface' returned '0': CMAKE_PREFIX_PATH=${CMAKE_PREFIX_PATH}:/home/joel-jebitto/ROS_workspace/install/my_py_pkg:/opt/ros/jazzy DEBUGINFOD_URLS=https://debuginfod.ubuntu.com /usr/bin/cmake --install /home/joel-jebitto/ROS_workspace/build/my_robot_interface
[6.808s] Level 1:colcon.colcon_core.environment:checking '/home/joel-jebitto/ROS_workspace/install/my_robot_interface' for CMake config files
[6.808s] Level 1:colcon.colcon_core.shell:create_environment_hook('my_robot_interface', 'cmake_prefix_path')
[6.808s] INFO:colcon.colcon_core.shell:Creating environment hook '/home/joel-jebitto/ROS_workspace/install/my_robot_interface/share/my_robot_interface/hook/cmake_prefix_path.ps1'
[6.809s] INFO:colcon.colcon_core.shell:Creating environment descriptor '/home/joel-jebitto/ROS_workspace/install/my_robot_interface/share/my_robot_interface/hook/cmake_prefix_path.dsv'
[6.810s] INFO:colcon.colcon_core.shell:Creating environment hook '/home/joel-jebitto/ROS_workspace/install/my_robot_interface/share/my_robot_interface/hook/cmake_prefix_path.sh'
[6.811s] Level 1:colcon.colcon_core.environment:checking '/home/joel-jebitto/ROS_workspace/install/my_robot_interface/lib'
[6.811s] Level 1:colcon.colcon_core.shell:create_environment_hook('my_robot_interface', 'ld_library_path_lib')
[6.812s] INFO:colcon.colcon_core.shell:Creating environment hook '/home/joel-jebitto/ROS_workspace/install/my_robot_interface/share/my_robot_interface/hook/ld_library_path_lib.ps1'
[6.812s] INFO:colcon.colcon_core.shell:Creating environment descriptor '/home/joel-jebitto/ROS_workspace/install/my_robot_interface/share/my_robot_interface/hook/ld_library_path_lib.dsv'
[6.813s] INFO:colcon.colcon_core.shell:Creating environment hook '/home/joel-jebitto/ROS_workspace/install/my_robot_interface/share/my_robot_interface/hook/ld_library_path_lib.sh'
[6.813s] Level 1:colcon.colcon_core.environment:checking '/home/joel-jebitto/ROS_workspace/install/my_robot_interface/bin'
[6.813s] Level 1:colcon.colcon_core.environment:checking '/home/joel-jebitto/ROS_workspace/install/my_robot_interface/lib/pkgconfig/my_robot_interface.pc'
[6.814s] Level 1:colcon.colcon_core.environment:checking '/home/joel-jebitto/ROS_workspace/install/my_robot_interface/lib/python3.12/site-packages'
[6.814s] Level 1:colcon.colcon_core.shell:create_environment_hook('my_robot_interface', 'pythonpath')
[6.814s] INFO:colcon.colcon_core.shell:Creating environment hook '/home/joel-jebitto/ROS_workspace/install/my_robot_interface/share/my_robot_interface/hook/pythonpath.ps1'
[6.814s] INFO:colcon.colcon_core.shell:Creating environment descriptor '/home/joel-jebitto/ROS_workspace/install/my_robot_interface/share/my_robot_interface/hook/pythonpath.dsv'
[6.815s] INFO:colcon.colcon_core.shell:Creating environment hook '/home/joel-jebitto/ROS_workspace/install/my_robot_interface/share/my_robot_interface/hook/pythonpath.sh'
[6.815s] Level 1:colcon.colcon_core.environment:checking '/home/joel-jebitto/ROS_workspace/install/my_robot_interface/bin'
[6.816s] INFO:colcon.colcon_core.shell:Creating package script '/home/joel-jebitto/ROS_workspace/install/my_robot_interface/share/my_robot_interface/package.ps1'
[6.816s] INFO:colcon.colcon_core.shell:Creating package descriptor '/home/joel-jebitto/ROS_workspace/install/my_robot_interface/share/my_robot_interface/package.dsv'
[6.817s] INFO:colcon.colcon_core.shell:Creating package script '/home/joel-jebitto/ROS_workspace/install/my_robot_interface/share/my_robot_interface/package.sh'
[6.817s] INFO:colcon.colcon_core.shell:Creating package script '/home/joel-jebitto/ROS_workspace/install/my_robot_interface/share/my_robot_interface/package.bash'
[6.818s] INFO:colcon.colcon_core.shell:Creating package script '/home/joel-jebitto/ROS_workspace/install/my_robot_interface/share/my_robot_interface/package.zsh'
[6.818s] Level 1:colcon.colcon_core.environment:create_file_with_runtime_dependencies(/home/joel-jebitto/ROS_workspace/install/my_robot_interface/share/colcon-core/packages/my_robot_interface)
[6.819s] Level 1:colcon.colcon_core.environment:create_environment_scripts_only(my_robot_interface)
[6.819s] Level 1:colcon.colcon_core.environment:checking '/home/joel-jebitto/ROS_workspace/install/my_robot_interface' for CMake module files
[6.820s] Level 1:colcon.colcon_core.environment:checking '/home/joel-jebitto/ROS_workspace/install/my_robot_interface' for CMake config files
[6.820s] Level 1:colcon.colcon_core.shell:create_environment_hook('my_robot_interface', 'cmake_prefix_path')
[6.820s] INFO:colcon.colcon_core.shell:Creating environment hook '/home/joel-jebitto/ROS_workspace/install/my_robot_interface/share/my_robot_interface/hook/cmake_prefix_path.ps1'
[6.820s] INFO:colcon.colcon_core.shell:Creating environment descriptor '/home/joel-jebitto/ROS_workspace/install/my_robot_interface/share/my_robot_interface/hook/cmake_prefix_path.dsv'
[6.821s] INFO:colcon.colcon_core.shell:Creating environment hook '/home/joel-jebitto/ROS_workspace/install/my_robot_interface/share/my_robot_interface/hook/cmake_prefix_path.sh'
[6.821s] Level 1:colcon.colcon_core.environment:checking '/home/joel-jebitto/ROS_workspace/install/my_robot_interface/lib'
[6.821s] Level 1:colcon.colcon_core.shell:create_environment_hook('my_robot_interface', 'ld_library_path_lib')
[6.821s] INFO:colcon.colcon_core.shell:Creating environment hook '/home/joel-jebitto/ROS_workspace/install/my_robot_interface/share/my_robot_interface/hook/ld_library_path_lib.ps1'
[6.822s] INFO:colcon.colcon_core.shell:Creating environment descriptor '/home/joel-jebitto/ROS_workspace/install/my_robot_interface/share/my_robot_interface/hook/ld_library_path_lib.dsv'
[6.822s] INFO:colcon.colcon_core.shell:Creating environment hook '/home/joel-jebitto/ROS_workspace/install/my_robot_interface/share/my_robot_interface/hook/ld_library_path_lib.sh'
[6.823s] Level 1:colcon.colcon_core.environment:checking '/home/joel-jebitto/ROS_workspace/install/my_robot_interface/bin'
[6.823s] Level 1:colcon.colcon_core.environment:checking '/home/joel-jebitto/ROS_workspace/install/my_robot_interface/lib/pkgconfig/my_robot_interface.pc'
[6.823s] Level 1:colcon.colcon_core.environment:checking '/home/joel-jebitto/ROS_workspace/install/my_robot_interface/lib/python3.12/site-packages'
[6.823s] Level 1:colcon.colcon_core.shell:create_environment_hook('my_robot_interface', 'pythonpath')
[6.824s] INFO:colcon.colcon_core.shell:Creating environment hook '/home/joel-jebitto/ROS_workspace/install/my_robot_interface/share/my_robot_interface/hook/pythonpath.ps1'
[6.824s] INFO:colcon.colcon_core.shell:Creating environment descriptor '/home/joel-jebitto/ROS_workspace/install/my_robot_interface/share/my_robot_interface/hook/pythonpath.dsv'
[6.825s] INFO:colcon.colcon_core.shell:Creating environment hook '/home/joel-jebitto/ROS_workspace/install/my_robot_interface/share/my_robot_interface/hook/pythonpath.sh'
[6.825s] Level 1:colcon.colcon_core.environment:checking '/home/joel-jebitto/ROS_workspace/install/my_robot_interface/bin'
[6.826s] INFO:colcon.colcon_core.shell:Creating package script '/home/joel-jebitto/ROS_workspace/install/my_robot_interface/share/my_robot_interface/package.ps1'
[6.826s] INFO:colcon.colcon_core.shell:Creating package descriptor '/home/joel-jebitto/ROS_workspace/install/my_robot_interface/share/my_robot_interface/package.dsv'
[6.827s] INFO:colcon.colcon_core.shell:Creating package script '/home/joel-jebitto/ROS_workspace/install/my_robot_interface/share/my_robot_interface/package.sh'
[6.827s] INFO:colcon.colcon_core.shell:Creating package script '/home/joel-jebitto/ROS_workspace/install/my_robot_interface/share/my_robot_interface/package.bash'
[6.827s] INFO:colcon.colcon_core.shell:Creating package script '/home/joel-jebitto/ROS_workspace/install/my_robot_interface/share/my_robot_interface/package.zsh'
[6.828s] Level 1:colcon.colcon_core.environment:create_file_with_runtime_dependencies(/home/joel-jebitto/ROS_workspace/install/my_robot_interface/share/colcon-core/packages/my_robot_interface)
[6.828s] INFO:colcon.colcon_ros.task.ament_cmake.build:Building ROS package in '/home/joel-jebitto/ROS_workspace/src/cpp_pubsub' with build type 'ament_cmake'
[6.828s] INFO:colcon.colcon_cmake.task.cmake.build:Building CMake package in '/home/joel-jebitto/ROS_workspace/src/cpp_pubsub'
[6.828s] INFO:colcon.colcon_core.shell:Skip shell extension 'powershell' for command environment: Not usable outside of PowerShell
[6.828s] DEBUG:colcon.colcon_core.shell:Skip shell extension 'dsv' for command environment
[6.842s] DEBUG:colcon.colcon_core.event_handler.log_command:Invoking command in '/home/joel-jebitto/ROS_workspace/build/cpp_pubsub': CMAKE_PREFIX_PATH=/home/joel-jebitto/ROS_workspace/install/my_robot_interface:/home/joel-jebitto/ROS_workspace/install/cpp_pubsub:/opt/ros/jazzy/opt/gz_math_vendor:/opt/ros/jazzy/opt/gz_utils_vendor:/opt/ros/jazzy/opt/gz_cmake_vendor:/opt/ros/jazzy/:/opt/ros/jazzy/:/home/joel-jebitto/ROS_workspace/install/my_py_pkg:/opt/ros/jazzy DEBUGINFOD_URLS=https://debuginfod.ubuntu.com /usr/bin/cmake --build /home/joel-jebitto/ROS_workspace/build/cpp_pubsub -- -j8 -l8
[14.197s] DEBUG:colcon.colcon_core.event_handler.log_command:Invoked command in '/home/joel-jebitto/ROS_workspace/build/cpp_pubsub' returned '0': CMAKE_PREFIX_PATH=/home/joel-jebitto/ROS_workspace/install/my_robot_interface:/home/joel-jebitto/ROS_workspace/install/cpp_pubsub:/opt/ros/jazzy/opt/gz_math_vendor:/opt/ros/jazzy/opt/gz_utils_vendor:/opt/ros/jazzy/opt/gz_cmake_vendor:/opt/ros/jazzy/:/opt/ros/jazzy/:/home/joel-jebitto/ROS_workspace/install/my_py_pkg:/opt/ros/jazzy DEBUGINFOD_URLS=https://debuginfod.ubuntu.com /usr/bin/cmake --build /home/joel-jebitto/ROS_workspace/build/cpp_pubsub -- -j8 -l8
[14.202s] DEBUG:colcon.colcon_core.event_handler.log_command:Invoking command in '/home/joel-jebitto/ROS_workspace/build/cpp_pubsub': CMAKE_PREFIX_PATH=/home/joel-jebitto/ROS_workspace/install/my_robot_interface:/home/joel-jebitto/ROS_workspace/install/cpp_pubsub:/opt/ros/jazzy/opt/gz_math_vendor:/opt/ros/jazzy/opt/gz_utils_vendor:/opt/ros/jazzy/opt/gz_cmake_vendor:/opt/ros/jazzy/:/opt/ros/jazzy/:/home/joel-jebitto/ROS_workspace/install/my_py_pkg:/opt/ros/jazzy DEBUGINFOD_URLS=https://debuginfod.ubuntu.com /usr/bin/cmake --install /home/joel-jebitto/ROS_workspace/build/cpp_pubsub
[14.260s] Level 1:colcon.colcon_core.environment:create_environment_scripts_only(cpp_pubsub)
[14.261s] Level 1:colcon.colcon_core.environment:checking '/home/joel-jebitto/ROS_workspace/install/cpp_pubsub' for CMake module files
[14.264s] DEBUG:colcon.colcon_core.event_handler.log_command:Invoked command in '/home/joel-jebitto/ROS_workspace/build/cpp_pubsub' returned '0': CMAKE_PREFIX_PATH=/home/joel-jebitto/ROS_workspace/install/my_robot_interface:/home/joel-jebitto/ROS_workspace/install/cpp_pubsub:/opt/ros/jazzy/opt/gz_math_vendor:/opt/ros/jazzy/opt/gz_utils_vendor:/opt/ros/jazzy/opt/gz_cmake_vendor:/opt/ros/jazzy/:/opt/ros/jazzy/:/home/joel-jebitto/ROS_workspace/install/my_py_pkg:/opt/ros/jazzy DEBUGINFOD_URLS=https://debuginfod.ubuntu.com /usr/bin/cmake --install /home/joel-jebitto/ROS_workspace/build/cpp_pubsub
[14.268s] Level 1:colcon.colcon_core.environment:checking '/home/joel-jebitto/ROS_workspace/install/cpp_pubsub' for CMake config files
[14.269s] Level 1:colcon.colcon_core.shell:create_environment_hook('cpp_pubsub', 'cmake_prefix_path')
[14.269s] INFO:colcon.colcon_core.shell:Creating environment hook '/home/joel-jebitto/ROS_workspace/install/cpp_pubsub/share/cpp_pubsub/hook/cmake_prefix_path.ps1'
[14.271s] INFO:colcon.colcon_core.shell:Creating environment descriptor '/home/joel-jebitto/ROS_workspace/install/cpp_pubsub/share/cpp_pubsub/hook/cmake_prefix_path.dsv'
[14.275s] INFO:colcon.colcon_core.shell:Creating environment hook '/home/joel-jebitto/ROS_workspace/install/cpp_pubsub/share/cpp_pubsub/hook/cmake_prefix_path.sh'
[14.282s] Level 1:colcon.colcon_core.environment:checking '/home/joel-jebitto/ROS_workspace/install/cpp_pubsub/lib'
[14.282s] Level 1:colcon.colcon_core.environment:checking '/home/joel-jebitto/ROS_workspace/install/cpp_pubsub/bin'
[14.282s] Level 1:colcon.colcon_core.environment:checking '/home/joel-jebitto/ROS_workspace/install/cpp_pubsub/lib/pkgconfig/cpp_pubsub.pc'
[14.283s] Level 1:colcon.colcon_core.environment:checking '/home/joel-jebitto/ROS_workspace/install/cpp_pubsub/lib/python3.12/site-packages'
[14.286s] Level 1:colcon.colcon_core.environment:checking '/home/joel-jebitto/ROS_workspace/install/cpp_pubsub/bin'
[14.287s] INFO:colcon.colcon_core.shell:Creating package script '/home/joel-jebitto/ROS_workspace/install/cpp_pubsub/share/cpp_pubsub/package.ps1'
[14.288s] INFO:colcon.colcon_core.shell:Creating package descriptor '/home/joel-jebitto/ROS_workspace/install/cpp_pubsub/share/cpp_pubsub/package.dsv'
[14.295s] INFO:colcon.colcon_core.shell:Creating package script '/home/joel-jebitto/ROS_workspace/install/cpp_pubsub/share/cpp_pubsub/package.sh'
[14.299s] INFO:colcon.colcon_core.shell:Creating package script '/home/joel-jebitto/ROS_workspace/install/cpp_pubsub/share/cpp_pubsub/package.bash'
[14.302s] INFO:colcon.colcon_core.shell:Creating package script '/home/joel-jebitto/ROS_workspace/install/cpp_pubsub/share/cpp_pubsub/package.zsh'
[14.307s] Level 1:colcon.colcon_core.environment:create_file_with_runtime_dependencies(/home/joel-jebitto/ROS_workspace/install/cpp_pubsub/share/colcon-core/packages/cpp_pubsub)
[14.311s] Level 1:colcon.colcon_core.environment:create_environment_scripts_only(cpp_pubsub)
[14.312s] Level 1:colcon.colcon_core.environment:checking '/home/joel-jebitto/ROS_workspace/install/cpp_pubsub' for CMake module files
[14.318s] Level 1:colcon.colcon_core.environment:checking '/home/joel-jebitto/ROS_workspace/install/cpp_pubsub' for CMake config files
[14.319s] Level 1:colcon.colcon_core.shell:create_environment_hook('cpp_pubsub', 'cmake_prefix_path')
[14.320s] INFO:colcon.colcon_core.shell:Creating environment hook '/home/joel-jebitto/ROS_workspace/install/cpp_pubsub/share/cpp_pubsub/hook/cmake_prefix_path.ps1'
[14.321s] INFO:colcon.colcon_core.shell:Creating environment descriptor '/home/joel-jebitto/ROS_workspace/install/cpp_pubsub/share/cpp_pubsub/hook/cmake_prefix_path.dsv'
[14.324s] INFO:colcon.colcon_core.shell:Creating environment hook '/home/joel-jebitto/ROS_workspace/install/cpp_pubsub/share/cpp_pubsub/hook/cmake_prefix_path.sh'
[14.326s] Level 1:colcon.colcon_core.environment:checking '/home/joel-jebitto/ROS_workspace/install/cpp_pubsub/lib'
[14.326s] Level 1:colcon.colcon_core.environment:checking '/home/joel-jebitto/ROS_workspace/install/cpp_pubsub/bin'
[14.326s] Level 1:colcon.colcon_core.environment:checking '/home/joel-jebitto/ROS_workspace/install/cpp_pubsub/lib/pkgconfig/cpp_pubsub.pc'
[14.327s] Level 1:colcon.colcon_core.environment:checking '/home/joel-jebitto/ROS_workspace/install/cpp_pubsub/lib/python3.12/site-packages'
[14.328s] Level 1:colcon.colcon_core.environment:checking '/home/joel-jebitto/ROS_workspace/install/cpp_pubsub/bin'
[14.329s] INFO:colcon.colcon_core.shell:Creating package script '/home/joel-jebitto/ROS_workspace/install/cpp_pubsub/share/cpp_pubsub/package.ps1'
[14.334s] INFO:colcon.colcon_core.shell:Creating package descriptor '/home/joel-jebitto/ROS_workspace/install/cpp_pubsub/share/cpp_pubsub/package.dsv'
[14.336s] INFO:colcon.colcon_core.shell:Creating package script '/home/joel-jebitto/ROS_workspace/install/cpp_pubsub/share/cpp_pubsub/package.sh'
[14.338s] INFO:colcon.colcon_core.shell:Creating package script '/home/joel-jebitto/ROS_workspace/install/cpp_pubsub/share/cpp_pubsub/package.bash'
[14.339s] INFO:colcon.colcon_core.shell:Creating package script '/home/joel-jebitto/ROS_workspace/install/cpp_pubsub/share/cpp_pubsub/package.zsh'
[14.341s] Level 1:colcon.colcon_core.environment:create_file_with_runtime_dependencies(/home/joel-jebitto/ROS_workspace/install/cpp_pubsub/share/colcon-core/packages/cpp_pubsub)
[14.342s] DEBUG:colcon.colcon_parallel_executor.executor.parallel:closing loop
[14.343s] DEBUG:colcon.colcon_parallel_executor.executor.parallel:loop closed
[14.343s] DEBUG:colcon.colcon_parallel_executor.executor.parallel:run_until_complete finished with '0'
[14.344s] DEBUG:colcon.colcon_core.event_reactor:joining thread
[14.365s] INFO:colcon.colcon_core.plugin_system:Skipping extension 'colcon_notification.desktop_notification.terminal_notifier': Not used on non-Darwin systems
[14.365s] INFO:colcon.colcon_core.plugin_system:Skipping extension 'colcon_notification.desktop_notification.win32': Not used on non-Windows systems
[14.365s] INFO:colcon.colcon_notification.desktop_notification:Sending desktop notification using 'notify2'
[14.405s] DEBUG:colcon.colcon_core.event_reactor:joined thread
[14.406s] INFO:colcon.colcon_core.shell:Creating prefix script '/home/joel-jebitto/ROS_workspace/install/local_setup.ps1'
[14.409s] INFO:colcon.colcon_core.shell:Creating prefix util module '/home/joel-jebitto/ROS_workspace/install/_local_setup_util_ps1.py'
[14.413s] INFO:colcon.colcon_core.shell:Creating prefix chain script '/home/joel-jebitto/ROS_workspace/install/setup.ps1'
[14.417s] INFO:colcon.colcon_core.shell:Creating prefix script '/home/joel-jebitto/ROS_workspace/install/local_setup.sh'
[14.419s] INFO:colcon.colcon_core.shell:Creating prefix util module '/home/joel-jebitto/ROS_workspace/install/_local_setup_util_sh.py'
[14.421s] INFO:colcon.colcon_core.shell:Creating prefix chain script '/home/joel-jebitto/ROS_workspace/install/setup.sh'
[14.425s] INFO:colcon.colcon_core.shell:Creating prefix script '/home/joel-jebitto/ROS_workspace/install/local_setup.bash'
[14.427s] INFO:colcon.colcon_core.shell:Creating prefix chain script '/home/joel-jebitto/ROS_workspace/install/setup.bash'
[14.430s] INFO:colcon.colcon_core.shell:Creating prefix script '/home/joel-jebitto/ROS_workspace/install/local_setup.zsh'
[14.432s] INFO:colcon.colcon_core.shell:Creating prefix chain script '/home/joel-jebitto/ROS_workspace/install/setup.zsh'
