[0.707s] Invoking command in '/home/joel-jebitto/ROS_workspace/src/my_py_pkg': DEBUGINFOD_URLS=https://debuginfod.ubuntu.com PYTHONPATH=/home/joel-jebitto/ROS_workspace/build/my_py_pkg/prefix_override:/usr/lib/python3/dist-packages/colcon_core/task/python/colcon_distutils_commands:/home/joel-jebitto/ROS_workspace/install/my_py_pkg/lib/python3.12/site-packages:${PYTHONPATH} /usr/bin/python3 -W ignore:setup.py install is deprecated -W ignore:easy_install command is deprecated setup.py egg_info --egg-base ../../build/my_py_pkg build --build-base /home/joel-jebitto/ROS_workspace/build/my_py_pkg/build install --record /home/joel-jebitto/ROS_workspace/build/my_py_pkg/install.log --single-version-externally-managed install_data
[0.946s] running egg_info
[0.946s] creating ../../build/my_py_pkg/my_py_pkg.egg-info
[0.964s] writing ../../build/my_py_pkg/my_py_pkg.egg-info/PKG-INFO
[0.965s] writing dependency_links to ../../build/my_py_pkg/my_py_pkg.egg-info/dependency_links.txt
[0.965s] writing entry points to ../../build/my_py_pkg/my_py_pkg.egg-info/entry_points.txt
[0.965s] writing requirements to ../../build/my_py_pkg/my_py_pkg.egg-info/requires.txt
[0.965s] writing top-level names to ../../build/my_py_pkg/my_py_pkg.egg-info/top_level.txt
[0.965s] writing manifest file '../../build/my_py_pkg/my_py_pkg.egg-info/SOURCES.txt'
[1.004s] reading manifest file '../../build/my_py_pkg/my_py_pkg.egg-info/SOURCES.txt'
[1.005s] writing manifest file '../../build/my_py_pkg/my_py_pkg.egg-info/SOURCES.txt'
[1.005s] running build
[1.005s] running build_py
[1.005s] creating /home/joel-jebitto/ROS_workspace/build/my_py_pkg/build
[1.005s] creating /home/joel-jebitto/ROS_workspace/build/my_py_pkg/build/lib
[1.005s] creating /home/joel-jebitto/ROS_workspace/build/my_py_pkg/build/lib/my_py_pkg
[1.005s] copying my_py_pkg/my_first_node.py -> /home/joel-jebitto/ROS_workspace/build/my_py_pkg/build/lib/my_py_pkg
[1.005s] copying my_py_pkg/__init__.py -> /home/joel-jebitto/ROS_workspace/build/my_py_pkg/build/lib/my_py_pkg
[1.005s] running install
[1.011s] running install_lib
[1.030s] creating /home/joel-jebitto/ROS_workspace/install/my_py_pkg/lib/python3.12/site-packages/my_py_pkg
[1.030s] copying /home/joel-jebitto/ROS_workspace/build/my_py_pkg/build/lib/my_py_pkg/my_first_node.py -> /home/joel-jebitto/ROS_workspace/install/my_py_pkg/lib/python3.12/site-packages/my_py_pkg
[1.030s] copying /home/joel-jebitto/ROS_workspace/build/my_py_pkg/build/lib/my_py_pkg/__init__.py -> /home/joel-jebitto/ROS_workspace/install/my_py_pkg/lib/python3.12/site-packages/my_py_pkg
[1.030s] byte-compiling /home/joel-jebitto/ROS_workspace/install/my_py_pkg/lib/python3.12/site-packages/my_py_pkg/my_first_node.py to my_first_node.cpython-312.pyc
[1.031s] byte-compiling /home/joel-jebitto/ROS_workspace/install/my_py_pkg/lib/python3.12/site-packages/my_py_pkg/__init__.py to __init__.cpython-312.pyc
[1.031s] running install_data
[1.031s] creating /home/joel-jebitto/ROS_workspace/install/my_py_pkg/share/ament_index
[1.031s] creating /home/joel-jebitto/ROS_workspace/install/my_py_pkg/share/ament_index/resource_index
[1.031s] creating /home/joel-jebitto/ROS_workspace/install/my_py_pkg/share/ament_index/resource_index/packages
[1.031s] copying resource/my_py_pkg -> /home/joel-jebitto/ROS_workspace/install/my_py_pkg/share/ament_index/resource_index/packages
[1.031s] copying package.xml -> /home/joel-jebitto/ROS_workspace/install/my_py_pkg/share/my_py_pkg
[1.031s] running install_egg_info
[1.051s] Copying ../../build/my_py_pkg/my_py_pkg.egg-info to /home/joel-jebitto/ROS_workspace/install/my_py_pkg/lib/python3.12/site-packages/my_py_pkg-0.0.0-py3.12.egg-info
[1.051s] running install_scripts
[1.182s] Installing my_first_node script to /home/joel-jebitto/ROS_workspace/install/my_py_pkg/lib/my_py_pkg
[1.187s] writing list of installed files to '/home/joel-jebitto/ROS_workspace/build/my_py_pkg/install.log'
[1.231s] Invoked command in '/home/joel-jebitto/ROS_workspace/src/my_py_pkg' returned '0': DEBUGINFOD_URLS=https://debuginfod.ubuntu.com PYTHONPATH=/home/joel-jebitto/ROS_workspace/build/my_py_pkg/prefix_override:/usr/lib/python3/dist-packages/colcon_core/task/python/colcon_distutils_commands:/home/joel-jebitto/ROS_workspace/install/my_py_pkg/lib/python3.12/site-packages:${PYTHONPATH} /usr/bin/python3 -W ignore:setup.py install is deprecated -W ignore:easy_install command is deprecated setup.py egg_info --egg-base ../../build/my_py_pkg build --build-base /home/joel-jebitto/ROS_workspace/build/my_py_pkg/build install --record /home/joel-jebitto/ROS_workspace/build/my_py_pkg/install.log --single-version-externally-managed install_data
