-- The C compiler identification is GNU 13.3.0
-- The CXX compiler identification is GNU 13.3.0
-- Detecting C compiler ABI info
-- Detecting C compiler ABI info - done
-- Check for working C compiler: /usr/bin/cc - skipped
-- Detecting C compile features
-- Detecting C compile features - done
-- Detecting CXX compiler ABI info
-- Detecting CXX compiler ABI info - done
-- Check for working CXX compiler: /usr/bin/c++ - skipped
-- Detecting CXX compile features
-- Detecting CXX compile features - done
-- Found ament_cmake: 2.5.4 (/opt/ros/jazzy/share/ament_cmake/cmake)
-- Found Python3: /usr/bin/python3 (found version "3.12.3") found components: Interpreter 
-- Found rclcpp: 28.1.9 (/opt/ros/jazzy/share/rclcpp/cmake)
-- Found rosidl_generator_c: 4.6.5 (/opt/ros/jazzy/share/rosidl_generator_c/cmake)
-- Found rosidl_generator_cpp: 4.6.5 (/opt/ros/jazzy/share/rosidl_generator_cpp/cmake)
-- Using all available rosidl_typesupport_c: rosidl_typesupport_fastrtps_c;rosidl_typesupport_introspection_c
-- Using all available rosidl_typesupport_cpp: rosidl_typesupport_fastrtps_cpp;rosidl_typesupport_introspection_cpp
-- Found rmw_implementation_cmake: 7.3.2 (/opt/ros/jazzy/share/rmw_implementation_cmake/cmake)
-- Found rmw_fastrtps_cpp: 8.4.2 (/opt/ros/jazzy/share/rmw_fastrtps_cpp/cmake)
-- Found OpenSSL: /usr/lib/x86_64-linux-gnu/libcrypto.so (found version "3.0.13")  
-- Found FastRTPS: /opt/ros/jazzy/include (Required is at least version "2.13") 
-- Using RMW implementation 'rmw_fastrtps_cpp' as default
-- Found ament_lint_auto: 0.17.2 (/opt/ros/jazzy/share/ament_lint_auto/cmake)
-- Added test 'cppcheck' to perform static code analysis on C / C++ code
-- Configured cppcheck include dirs: 
-- Configured cppcheck exclude dirs and/or files: 
-- Added test 'lint_cmake' to check CMake code style
-- Added test 'uncrustify' to check C / C++ code style
-- Configured uncrustify additional arguments: 
-- Added test 'xmllint' to check XML markup files
-- Configuring done (0.8s)
-- Generating done (0.0s)
-- Build files have been written to: /home/joel-jebitto/ROS_workspace/build/cpp_pubsub

[0/2] Building CXX object CMakeFiles/talker.dir/src/talker.cpp.o[K
[1/2] Building CXX object CMakeFiles/talker.dir/src/talker.cpp.o[K
[1/2] Linking CXX executable talker[K
[2/2] Linking CXX executable talker[K
[31mFAILED: [0mtalker 
: && /usr/bin/c++   CMakeFiles/talker.dir/src/talker.cpp.o -o talker  -Wl,-rpath,/opt/ros/jazzy/lib:  /opt/ros/jazzy/lib/librclcpp.so  /opt/ros/jazzy/lib/liblibstatistics_collector.so  /opt/ros/jazzy/lib/librcl.so  /opt/ros/jazzy/lib/librmw_implementation.so  /opt/ros/jazzy/lib/libtype_description_interfaces__rosidl_typesupport_fastrtps_c.so  /opt/ros/jazzy/lib/libtype_description_interfaces__rosidl_typesupport_introspection_c.so  /opt/ros/jazzy/lib/libtype_description_interfaces__rosidl_typesupport_fastrtps_cpp.so  /opt/ros/jazzy/lib/libtype_description_interfaces__rosidl_typesupport_introspection_cpp.so  /opt/ros/jazzy/lib/libtype_description_interfaces__rosidl_typesupport_cpp.so  /opt/ros/jazzy/lib/libtype_description_interfaces__rosidl_generator_py.so  /opt/ros/jazzy/lib/libtype_description_interfaces__rosidl_typesupport_c.so  /opt/ros/jazzy/lib/libtype_description_interfaces__rosidl_generator_c.so  /opt/ros/jazzy/lib/librcl_interfaces__rosidl_typesupport_fastrtps_c.so  /opt/ros/jazzy/lib/librcl_interfaces__rosidl_typesupport_introspection_c.so  /opt/ros/jazzy/lib/librcl_interfaces__rosidl_typesupport_fastrtps_cpp.so  /opt/ros/jazzy/lib/librcl_interfaces__rosidl_typesupport_introspection_cpp.so  /opt/ros/jazzy/lib/librcl_interfaces__rosidl_typesupport_cpp.so  /opt/ros/jazzy/lib/librcl_interfaces__rosidl_generator_py.so  /opt/ros/jazzy/lib/librcl_interfaces__rosidl_typesupport_c.so  /opt/ros/jazzy/lib/librcl_interfaces__rosidl_generator_c.so  /opt/ros/jazzy/lib/libservice_msgs__rosidl_typesupport_fastrtps_c.so  /opt/ros/jazzy/lib/libservice_msgs__rosidl_typesupport_introspection_c.so  /opt/ros/jazzy/lib/libservice_msgs__rosidl_typesupport_fastrtps_cpp.so  /opt/ros/jazzy/lib/libservice_msgs__rosidl_typesupport_introspection_cpp.so  /opt/ros/jazzy/lib/libservice_msgs__rosidl_typesupport_cpp.so  /opt/ros/jazzy/lib/libservice_msgs__rosidl_typesupport_c.so  /opt/ros/jazzy/lib/libservice_msgs__rosidl_generator_c.so  /opt/ros/jazzy/lib/librcl_yaml_param_parser.so  /opt/ros/jazzy/lib/librosgraph_msgs__rosidl_typesupport_fastrtps_c.so  /opt/ros/jazzy/lib/librosgraph_msgs__rosidl_typesupport_fastrtps_cpp.so  /opt/ros/jazzy/lib/librosgraph_msgs__rosidl_typesupport_introspection_c.so  /opt/ros/jazzy/lib/librosgraph_msgs__rosidl_typesupport_introspection_cpp.so  /opt/ros/jazzy/lib/librosgraph_msgs__rosidl_typesupport_cpp.so  /opt/ros/jazzy/lib/librosgraph_msgs__rosidl_generator_py.so  /opt/ros/jazzy/lib/librosgraph_msgs__rosidl_typesupport_c.so  /opt/ros/jazzy/lib/librosgraph_msgs__rosidl_generator_c.so  /opt/ros/jazzy/lib/libstatistics_msgs__rosidl_typesupport_fastrtps_c.so  /opt/ros/jazzy/lib/libstatistics_msgs__rosidl_typesupport_fastrtps_cpp.so  /opt/ros/jazzy/lib/libstatistics_msgs__rosidl_typesupport_introspection_c.so  /opt/ros/jazzy/lib/libstatistics_msgs__rosidl_typesupport_introspection_cpp.so  /opt/ros/jazzy/lib/libstatistics_msgs__rosidl_typesupport_cpp.so  /opt/ros/jazzy/lib/libstatistics_msgs__rosidl_generator_py.so  /opt/ros/jazzy/lib/libbuiltin_interfaces__rosidl_typesupport_fastrtps_c.so  /opt/ros/jazzy/lib/librosidl_typesupport_fastrtps_c.so  /opt/ros/jazzy/lib/libbuiltin_interfaces__rosidl_typesupport_introspection_c.so  /opt/ros/jazzy/lib/libbuiltin_interfaces__rosidl_typesupport_fastrtps_cpp.so  /opt/ros/jazzy/lib/librosidl_typesupport_fastrtps_cpp.so  /opt/ros/jazzy/lib/librmw.so  /opt/ros/jazzy/lib/librosidl_dynamic_typesupport.so  /opt/ros/jazzy/lib/libfastcdr.so.2.2.5  /opt/ros/jazzy/lib/libbuiltin_interfaces__rosidl_typesupport_introspection_cpp.so  /opt/ros/jazzy/lib/librosidl_typesupport_introspection_cpp.so  /opt/ros/jazzy/lib/librosidl_typesupport_introspection_c.so  /opt/ros/jazzy/lib/libbuiltin_interfaces__rosidl_typesupport_cpp.so  /opt/ros/jazzy/lib/librosidl_typesupport_cpp.so  /opt/ros/jazzy/lib/libbuiltin_interfaces__rosidl_generator_py.so  /opt/ros/jazzy/lib/libstatistics_msgs__rosidl_typesupport_c.so  /opt/ros/jazzy/lib/libbuiltin_interfaces__rosidl_typesupport_c.so  /opt/ros/jazzy/lib/libstatistics_msgs__rosidl_generator_c.so  /opt/ros/jazzy/lib/libbuiltin_interfaces__rosidl_generator_c.so  /opt/ros/jazzy/lib/librosidl_typesupport_c.so  /opt/ros/jazzy/lib/librcpputils.so  /opt/ros/jazzy/lib/librosidl_runtime_c.so  /opt/ros/jazzy/lib/libtracetools.so  -llttng-ust  -llttng-ust-common  -rdynamic  -ldl  /opt/ros/jazzy/lib/librcl_logging_interface.so  /opt/ros/jazzy/lib/librcutils.so  -ldl  -Wl,-rpath-link,/opt/ros/jazzy/lib && :
/usr/bin/ld: /usr/lib/gcc/x86_64-linux-gnu/13/../../../x86_64-linux-gnu/Scrt1.o: in function `_start':
(.text+0x1b): undefined reference to `main'
collect2: error: ld returned 1 exit status
ninja: build stopped: subcommand failed.
