[0.010s] Invoking command in '/home/joel-jebitto/ROS_workspace/build/cpp_pubsub': CMAKE_PREFIX_PATH=${CMAKE_PREFIX_PATH}:/home/joel-jebitto/ROS_workspace/install/my_py_pkg:/opt/ros/jazzy DEBUGINFOD_URLS=https://debuginfod.ubuntu.com /usr/bin/cmake /home/joel-jebitto/ROS_workspace/src/cpp_pubsub -DCMAKE_INSTALL_PREFIX=/home/joel-jebitto/ROS_workspace/install/cpp_pubsub
[0.024s] -- Found ament_cmake: 2.5.4 (/opt/ros/jazzy/share/ament_cmake/cmake)
[0.582s] -- Found rclcpp: 28.1.9 (/opt/ros/jazzy/share/rclcpp/cmake)
[0.646s] -- Found rosidl_generator_c: 4.6.5 (/opt/ros/jazzy/share/rosidl_generator_c/cmake)
[0.685s] -- Found rosidl_generator_cpp: 4.6.5 (/opt/ros/jazzy/share/rosidl_generator_cpp/cmake)
[0.732s] -- Using all available rosidl_typesupport_c: rosidl_typesupport_fastrtps_c;rosidl_typesupport_introspection_c
[0.788s] -- Using all available rosidl_typesupport_cpp: rosidl_typesupport_fastrtps_cpp;rosidl_typesupport_introspection_cpp
[0.909s] -- Found rmw_implementation_cmake: 7.3.2 (/opt/ros/jazzy/share/rmw_implementation_cmake/cmake)
[0.910s] -- Found rmw_fastrtps_cpp: 8.4.2 (/opt/ros/jazzy/share/rmw_fastrtps_cpp/cmake)
[0.959s] -- Using RMW implementation 'rmw_fastrtps_cpp' as default
[1.011s] -- Found example_interfaces: 0.12.0 (/opt/ros/jazzy/share/example_interfaces/cmake)
[1.055s] -- Found my_robot_interface: 0.0.0 (/home/joel-jebitto/ROS_workspace/install/my_robot_interface/share/my_robot_interface/cmake)
[1.154s] -- Configuring done (1.1s)
[1.227s] -- Generating done (0.1s)
[1.300s] -- Build files have been written to: /home/joel-jebitto/ROS_workspace/build/cpp_pubsub
[1.325s] Invoked command in '/home/joel-jebitto/ROS_workspace/build/cpp_pubsub' returned '0': CMAKE_PREFIX_PATH=${CMAKE_PREFIX_PATH}:/home/joel-jebitto/ROS_workspace/install/my_py_pkg:/opt/ros/jazzy DEBUGINFOD_URLS=https://debuginfod.ubuntu.com /usr/bin/cmake /home/joel-jebitto/ROS_workspace/src/cpp_pubsub -DCMAKE_INSTALL_PREFIX=/home/joel-jebitto/ROS_workspace/install/cpp_pubsub
[1.328s] Invoking command in '/home/joel-jebitto/ROS_workspace/build/cpp_pubsub': CMAKE_PREFIX_PATH=${CMAKE_PREFIX_PATH}:/home/joel-jebitto/ROS_workspace/install/my_py_pkg:/opt/ros/jazzy DEBUGINFOD_URLS=https://debuginfod.ubuntu.com /usr/bin/cmake --build /home/joel-jebitto/ROS_workspace/build/cpp_pubsub -- -j8 -l8
[1.373s] ninja: no work to do.
[1.379s] Invoked command in '/home/joel-jebitto/ROS_workspace/build/cpp_pubsub' returned '0': CMAKE_PREFIX_PATH=${CMAKE_PREFIX_PATH}:/home/joel-jebitto/ROS_workspace/install/my_py_pkg:/opt/ros/jazzy DEBUGINFOD_URLS=https://debuginfod.ubuntu.com /usr/bin/cmake --build /home/joel-jebitto/ROS_workspace/build/cpp_pubsub -- -j8 -l8
[1.382s] Invoking command in '/home/joel-jebitto/ROS_workspace/build/cpp_pubsub': CMAKE_PREFIX_PATH=${CMAKE_PREFIX_PATH}:/home/joel-jebitto/ROS_workspace/install/my_py_pkg:/opt/ros/jazzy DEBUGINFOD_URLS=https://debuginfod.ubuntu.com /usr/bin/cmake --install /home/joel-jebitto/ROS_workspace/build/cpp_pubsub
[1.405s] -- Install configuration: ""
[1.406s] -- Up-to-date: /home/joel-jebitto/ROS_workspace/install/cpp_pubsub/lib/cpp_pubsub/talker
[1.407s] -- Up-to-date: /home/joel-jebitto/ROS_workspace/install/cpp_pubsub/lib/cpp_pubsub/station
[1.407s] -- Up-to-date: /home/joel-jebitto/ROS_workspace/install/cpp_pubsub/lib/cpp_pubsub/number_publisher
[1.408s] -- Up-to-date: /home/joel-jebitto/ROS_workspace/install/cpp_pubsub/lib/cpp_pubsub/number_counter
[1.409s] -- Up-to-date: /home/joel-jebitto/ROS_workspace/install/cpp_pubsub/lib/cpp_pubsub/phone
[1.410s] -- Up-to-date: /home/joel-jebitto/ROS_workspace/install/cpp_pubsub/lib/cpp_pubsub/add_two_ints_server
[1.411s] -- Up-to-date: /home/joel-jebitto/ROS_workspace/install/cpp_pubsub/lib/cpp_pubsub/add_two_ints_client
[1.411s] -- Installing: /home/joel-jebitto/ROS_workspace/install/cpp_pubsub/share/ament_index/resource_index/package_run_dependencies/cpp_pubsub
[1.412s] -- Up-to-date: /home/joel-jebitto/ROS_workspace/install/cpp_pubsub/share/ament_index/resource_index/parent_prefix_path/cpp_pubsub
[1.413s] -- Up-to-date: /home/joel-jebitto/ROS_workspace/install/cpp_pubsub/share/cpp_pubsub/environment/ament_prefix_path.sh
[1.413s] -- Up-to-date: /home/joel-jebitto/ROS_workspace/install/cpp_pubsub/share/cpp_pubsub/environment/ament_prefix_path.dsv
[1.414s] -- Up-to-date: /home/joel-jebitto/ROS_workspace/install/cpp_pubsub/share/cpp_pubsub/environment/path.sh
[1.414s] -- Up-to-date: /home/joel-jebitto/ROS_workspace/install/cpp_pubsub/share/cpp_pubsub/environment/path.dsv
[1.414s] -- Up-to-date: /home/joel-jebitto/ROS_workspace/install/cpp_pubsub/share/cpp_pubsub/local_setup.bash
[1.415s] -- Up-to-date: /home/joel-jebitto/ROS_workspace/install/cpp_pubsub/share/cpp_pubsub/local_setup.sh
[1.415s] -- Up-to-date: /home/joel-jebitto/ROS_workspace/install/cpp_pubsub/share/cpp_pubsub/local_setup.zsh
[1.415s] -- Up-to-date: /home/joel-jebitto/ROS_workspace/install/cpp_pubsub/share/cpp_pubsub/local_setup.dsv
[1.416s] -- Installing: /home/joel-jebitto/ROS_workspace/install/cpp_pubsub/share/cpp_pubsub/package.dsv
[1.416s] -- Up-to-date: /home/joel-jebitto/ROS_workspace/install/cpp_pubsub/share/ament_index/resource_index/packages/cpp_pubsub
[1.416s] -- Up-to-date: /home/joel-jebitto/ROS_workspace/install/cpp_pubsub/share/cpp_pubsub/cmake/cpp_pubsubConfig.cmake
[1.416s] -- Up-to-date: /home/joel-jebitto/ROS_workspace/install/cpp_pubsub/share/cpp_pubsub/cmake/cpp_pubsubConfig-version.cmake
[1.417s] -- Installing: /home/joel-jebitto/ROS_workspace/install/cpp_pubsub/share/cpp_pubsub/package.xml
[1.420s] Invoked command in '/home/joel-jebitto/ROS_workspace/build/cpp_pubsub' returned '0': CMAKE_PREFIX_PATH=${CMAKE_PREFIX_PATH}:/home/joel-jebitto/ROS_workspace/install/my_py_pkg:/opt/ros/jazzy DEBUGINFOD_URLS=https://debuginfod.ubuntu.com /usr/bin/cmake --install /home/joel-jebitto/ROS_workspace/build/cpp_pubsub
