[1.457s] Invoking command in '/home/joel-jebitto/ROS_workspace/src/my_py_pkg': DEBUGINFOD_URLS=https://debuginfod.ubuntu.com PYTHONPATH=/home/joel-jebitto/ROS_workspace/build/my_py_pkg/prefix_override:/usr/lib/python3/dist-packages/colcon_core/task/python/colcon_distutils_commands:/home/joel-jebitto/ROS_workspace/install/my_py_pkg/lib/python3.12/site-packages:${PYTHONPATH} /usr/bin/python3 -W ignore:setup.py install is deprecated -W ignore:easy_install command is deprecated setup.py egg_info --egg-base ../../build/my_py_pkg build --build-base /home/joel-jebitto/ROS_workspace/build/my_py_pkg/build install --record /home/joel-jebitto/ROS_workspace/build/my_py_pkg/install.log --single-version-externally-managed install_data
[1.991s] running egg_info
[2.032s] writing ../../build/my_py_pkg/my_py_pkg.egg-info/PKG-INFO
[2.039s] writing dependency_links to ../../build/my_py_pkg/my_py_pkg.egg-info/dependency_links.txt
[2.039s] writing entry points to ../../build/my_py_pkg/my_py_pkg.egg-info/entry_points.txt
[2.039s] writing requirements to ../../build/my_py_pkg/my_py_pkg.egg-info/requires.txt
[2.040s] writing top-level names to ../../build/my_py_pkg/my_py_pkg.egg-info/top_level.txt
[2.136s] reading manifest file '../../build/my_py_pkg/my_py_pkg.egg-info/SOURCES.txt'
[2.137s] writing manifest file '../../build/my_py_pkg/my_py_pkg.egg-info/SOURCES.txt'
[2.138s] running build
[2.138s] running build_py
[2.139s] running install
[2.152s] running install_lib
[2.192s] running install_data
[2.192s] running install_egg_info
[2.235s] removing '/home/joel-jebitto/ROS_workspace/install/my_py_pkg/lib/python3.12/site-packages/my_py_pkg-0.0.0-py3.12.egg-info' (and everything under it)
[2.237s] Copying ../../build/my_py_pkg/my_py_pkg.egg-info to /home/joel-jebitto/ROS_workspace/install/my_py_pkg/lib/python3.12/site-packages/my_py_pkg-0.0.0-py3.12.egg-info
[2.237s] running install_scripts
[2.509s] Installing add_two_ints_server script to /home/joel-jebitto/ROS_workspace/install/my_py_pkg/lib/my_py_pkg
[2.511s] Installing my_first_node script to /home/joel-jebitto/ROS_workspace/install/my_py_pkg/lib/my_py_pkg
[2.512s] Installing robot_news_station script to /home/joel-jebitto/ROS_workspace/install/my_py_pkg/lib/my_py_pkg
[2.517s] Installing smartphone script to /home/joel-jebitto/ROS_workspace/install/my_py_pkg/lib/my_py_pkg
[2.517s] writing list of installed files to '/home/joel-jebitto/ROS_workspace/build/my_py_pkg/install.log'
[2.641s] Invoked command in '/home/joel-jebitto/ROS_workspace/src/my_py_pkg' returned '0': DEBUGINFOD_URLS=https://debuginfod.ubuntu.com PYTHONPATH=/home/joel-jebitto/ROS_workspace/build/my_py_pkg/prefix_override:/usr/lib/python3/dist-packages/colcon_core/task/python/colcon_distutils_commands:/home/joel-jebitto/ROS_workspace/install/my_py_pkg/lib/python3.12/site-packages:${PYTHONPATH} /usr/bin/python3 -W ignore:setup.py install is deprecated -W ignore:easy_install command is deprecated setup.py egg_info --egg-base ../../build/my_py_pkg build --build-base /home/joel-jebitto/ROS_workspace/build/my_py_pkg/build install --record /home/joel-jebitto/ROS_workspace/build/my_py_pkg/install.log --single-version-externally-managed install_data
