[0.014s] Invoking command in '/home/joel-jebitto/ROS_workspace/build/my_robot_interface': CMAKE_PREFIX_PATH=${CMAKE_PREFIX_PATH}:/home/joel-jebitto/ROS_workspace/install/my_py_pkg:/opt/ros/jazzy DEBUGINFOD_URLS=https://debuginfod.ubuntu.com /usr/bin/cmake --build /home/joel-jebitto/ROS_workspace/build/my_robot_interface -- -j8 -l8
[0.055s] [  2%] Built target my_robot_interface__rosidl_generator_type_description
[0.063s] [  2%] Built target ament_cmake_python_copy_my_robot_interface
[0.075s] [  5%] Built target my_robot_interface__cpp
[0.076s] [ 20%] Built target my_robot_interface__rosidl_generator_c
[0.108s] [ 29%] Built target my_robot_interface__rosidl_typesupport_cpp
[0.108s] [ 44%] Built target my_robot_interface__rosidl_typesupport_introspection_c
[0.108s] [ 47%] Built target my_robot_interface__rosidl_typesupport_introspection_cpp
[0.108s] [ 55%] Built target my_robot_interface__rosidl_typesupport_c
[0.109s] [ 64%] Built target my_robot_interface__rosidl_typesupport_fastrtps_cpp
[0.110s] [ 73%] Built target my_robot_interface__rosidl_typesupport_fastrtps_c
[0.148s] [ 73%] Built target my_robot_interface
[0.206s] [ 76%] Built target my_robot_interface__py
[0.271s] [ 82%] Built target my_robot_interface__rosidl_generator_py
[0.337s] [ 88%] Built target my_robot_interface_s__rosidl_typesupport_fastrtps_c
[0.337s] [ 94%] Built target my_robot_interface_s__rosidl_typesupport_introspection_c
[0.338s] [100%] Built target my_robot_interface_s__rosidl_typesupport_c
[0.474s] running egg_info
[0.492s] writing my_robot_interface.egg-info/PKG-INFO
[0.492s] writing dependency_links to my_robot_interface.egg-info/dependency_links.txt
[0.493s] writing top-level names to my_robot_interface.egg-info/top_level.txt
[0.546s] reading manifest file 'my_robot_interface.egg-info/SOURCES.txt'
[0.546s] writing manifest file 'my_robot_interface.egg-info/SOURCES.txt'
[0.564s] [100%] Built target ament_cmake_python_build_my_robot_interface_egg
[0.572s] Invoked command in '/home/joel-jebitto/ROS_workspace/build/my_robot_interface' returned '0': CMAKE_PREFIX_PATH=${CMAKE_PREFIX_PATH}:/home/joel-jebitto/ROS_workspace/install/my_py_pkg:/opt/ros/jazzy DEBUGINFOD_URLS=https://debuginfod.ubuntu.com /usr/bin/cmake --build /home/joel-jebitto/ROS_workspace/build/my_robot_interface -- -j8 -l8
[0.578s] Invoking command in '/home/joel-jebitto/ROS_workspace/build/my_robot_interface': CMAKE_PREFIX_PATH=${CMAKE_PREFIX_PATH}:/home/joel-jebitto/ROS_workspace/install/my_py_pkg:/opt/ros/jazzy DEBUGINFOD_URLS=https://debuginfod.ubuntu.com /usr/bin/cmake --install /home/joel-jebitto/ROS_workspace/build/my_robot_interface
[0.583s] -- Install configuration: ""
[0.583s] -- Up-to-date: /home/joel-jebitto/ROS_workspace/install/my_robot_interface/share/ament_index/resource_index/rosidl_interfaces/my_robot_interface
[0.583s] -- Up-to-date: /home/joel-jebitto/ROS_workspace/install/my_robot_interface/share/my_robot_interface/msg/HardwareStatus.json
[0.583s] -- Up-to-date: /home/joel-jebitto/ROS_workspace/install/my_robot_interface/include/my_robot_interface/my_robot_interface
[0.584s] -- Up-to-date: /home/joel-jebitto/ROS_workspace/install/my_robot_interface/include/my_robot_interface/my_robot_interface/msg
[0.584s] -- Up-to-date: /home/joel-jebitto/ROS_workspace/install/my_robot_interface/include/my_robot_interface/my_robot_interface/msg/detail
[0.584s] -- Up-to-date: /home/joel-jebitto/ROS_workspace/install/my_robot_interface/include/my_robot_interface/my_robot_interface/msg/detail/hardware_status__functions.h
[0.584s] -- Up-to-date: /home/joel-jebitto/ROS_workspace/install/my_robot_interface/include/my_robot_interface/my_robot_interface/msg/detail/hardware_status__description.c
[0.584s] -- Up-to-date: /home/joel-jebitto/ROS_workspace/install/my_robot_interface/include/my_robot_interface/my_robot_interface/msg/detail/hardware_status__type_support.c
[0.584s] -- Up-to-date: /home/joel-jebitto/ROS_workspace/install/my_robot_interface/include/my_robot_interface/my_robot_interface/msg/detail/hardware_status__struct.h
[0.584s] -- Up-to-date: /home/joel-jebitto/ROS_workspace/install/my_robot_interface/include/my_robot_interface/my_robot_interface/msg/detail/hardware_status__type_support.h
[0.584s] -- Up-to-date: /home/joel-jebitto/ROS_workspace/install/my_robot_interface/include/my_robot_interface/my_robot_interface/msg/detail/hardware_status__functions.c
[0.584s] -- Up-to-date: /home/joel-jebitto/ROS_workspace/install/my_robot_interface/include/my_robot_interface/my_robot_interface/msg/rosidl_generator_c__visibility_control.h
[0.584s] -- Up-to-date: /home/joel-jebitto/ROS_workspace/install/my_robot_interface/include/my_robot_interface/my_robot_interface/msg/hardware_status.h
[0.584s] -- Up-to-date: /home/joel-jebitto/ROS_workspace/install/my_robot_interface/share/my_robot_interface/environment/library_path.sh
[0.584s] -- Up-to-date: /home/joel-jebitto/ROS_workspace/install/my_robot_interface/share/my_robot_interface/environment/library_path.dsv
[0.584s] -- Up-to-date: /home/joel-jebitto/ROS_workspace/install/my_robot_interface/lib/libmy_robot_interface__rosidl_generator_c.so
[0.584s] -- Up-to-date: /home/joel-jebitto/ROS_workspace/install/my_robot_interface/include/my_robot_interface/my_robot_interface
[0.584s] -- Up-to-date: /home/joel-jebitto/ROS_workspace/install/my_robot_interface/include/my_robot_interface/my_robot_interface/msg
[0.585s] -- Up-to-date: /home/joel-jebitto/ROS_workspace/install/my_robot_interface/include/my_robot_interface/my_robot_interface/msg/detail
[0.585s] -- Up-to-date: /home/joel-jebitto/ROS_workspace/install/my_robot_interface/include/my_robot_interface/my_robot_interface/msg/detail/hardware_status__rosidl_typesupport_fastrtps_c.h
[0.585s] -- Up-to-date: /home/joel-jebitto/ROS_workspace/install/my_robot_interface/include/my_robot_interface/my_robot_interface/msg/rosidl_typesupport_fastrtps_c__visibility_control.h
[0.585s] -- Up-to-date: /home/joel-jebitto/ROS_workspace/install/my_robot_interface/lib/libmy_robot_interface__rosidl_typesupport_fastrtps_c.so
[0.585s] -- Up-to-date: /home/joel-jebitto/ROS_workspace/install/my_robot_interface/include/my_robot_interface/my_robot_interface
[0.585s] -- Up-to-date: /home/joel-jebitto/ROS_workspace/install/my_robot_interface/include/my_robot_interface/my_robot_interface/msg
[0.585s] -- Up-to-date: /home/joel-jebitto/ROS_workspace/install/my_robot_interface/include/my_robot_interface/my_robot_interface/msg/detail
[0.585s] -- Up-to-date: /home/joel-jebitto/ROS_workspace/install/my_robot_interface/include/my_robot_interface/my_robot_interface/msg/detail/hardware_status__type_support.hpp
[0.585s] -- Up-to-date: /home/joel-jebitto/ROS_workspace/install/my_robot_interface/include/my_robot_interface/my_robot_interface/msg/detail/hardware_status__struct.hpp
[0.585s] -- Up-to-date: /home/joel-jebitto/ROS_workspace/install/my_robot_interface/include/my_robot_interface/my_robot_interface/msg/detail/hardware_status__traits.hpp
[0.585s] -- Up-to-date: /home/joel-jebitto/ROS_workspace/install/my_robot_interface/include/my_robot_interface/my_robot_interface/msg/detail/hardware_status__builder.hpp
[0.585s] -- Up-to-date: /home/joel-jebitto/ROS_workspace/install/my_robot_interface/include/my_robot_interface/my_robot_interface/msg/rosidl_generator_cpp__visibility_control.hpp
[0.586s] -- Up-to-date: /home/joel-jebitto/ROS_workspace/install/my_robot_interface/include/my_robot_interface/my_robot_interface/msg/hardware_status.hpp
[0.586s] -- Up-to-date: /home/joel-jebitto/ROS_workspace/install/my_robot_interface/include/my_robot_interface/my_robot_interface
[0.586s] -- Up-to-date: /home/joel-jebitto/ROS_workspace/install/my_robot_interface/include/my_robot_interface/my_robot_interface/msg
[0.586s] -- Up-to-date: /home/joel-jebitto/ROS_workspace/install/my_robot_interface/include/my_robot_interface/my_robot_interface/msg/detail
[0.586s] -- Up-to-date: /home/joel-jebitto/ROS_workspace/install/my_robot_interface/include/my_robot_interface/my_robot_interface/msg/detail/dds_fastrtps
[0.586s] -- Up-to-date: /home/joel-jebitto/ROS_workspace/install/my_robot_interface/include/my_robot_interface/my_robot_interface/msg/detail/hardware_status__rosidl_typesupport_fastrtps_cpp.hpp
[0.586s] -- Up-to-date: /home/joel-jebitto/ROS_workspace/install/my_robot_interface/include/my_robot_interface/my_robot_interface/msg/rosidl_typesupport_fastrtps_cpp__visibility_control.h
[0.586s] -- Up-to-date: /home/joel-jebitto/ROS_workspace/install/my_robot_interface/lib/libmy_robot_interface__rosidl_typesupport_fastrtps_cpp.so
[0.586s] -- Up-to-date: /home/joel-jebitto/ROS_workspace/install/my_robot_interface/include/my_robot_interface/my_robot_interface
[0.586s] -- Up-to-date: /home/joel-jebitto/ROS_workspace/install/my_robot_interface/include/my_robot_interface/my_robot_interface/msg
[0.586s] -- Up-to-date: /home/joel-jebitto/ROS_workspace/install/my_robot_interface/include/my_robot_interface/my_robot_interface/msg/detail
[0.586s] -- Up-to-date: /home/joel-jebitto/ROS_workspace/install/my_robot_interface/include/my_robot_interface/my_robot_interface/msg/detail/hardware_status__type_support.c
[0.586s] -- Up-to-date: /home/joel-jebitto/ROS_workspace/install/my_robot_interface/include/my_robot_interface/my_robot_interface/msg/detail/hardware_status__rosidl_typesupport_introspection_c.h
[0.586s] -- Up-to-date: /home/joel-jebitto/ROS_workspace/install/my_robot_interface/include/my_robot_interface/my_robot_interface/msg/rosidl_typesupport_introspection_c__visibility_control.h
[0.587s] -- Up-to-date: /home/joel-jebitto/ROS_workspace/install/my_robot_interface/lib/libmy_robot_interface__rosidl_typesupport_introspection_c.so
[0.587s] -- Up-to-date: /home/joel-jebitto/ROS_workspace/install/my_robot_interface/lib/libmy_robot_interface__rosidl_typesupport_c.so
[0.587s] -- Up-to-date: /home/joel-jebitto/ROS_workspace/install/my_robot_interface/include/my_robot_interface/my_robot_interface
[0.587s] -- Up-to-date: /home/joel-jebitto/ROS_workspace/install/my_robot_interface/include/my_robot_interface/my_robot_interface/msg
[0.587s] -- Up-to-date: /home/joel-jebitto/ROS_workspace/install/my_robot_interface/include/my_robot_interface/my_robot_interface/msg/detail
[0.587s] -- Up-to-date: /home/joel-jebitto/ROS_workspace/install/my_robot_interface/include/my_robot_interface/my_robot_interface/msg/detail/hardware_status__rosidl_typesupport_introspection_cpp.hpp
[0.587s] -- Up-to-date: /home/joel-jebitto/ROS_workspace/install/my_robot_interface/include/my_robot_interface/my_robot_interface/msg/detail/hardware_status__type_support.cpp
[0.587s] -- Up-to-date: /home/joel-jebitto/ROS_workspace/install/my_robot_interface/lib/libmy_robot_interface__rosidl_typesupport_introspection_cpp.so
[0.587s] -- Up-to-date: /home/joel-jebitto/ROS_workspace/install/my_robot_interface/lib/libmy_robot_interface__rosidl_typesupport_cpp.so
[0.587s] -- Up-to-date: /home/joel-jebitto/ROS_workspace/install/my_robot_interface/share/my_robot_interface/environment/pythonpath.sh
[0.587s] -- Up-to-date: /home/joel-jebitto/ROS_workspace/install/my_robot_interface/share/my_robot_interface/environment/pythonpath.dsv
[0.587s] -- Up-to-date: /home/joel-jebitto/ROS_workspace/install/my_robot_interface/lib/python3.12/site-packages/my_robot_interface-0.0.0-py3.12.egg-info
[0.587s] -- Installing: /home/joel-jebitto/ROS_workspace/install/my_robot_interface/lib/python3.12/site-packages/my_robot_interface-0.0.0-py3.12.egg-info/top_level.txt
[0.587s] -- Installing: /home/joel-jebitto/ROS_workspace/install/my_robot_interface/lib/python3.12/site-packages/my_robot_interface-0.0.0-py3.12.egg-info/PKG-INFO
[0.587s] -- Installing: /home/joel-jebitto/ROS_workspace/install/my_robot_interface/lib/python3.12/site-packages/my_robot_interface-0.0.0-py3.12.egg-info/SOURCES.txt
[0.587s] -- Installing: /home/joel-jebitto/ROS_workspace/install/my_robot_interface/lib/python3.12/site-packages/my_robot_interface-0.0.0-py3.12.egg-info/dependency_links.txt
[0.588s] -- Up-to-date: /home/joel-jebitto/ROS_workspace/install/my_robot_interface/lib/python3.12/site-packages/my_robot_interface
[0.588s] -- Up-to-date: /home/joel-jebitto/ROS_workspace/install/my_robot_interface/lib/python3.12/site-packages/my_robot_interface/__init__.py
[0.588s] -- Up-to-date: /home/joel-jebitto/ROS_workspace/install/my_robot_interface/lib/python3.12/site-packages/my_robot_interface/my_robot_interface_s__rosidl_typesupport_introspection_c.so
[0.588s] -- Up-to-date: /home/joel-jebitto/ROS_workspace/install/my_robot_interface/lib/python3.12/site-packages/my_robot_interface/msg
[0.588s] -- Up-to-date: /home/joel-jebitto/ROS_workspace/install/my_robot_interface/lib/python3.12/site-packages/my_robot_interface/msg/_hardware_status_s.c
[0.588s] -- Up-to-date: /home/joel-jebitto/ROS_workspace/install/my_robot_interface/lib/python3.12/site-packages/my_robot_interface/msg/__init__.py
[0.588s] -- Up-to-date: /home/joel-jebitto/ROS_workspace/install/my_robot_interface/lib/python3.12/site-packages/my_robot_interface/msg/_hardware_status.py
[0.588s] -- Up-to-date: /home/joel-jebitto/ROS_workspace/install/my_robot_interface/lib/python3.12/site-packages/my_robot_interface/_my_robot_interface_s.ep.rosidl_typesupport_c.c
[0.588s] -- Up-to-date: /home/joel-jebitto/ROS_workspace/install/my_robot_interface/lib/python3.12/site-packages/my_robot_interface/my_robot_interface_s__rosidl_typesupport_fastrtps_c.so
[0.588s] -- Up-to-date: /home/joel-jebitto/ROS_workspace/install/my_robot_interface/lib/python3.12/site-packages/my_robot_interface/_my_robot_interface_s.ep.rosidl_typesupport_fastrtps_c.c
[0.588s] -- Up-to-date: /home/joel-jebitto/ROS_workspace/install/my_robot_interface/lib/python3.12/site-packages/my_robot_interface/_my_robot_interface_s.ep.rosidl_typesupport_introspection_c.c
[0.588s] -- Up-to-date: /home/joel-jebitto/ROS_workspace/install/my_robot_interface/lib/python3.12/site-packages/my_robot_interface/my_robot_interface_s__rosidl_typesupport_c.so
[0.615s] Listing '/home/joel-jebitto/ROS_workspace/install/my_robot_interface/lib/python3.12/site-packages/my_robot_interface'...
[0.615s] Listing '/home/joel-jebitto/ROS_workspace/install/my_robot_interface/lib/python3.12/site-packages/my_robot_interface/msg'...
[0.619s] -- Up-to-date: /home/joel-jebitto/ROS_workspace/install/my_robot_interface/lib/python3.12/site-packages/my_robot_interface/my_robot_interface_s__rosidl_typesupport_fastrtps_c.so
[0.619s] -- Up-to-date: /home/joel-jebitto/ROS_workspace/install/my_robot_interface/lib/python3.12/site-packages/my_robot_interface/my_robot_interface_s__rosidl_typesupport_introspection_c.so
[0.619s] -- Up-to-date: /home/joel-jebitto/ROS_workspace/install/my_robot_interface/lib/python3.12/site-packages/my_robot_interface/my_robot_interface_s__rosidl_typesupport_c.so
[0.619s] -- Up-to-date: /home/joel-jebitto/ROS_workspace/install/my_robot_interface/lib/libmy_robot_interface__rosidl_generator_py.so
[0.619s] -- Up-to-date: /home/joel-jebitto/ROS_workspace/install/my_robot_interface/share/my_robot_interface/msg/HardwareStatus.idl
[0.619s] -- Up-to-date: /home/joel-jebitto/ROS_workspace/install/my_robot_interface/share/my_robot_interface/msg/HardwareStatus.msg
[0.619s] -- Up-to-date: /home/joel-jebitto/ROS_workspace/install/my_robot_interface/share/ament_index/resource_index/package_run_dependencies/my_robot_interface
[0.620s] -- Up-to-date: /home/joel-jebitto/ROS_workspace/install/my_robot_interface/share/ament_index/resource_index/parent_prefix_path/my_robot_interface
[0.620s] -- Up-to-date: /home/joel-jebitto/ROS_workspace/install/my_robot_interface/share/my_robot_interface/environment/ament_prefix_path.sh
[0.620s] -- Up-to-date: /home/joel-jebitto/ROS_workspace/install/my_robot_interface/share/my_robot_interface/environment/ament_prefix_path.dsv
[0.620s] -- Up-to-date: /home/joel-jebitto/ROS_workspace/install/my_robot_interface/share/my_robot_interface/environment/path.sh
[0.620s] -- Up-to-date: /home/joel-jebitto/ROS_workspace/install/my_robot_interface/share/my_robot_interface/environment/path.dsv
[0.620s] -- Up-to-date: /home/joel-jebitto/ROS_workspace/install/my_robot_interface/share/my_robot_interface/local_setup.bash
[0.620s] -- Up-to-date: /home/joel-jebitto/ROS_workspace/install/my_robot_interface/share/my_robot_interface/local_setup.sh
[0.620s] -- Up-to-date: /home/joel-jebitto/ROS_workspace/install/my_robot_interface/share/my_robot_interface/local_setup.zsh
[0.620s] -- Up-to-date: /home/joel-jebitto/ROS_workspace/install/my_robot_interface/share/my_robot_interface/local_setup.dsv
[0.620s] -- Installing: /home/joel-jebitto/ROS_workspace/install/my_robot_interface/share/my_robot_interface/package.dsv
[0.620s] -- Up-to-date: /home/joel-jebitto/ROS_workspace/install/my_robot_interface/share/ament_index/resource_index/packages/my_robot_interface
[0.620s] -- Up-to-date: /home/joel-jebitto/ROS_workspace/install/my_robot_interface/share/my_robot_interface/cmake/export_my_robot_interface__rosidl_generator_cExport.cmake
[0.620s] -- Up-to-date: /home/joel-jebitto/ROS_workspace/install/my_robot_interface/share/my_robot_interface/cmake/export_my_robot_interface__rosidl_generator_cExport-noconfig.cmake
[0.620s] -- Up-to-date: /home/joel-jebitto/ROS_workspace/install/my_robot_interface/share/my_robot_interface/cmake/export_my_robot_interface__rosidl_typesupport_fastrtps_cExport.cmake
[0.621s] -- Up-to-date: /home/joel-jebitto/ROS_workspace/install/my_robot_interface/share/my_robot_interface/cmake/export_my_robot_interface__rosidl_typesupport_fastrtps_cExport-noconfig.cmake
[0.621s] -- Up-to-date: /home/joel-jebitto/ROS_workspace/install/my_robot_interface/share/my_robot_interface/cmake/export_my_robot_interface__rosidl_generator_cppExport.cmake
[0.621s] -- Up-to-date: /home/joel-jebitto/ROS_workspace/install/my_robot_interface/share/my_robot_interface/cmake/export_my_robot_interface__rosidl_typesupport_fastrtps_cppExport.cmake
[0.621s] -- Up-to-date: /home/joel-jebitto/ROS_workspace/install/my_robot_interface/share/my_robot_interface/cmake/export_my_robot_interface__rosidl_typesupport_fastrtps_cppExport-noconfig.cmake
[0.621s] -- Up-to-date: /home/joel-jebitto/ROS_workspace/install/my_robot_interface/share/my_robot_interface/cmake/my_robot_interface__rosidl_typesupport_introspection_cExport.cmake
[0.621s] -- Up-to-date: /home/joel-jebitto/ROS_workspace/install/my_robot_interface/share/my_robot_interface/cmake/my_robot_interface__rosidl_typesupport_introspection_cExport-noconfig.cmake
[0.621s] -- Up-to-date: /home/joel-jebitto/ROS_workspace/install/my_robot_interface/share/my_robot_interface/cmake/my_robot_interface__rosidl_typesupport_cExport.cmake
[0.621s] -- Up-to-date: /home/joel-jebitto/ROS_workspace/install/my_robot_interface/share/my_robot_interface/cmake/my_robot_interface__rosidl_typesupport_cExport-noconfig.cmake
[0.621s] -- Up-to-date: /home/joel-jebitto/ROS_workspace/install/my_robot_interface/share/my_robot_interface/cmake/my_robot_interface__rosidl_typesupport_introspection_cppExport.cmake
[0.621s] -- Up-to-date: /home/joel-jebitto/ROS_workspace/install/my_robot_interface/share/my_robot_interface/cmake/my_robot_interface__rosidl_typesupport_introspection_cppExport-noconfig.cmake
[0.621s] -- Up-to-date: /home/joel-jebitto/ROS_workspace/install/my_robot_interface/share/my_robot_interface/cmake/my_robot_interface__rosidl_typesupport_cppExport.cmake
[0.622s] -- Up-to-date: /home/joel-jebitto/ROS_workspace/install/my_robot_interface/share/my_robot_interface/cmake/my_robot_interface__rosidl_typesupport_cppExport-noconfig.cmake
[0.622s] -- Up-to-date: /home/joel-jebitto/ROS_workspace/install/my_robot_interface/share/my_robot_interface/cmake/export_my_robot_interface__rosidl_generator_pyExport.cmake
[0.622s] -- Up-to-date: /home/joel-jebitto/ROS_workspace/install/my_robot_interface/share/my_robot_interface/cmake/export_my_robot_interface__rosidl_generator_pyExport-noconfig.cmake
[0.622s] -- Up-to-date: /home/joel-jebitto/ROS_workspace/install/my_robot_interface/share/my_robot_interface/cmake/rosidl_cmake-extras.cmake
[0.622s] -- Up-to-date: /home/joel-jebitto/ROS_workspace/install/my_robot_interface/share/my_robot_interface/cmake/ament_cmake_export_include_directories-extras.cmake
[0.622s] -- Up-to-date: /home/joel-jebitto/ROS_workspace/install/my_robot_interface/share/my_robot_interface/cmake/ament_cmake_export_libraries-extras.cmake
[0.622s] -- Up-to-date: /home/joel-jebitto/ROS_workspace/install/my_robot_interface/share/my_robot_interface/cmake/ament_cmake_export_targets-extras.cmake
[0.622s] -- Up-to-date: /home/joel-jebitto/ROS_workspace/install/my_robot_interface/share/my_robot_interface/cmake/rosidl_cmake_export_typesupport_targets-extras.cmake
[0.622s] -- Up-to-date: /home/joel-jebitto/ROS_workspace/install/my_robot_interface/share/my_robot_interface/cmake/ament_cmake_export_dependencies-extras.cmake
[0.622s] -- Up-to-date: /home/joel-jebitto/ROS_workspace/install/my_robot_interface/share/my_robot_interface/cmake/rosidl_cmake_export_typesupport_libraries-extras.cmake
[0.622s] -- Up-to-date: /home/joel-jebitto/ROS_workspace/install/my_robot_interface/share/my_robot_interface/cmake/my_robot_interfaceConfig.cmake
[0.622s] -- Up-to-date: /home/joel-jebitto/ROS_workspace/install/my_robot_interface/share/my_robot_interface/cmake/my_robot_interfaceConfig-version.cmake
[0.622s] -- Up-to-date: /home/joel-jebitto/ROS_workspace/install/my_robot_interface/share/my_robot_interface/package.xml
[0.623s] Invoked command in '/home/joel-jebitto/ROS_workspace/build/my_robot_interface' returned '0': CMAKE_PREFIX_PATH=${CMAKE_PREFIX_PATH}:/home/joel-jebitto/ROS_workspace/install/my_py_pkg:/opt/ros/jazzy DEBUGINFOD_URLS=https://debuginfod.ubuntu.com /usr/bin/cmake --install /home/joel-jebitto/ROS_workspace/build/my_robot_interface
