[0.141s] DEBUG:colcon:Command line arguments: ['/usr/bin/colcon', 'build', '--cmake-args', '-DCMAKE_EXPORT_COMPILE_COMMANDS=ON']
[0.141s] DEBUG:colcon:Parsed command line arguments: Namespace(log_base=None, log_level=None, verb_name='build', build_base='build', install_base='install', merge_install=False, symlink_install=False, test_result_base=None, continue_on_error=False, executor='parallel', parallel_workers=8, event_handlers=None, ignore_user_meta=False, metas=['./colcon.meta'], base_paths=['.'], packages_ignore=None, packages_ignore_regex=None, paths=None, packages_up_to=None, packages_up_to_regex=None, packages_above=None, packages_above_and_dependencies=None, packages_above_depth=None, packages_select_by_dep=None, packages_skip_by_dep=None, packages_skip_up_to=None, packages_select_build_failed=False, packages_skip_build_finished=False, packages_select_test_failures=False, packages_skip_test_passed=False, packages_select=None, packages_skip=None, packages_select_regex=None, packages_skip_regex=None, packages_start=None, packages_end=None, allow_overriding=[], cmake_args=['-DCMAKE_EXPORT_COMPILE_COMMANDS=ON'], cmake_target=None, cmake_target_skip_unavailable=False, cmake_clean_cache=False, cmake_clean_first=False, cmake_force_configure=False, ament_cmake_args=None, catkin_cmake_args=None, catkin_skip_building_tests=False, mixin_files=None, mixin=None, verb_parser=<colcon_mixin.mixin.mixin_argument.MixinArgumentDecorator object at 0x76b373895bb0>, verb_extension=<colcon_core.verb.build.BuildVerb object at 0x76b373826270>, main=<bound method BuildVerb.main of <colcon_core.verb.build.BuildVerb object at 0x76b373826270>>, mixin_verb=('build',))
[0.168s] Level 1:colcon.colcon_core.package_discovery:discover_packages(colcon_meta) check parameters
[0.168s] Level 1:colcon.colcon_core.package_discovery:discover_packages(recursive) check parameters
[0.168s] Level 1:colcon.colcon_core.package_discovery:discover_packages(ignore) check parameters
[0.168s] Level 1:colcon.colcon_core.package_discovery:discover_packages(path) check parameters
[0.168s] Level 1:colcon.colcon_core.package_discovery:discover_packages(colcon_meta) discover
[0.168s] Level 1:colcon.colcon_core.package_discovery:discover_packages(recursive) discover
[0.168s] INFO:colcon.colcon_core.package_discovery:Crawling recursively for packages in '/home/joel-jebitto/ROS_workspace'
[0.168s] Level 1:colcon.colcon_core.package_identification:_identify(.) by extensions ['ignore', 'ignore_ament_install']
[0.168s] Level 1:colcon.colcon_core.package_identification:_identify(.) by extension 'ignore'
[0.169s] Level 1:colcon.colcon_core.package_identification:_identify(.) by extension 'ignore_ament_install'
[0.169s] Level 1:colcon.colcon_core.package_identification:_identify(.) by extensions ['colcon_pkg']
[0.169s] Level 1:colcon.colcon_core.package_identification:_identify(.) by extension 'colcon_pkg'
[0.169s] Level 1:colcon.colcon_core.package_identification:_identify(.) by extensions ['colcon_meta']
[0.169s] Level 1:colcon.colcon_core.package_identification:_identify(.) by extension 'colcon_meta'
[0.169s] Level 1:colcon.colcon_core.package_identification:_identify(.) by extensions ['ros']
[0.169s] Level 1:colcon.colcon_core.package_identification:_identify(.) by extension 'ros'
[0.187s] Level 1:colcon.colcon_core.package_identification:_identify(.) by extensions ['cmake', 'python']
[0.187s] Level 1:colcon.colcon_core.package_identification:_identify(.) by extension 'cmake'
[0.187s] Level 1:colcon.colcon_core.package_identification:_identify(.) by extension 'python'
[0.187s] Level 1:colcon.colcon_core.package_identification:_identify(.) by extensions ['python_setup_py']
[0.187s] Level 1:colcon.colcon_core.package_identification:_identify(.) by extension 'python_setup_py'
[0.187s] Level 1:colcon.colcon_core.package_identification:_identify(build) by extensions ['ignore', 'ignore_ament_install']
[0.188s] Level 1:colcon.colcon_core.package_identification:_identify(build) by extension 'ignore'
[0.188s] Level 1:colcon.colcon_core.package_identification:_identify(build) ignored
[0.188s] Level 1:colcon.colcon_core.package_identification:_identify(install) by extensions ['ignore', 'ignore_ament_install']
[0.188s] Level 1:colcon.colcon_core.package_identification:_identify(install) by extension 'ignore'
[0.188s] Level 1:colcon.colcon_core.package_identification:_identify(install) ignored
[0.188s] Level 1:colcon.colcon_core.package_identification:_identify(log) by extensions ['ignore', 'ignore_ament_install']
[0.188s] Level 1:colcon.colcon_core.package_identification:_identify(log) by extension 'ignore'
[0.188s] Level 1:colcon.colcon_core.package_identification:_identify(log) ignored
[0.188s] Level 1:colcon.colcon_core.package_identification:_identify(src) by extensions ['ignore', 'ignore_ament_install']
[0.188s] Level 1:colcon.colcon_core.package_identification:_identify(src) by extension 'ignore'
[0.188s] Level 1:colcon.colcon_core.package_identification:_identify(src) by extension 'ignore_ament_install'
[0.188s] Level 1:colcon.colcon_core.package_identification:_identify(src) by extensions ['colcon_pkg']
[0.188s] Level 1:colcon.colcon_core.package_identification:_identify(src) by extension 'colcon_pkg'
[0.188s] Level 1:colcon.colcon_core.package_identification:_identify(src) by extensions ['colcon_meta']
[0.188s] Level 1:colcon.colcon_core.package_identification:_identify(src) by extension 'colcon_meta'
[0.188s] Level 1:colcon.colcon_core.package_identification:_identify(src) by extensions ['ros']
[0.188s] Level 1:colcon.colcon_core.package_identification:_identify(src) by extension 'ros'
[0.188s] Level 1:colcon.colcon_core.package_identification:_identify(src) by extensions ['cmake', 'python']
[0.188s] Level 1:colcon.colcon_core.package_identification:_identify(src) by extension 'cmake'
[0.188s] Level 1:colcon.colcon_core.package_identification:_identify(src) by extension 'python'
[0.188s] Level 1:colcon.colcon_core.package_identification:_identify(src) by extensions ['python_setup_py']
[0.188s] Level 1:colcon.colcon_core.package_identification:_identify(src) by extension 'python_setup_py'
[0.189s] Level 1:colcon.colcon_core.package_identification:_identify(src/build) by extensions ['ignore', 'ignore_ament_install']
[0.189s] Level 1:colcon.colcon_core.package_identification:_identify(src/build) by extension 'ignore'
[0.189s] Level 1:colcon.colcon_core.package_identification:_identify(src/build) by extension 'ignore_ament_install'
[0.189s] Level 1:colcon.colcon_core.package_identification:_identify(src/build) by extensions ['colcon_pkg']
[0.189s] Level 1:colcon.colcon_core.package_identification:_identify(src/build) by extension 'colcon_pkg'
[0.189s] Level 1:colcon.colcon_core.package_identification:_identify(src/build) by extensions ['colcon_meta']
[0.189s] Level 1:colcon.colcon_core.package_identification:_identify(src/build) by extension 'colcon_meta'
[0.189s] Level 1:colcon.colcon_core.package_identification:_identify(src/build) by extensions ['ros']
[0.189s] Level 1:colcon.colcon_core.package_identification:_identify(src/build) by extension 'ros'
[0.189s] Level 1:colcon.colcon_core.package_identification:_identify(src/build) ignored
[0.189s] Level 1:colcon.colcon_core.package_identification:_identify(src/cpp_pubsub) by extensions ['ignore', 'ignore_ament_install']
[0.189s] Level 1:colcon.colcon_core.package_identification:_identify(src/cpp_pubsub) by extension 'ignore'
[0.189s] Level 1:colcon.colcon_core.package_identification:_identify(src/cpp_pubsub) by extension 'ignore_ament_install'
[0.189s] Level 1:colcon.colcon_core.package_identification:_identify(src/cpp_pubsub) by extensions ['colcon_pkg']
[0.189s] Level 1:colcon.colcon_core.package_identification:_identify(src/cpp_pubsub) by extension 'colcon_pkg'
[0.189s] Level 1:colcon.colcon_core.package_identification:_identify(src/cpp_pubsub) by extensions ['colcon_meta']
[0.189s] Level 1:colcon.colcon_core.package_identification:_identify(src/cpp_pubsub) by extension 'colcon_meta'
[0.189s] Level 1:colcon.colcon_core.package_identification:_identify(src/cpp_pubsub) by extensions ['ros']
[0.189s] Level 1:colcon.colcon_core.package_identification:_identify(src/cpp_pubsub) by extension 'ros'
[0.191s] DEBUG:colcon.colcon_core.package_identification:Package 'src/cpp_pubsub' with type 'ros.ament_cmake' and name 'cpp_pubsub'
[0.191s] Level 1:colcon.colcon_core.package_identification:_identify(src/my_py_pkg) by extensions ['ignore', 'ignore_ament_install']
[0.191s] Level 1:colcon.colcon_core.package_identification:_identify(src/my_py_pkg) by extension 'ignore'
[0.191s] Level 1:colcon.colcon_core.package_identification:_identify(src/my_py_pkg) by extension 'ignore_ament_install'
[0.191s] Level 1:colcon.colcon_core.package_identification:_identify(src/my_py_pkg) by extensions ['colcon_pkg']
[0.191s] Level 1:colcon.colcon_core.package_identification:_identify(src/my_py_pkg) by extension 'colcon_pkg'
[0.191s] Level 1:colcon.colcon_core.package_identification:_identify(src/my_py_pkg) by extensions ['colcon_meta']
[0.191s] Level 1:colcon.colcon_core.package_identification:_identify(src/my_py_pkg) by extension 'colcon_meta'
[0.191s] Level 1:colcon.colcon_core.package_identification:_identify(src/my_py_pkg) by extensions ['ros']
[0.191s] Level 1:colcon.colcon_core.package_identification:_identify(src/my_py_pkg) by extension 'ros'
[0.192s] DEBUG:colcon.colcon_core.package_identification:Package 'src/my_py_pkg' with type 'ros.ament_python' and name 'my_py_pkg'
[0.192s] Level 1:colcon.colcon_core.package_identification:_identify(src/my_robot_interface) by extensions ['ignore', 'ignore_ament_install']
[0.192s] Level 1:colcon.colcon_core.package_identification:_identify(src/my_robot_interface) by extension 'ignore'
[0.192s] Level 1:colcon.colcon_core.package_identification:_identify(src/my_robot_interface) by extension 'ignore_ament_install'
[0.192s] Level 1:colcon.colcon_core.package_identification:_identify(src/my_robot_interface) by extensions ['colcon_pkg']
[0.192s] Level 1:colcon.colcon_core.package_identification:_identify(src/my_robot_interface) by extension 'colcon_pkg'
[0.192s] Level 1:colcon.colcon_core.package_identification:_identify(src/my_robot_interface) by extensions ['colcon_meta']
[0.192s] Level 1:colcon.colcon_core.package_identification:_identify(src/my_robot_interface) by extension 'colcon_meta'
[0.192s] Level 1:colcon.colcon_core.package_identification:_identify(src/my_robot_interface) by extensions ['ros']
[0.192s] Level 1:colcon.colcon_core.package_identification:_identify(src/my_robot_interface) by extension 'ros'
[0.192s] DEBUG:colcon.colcon_core.package_identification:Package 'src/my_robot_interface' with type 'ros.ament_cmake' and name 'my_robot_interface'
[0.193s] Level 1:colcon.colcon_core.package_discovery:discover_packages(recursive) using defaults
[0.193s] Level 1:colcon.colcon_core.package_discovery:discover_packages(ignore) discover
[0.193s] Level 1:colcon.colcon_core.package_discovery:discover_packages(ignore) using defaults
[0.193s] Level 1:colcon.colcon_core.package_discovery:discover_packages(path) discover
[0.193s] Level 1:colcon.colcon_core.package_discovery:discover_packages(path) using defaults
[0.206s] Level 1:colcon.colcon_core.package_discovery:discover_packages(prefix_path) check parameters
[0.206s] Level 1:colcon.colcon_core.package_discovery:discover_packages(prefix_path) discover
[0.207s] DEBUG:colcon.colcon_installed_package_information.package_discovery:Found 3 installed packages in /home/joel-jebitto/ROS_workspace/install
[0.208s] DEBUG:colcon.colcon_installed_package_information.package_discovery:Found 285 installed packages in /opt/ros/jazzy
[0.209s] Level 1:colcon.colcon_core.package_discovery:discover_packages(prefix_path) using defaults
[0.243s] Level 5:colcon.colcon_core.verb:set package 'my_py_pkg' build argument 'cmake_args' from command line to '['-DCMAKE_EXPORT_COMPILE_COMMANDS=ON']'
[0.243s] Level 5:colcon.colcon_core.verb:set package 'my_py_pkg' build argument 'cmake_target' from command line to 'None'
[0.243s] Level 5:colcon.colcon_core.verb:set package 'my_py_pkg' build argument 'cmake_target_skip_unavailable' from command line to 'False'
[0.243s] Level 5:colcon.colcon_core.verb:set package 'my_py_pkg' build argument 'cmake_clean_cache' from command line to 'False'
[0.243s] Level 5:colcon.colcon_core.verb:set package 'my_py_pkg' build argument 'cmake_clean_first' from command line to 'False'
[0.243s] Level 5:colcon.colcon_core.verb:set package 'my_py_pkg' build argument 'cmake_force_configure' from command line to 'False'
[0.243s] Level 5:colcon.colcon_core.verb:set package 'my_py_pkg' build argument 'ament_cmake_args' from command line to 'None'
[0.243s] Level 5:colcon.colcon_core.verb:set package 'my_py_pkg' build argument 'catkin_cmake_args' from command line to 'None'
[0.243s] Level 5:colcon.colcon_core.verb:set package 'my_py_pkg' build argument 'catkin_skip_building_tests' from command line to 'False'
[0.243s] DEBUG:colcon.colcon_core.verb:Building package 'my_py_pkg' with the following arguments: {'ament_cmake_args': None, 'build_base': '/home/joel-jebitto/ROS_workspace/build/my_py_pkg', 'catkin_cmake_args': None, 'catkin_skip_building_tests': False, 'cmake_args': ['-DCMAKE_EXPORT_COMPILE_COMMANDS=ON'], 'cmake_clean_cache': False, 'cmake_clean_first': False, 'cmake_force_configure': False, 'cmake_target': None, 'cmake_target_skip_unavailable': False, 'install_base': '/home/joel-jebitto/ROS_workspace/install/my_py_pkg', 'merge_install': False, 'path': '/home/joel-jebitto/ROS_workspace/src/my_py_pkg', 'symlink_install': False, 'test_result_base': None}
[0.243s] Level 5:colcon.colcon_core.verb:set package 'my_robot_interface' build argument 'cmake_args' from command line to '['-DCMAKE_EXPORT_COMPILE_COMMANDS=ON']'
[0.243s] Level 5:colcon.colcon_core.verb:set package 'my_robot_interface' build argument 'cmake_target' from command line to 'None'
[0.243s] Level 5:colcon.colcon_core.verb:set package 'my_robot_interface' build argument 'cmake_target_skip_unavailable' from command line to 'False'
[0.243s] Level 5:colcon.colcon_core.verb:set package 'my_robot_interface' build argument 'cmake_clean_cache' from command line to 'False'
[0.243s] Level 5:colcon.colcon_core.verb:set package 'my_robot_interface' build argument 'cmake_clean_first' from command line to 'False'
[0.243s] Level 5:colcon.colcon_core.verb:set package 'my_robot_interface' build argument 'cmake_force_configure' from command line to 'False'
[0.243s] Level 5:colcon.colcon_core.verb:set package 'my_robot_interface' build argument 'ament_cmake_args' from command line to 'None'
[0.244s] Level 5:colcon.colcon_core.verb:set package 'my_robot_interface' build argument 'catkin_cmake_args' from command line to 'None'
[0.244s] Level 5:colcon.colcon_core.verb:set package 'my_robot_interface' build argument 'catkin_skip_building_tests' from command line to 'False'
[0.244s] DEBUG:colcon.colcon_core.verb:Building package 'my_robot_interface' with the following arguments: {'ament_cmake_args': None, 'build_base': '/home/joel-jebitto/ROS_workspace/build/my_robot_interface', 'catkin_cmake_args': None, 'catkin_skip_building_tests': False, 'cmake_args': ['-DCMAKE_EXPORT_COMPILE_COMMANDS=ON'], 'cmake_clean_cache': False, 'cmake_clean_first': False, 'cmake_force_configure': False, 'cmake_target': None, 'cmake_target_skip_unavailable': False, 'install_base': '/home/joel-jebitto/ROS_workspace/install/my_robot_interface', 'merge_install': False, 'path': '/home/joel-jebitto/ROS_workspace/src/my_robot_interface', 'symlink_install': False, 'test_result_base': None}
[0.244s] Level 5:colcon.colcon_core.verb:set package 'cpp_pubsub' build argument 'cmake_args' from command line to '['-DCMAKE_EXPORT_COMPILE_COMMANDS=ON']'
[0.244s] Level 5:colcon.colcon_core.verb:set package 'cpp_pubsub' build argument 'cmake_target' from command line to 'None'
[0.244s] Level 5:colcon.colcon_core.verb:set package 'cpp_pubsub' build argument 'cmake_target_skip_unavailable' from command line to 'False'
[0.244s] Level 5:colcon.colcon_core.verb:set package 'cpp_pubsub' build argument 'cmake_clean_cache' from command line to 'False'
[0.244s] Level 5:colcon.colcon_core.verb:set package 'cpp_pubsub' build argument 'cmake_clean_first' from command line to 'False'
[0.244s] Level 5:colcon.colcon_core.verb:set package 'cpp_pubsub' build argument 'cmake_force_configure' from command line to 'False'
[0.244s] Level 5:colcon.colcon_core.verb:set package 'cpp_pubsub' build argument 'ament_cmake_args' from command line to 'None'
[0.244s] Level 5:colcon.colcon_core.verb:set package 'cpp_pubsub' build argument 'catkin_cmake_args' from command line to 'None'
[0.244s] Level 5:colcon.colcon_core.verb:set package 'cpp_pubsub' build argument 'catkin_skip_building_tests' from command line to 'False'
[0.244s] DEBUG:colcon.colcon_core.verb:Building package 'cpp_pubsub' with the following arguments: {'ament_cmake_args': None, 'build_base': '/home/joel-jebitto/ROS_workspace/build/cpp_pubsub', 'catkin_cmake_args': None, 'catkin_skip_building_tests': False, 'cmake_args': ['-DCMAKE_EXPORT_COMPILE_COMMANDS=ON'], 'cmake_clean_cache': False, 'cmake_clean_first': False, 'cmake_force_configure': False, 'cmake_target': None, 'cmake_target_skip_unavailable': False, 'install_base': '/home/joel-jebitto/ROS_workspace/install/cpp_pubsub', 'merge_install': False, 'path': '/home/joel-jebitto/ROS_workspace/src/cpp_pubsub', 'symlink_install': False, 'test_result_base': None}
[0.244s] INFO:colcon.colcon_core.executor:Executing jobs using 'parallel' executor
[0.244s] DEBUG:colcon.colcon_parallel_executor.executor.parallel:run_until_complete
[0.245s] INFO:colcon.colcon_ros.task.ament_cmake.build:Building ROS package in '/home/joel-jebitto/ROS_workspace/src/my_robot_interface' with build type 'ament_cmake'
[0.245s] INFO:colcon.colcon_cmake.task.cmake.build:Building CMake package in '/home/joel-jebitto/ROS_workspace/src/my_robot_interface'
[0.247s] INFO:colcon.colcon_core.plugin_system:Skipping extension 'colcon_core.shell.bat': Not used on non-Windows systems
[0.247s] INFO:colcon.colcon_core.shell:Skip shell extension 'powershell' for command environment: Not usable outside of PowerShell
[0.247s] DEBUG:colcon.colcon_core.shell:Skip shell extension 'dsv' for command environment
[0.251s] INFO:colcon.colcon_ros.task.ament_python.build:Building ROS package in '/home/joel-jebitto/ROS_workspace/src/my_py_pkg' with build type 'ament_python'
[0.251s] Level 1:colcon.colcon_core.shell:create_environment_hook('my_py_pkg', 'ament_prefix_path')
[0.251s] INFO:colcon.colcon_core.shell:Creating environment hook '/home/joel-jebitto/ROS_workspace/install/my_py_pkg/share/my_py_pkg/hook/ament_prefix_path.ps1'
[0.252s] INFO:colcon.colcon_core.shell:Creating environment descriptor '/home/joel-jebitto/ROS_workspace/install/my_py_pkg/share/my_py_pkg/hook/ament_prefix_path.dsv'
[0.252s] INFO:colcon.colcon_core.shell:Creating environment hook '/home/joel-jebitto/ROS_workspace/install/my_py_pkg/share/my_py_pkg/hook/ament_prefix_path.sh'
[0.253s] INFO:colcon.colcon_core.shell:Skip shell extension 'powershell' for command environment: Not usable outside of PowerShell
[0.253s] DEBUG:colcon.colcon_core.shell:Skip shell extension 'dsv' for command environment
[0.258s] DEBUG:colcon.colcon_core.event_handler.log_command:Invoking command in '/home/joel-jebitto/ROS_workspace/build/my_robot_interface': CMAKE_PREFIX_PATH=${CMAKE_PREFIX_PATH}:/home/joel-jebitto/ROS_workspace/install/my_py_pkg:/opt/ros/jazzy DEBUGINFOD_URLS=https://debuginfod.ubuntu.com /usr/bin/cmake /home/joel-jebitto/ROS_workspace/src/my_robot_interface -DCMAKE_EXPORT_COMPILE_COMMANDS=ON -DCMAKE_INSTALL_PREFIX=/home/joel-jebitto/ROS_workspace/install/my_robot_interface
[0.571s] INFO:colcon.colcon_core.task.python.build:Building Python package in '/home/joel-jebitto/ROS_workspace/src/my_py_pkg'
[0.571s] INFO:colcon.colcon_core.shell:Skip shell extension 'powershell' for command environment: Not usable outside of PowerShell
[0.571s] DEBUG:colcon.colcon_core.shell:Skip shell extension 'dsv' for command environment
[1.124s] DEBUG:colcon.colcon_core.event_handler.log_command:Invoking command in '/home/joel-jebitto/ROS_workspace/src/my_py_pkg': DEBUGINFOD_URLS=https://debuginfod.ubuntu.com PYTHONPATH=/home/joel-jebitto/ROS_workspace/build/my_py_pkg/prefix_override:/usr/lib/python3/dist-packages/colcon_core/task/python/colcon_distutils_commands:/home/joel-jebitto/ROS_workspace/install/my_py_pkg/lib/python3.12/site-packages:${PYTHONPATH} /usr/bin/python3 -W ignore:setup.py install is deprecated -W ignore:easy_install command is deprecated setup.py egg_info --egg-base ../../build/my_py_pkg build --build-base /home/joel-jebitto/ROS_workspace/build/my_py_pkg/build install --record /home/joel-jebitto/ROS_workspace/build/my_py_pkg/install.log --single-version-externally-managed install_data
[1.213s] DEBUG:colcon.colcon_core.event_handler.log_command:Invoked command in '/home/joel-jebitto/ROS_workspace/build/my_robot_interface' returned '0': CMAKE_PREFIX_PATH=${CMAKE_PREFIX_PATH}:/home/joel-jebitto/ROS_workspace/install/my_py_pkg:/opt/ros/jazzy DEBUGINFOD_URLS=https://debuginfod.ubuntu.com /usr/bin/cmake /home/joel-jebitto/ROS_workspace/src/my_robot_interface -DCMAKE_EXPORT_COMPILE_COMMANDS=ON -DCMAKE_INSTALL_PREFIX=/home/joel-jebitto/ROS_workspace/install/my_robot_interface
[1.215s] DEBUG:colcon.colcon_core.event_handler.log_command:Invoking command in '/home/joel-jebitto/ROS_workspace/build/my_robot_interface': CMAKE_PREFIX_PATH=${CMAKE_PREFIX_PATH}:/home/joel-jebitto/ROS_workspace/install/my_py_pkg:/opt/ros/jazzy DEBUGINFOD_URLS=https://debuginfod.ubuntu.com /usr/bin/cmake --build /home/joel-jebitto/ROS_workspace/build/my_robot_interface -- -j8 -l8
[1.561s] DEBUG:colcon.colcon_core.event_handler.log_command:Invoked command in '/home/joel-jebitto/ROS_workspace/build/my_robot_interface' returned '0': CMAKE_PREFIX_PATH=${CMAKE_PREFIX_PATH}:/home/joel-jebitto/ROS_workspace/install/my_py_pkg:/opt/ros/jazzy DEBUGINFOD_URLS=https://debuginfod.ubuntu.com /usr/bin/cmake --build /home/joel-jebitto/ROS_workspace/build/my_robot_interface -- -j8 -l8
[1.567s] DEBUG:colcon.colcon_core.event_handler.log_command:Invoking command in '/home/joel-jebitto/ROS_workspace/build/my_robot_interface': CMAKE_PREFIX_PATH=${CMAKE_PREFIX_PATH}:/home/joel-jebitto/ROS_workspace/install/my_py_pkg:/opt/ros/jazzy DEBUGINFOD_URLS=https://debuginfod.ubuntu.com /usr/bin/cmake --install /home/joel-jebitto/ROS_workspace/build/my_robot_interface
[1.614s] Level 1:colcon.colcon_core.environment:create_environment_scripts_only(my_robot_interface)
[1.614s] DEBUG:colcon.colcon_core.event_handler.log_command:Invoked command in '/home/joel-jebitto/ROS_workspace/build/my_robot_interface' returned '0': CMAKE_PREFIX_PATH=${CMAKE_PREFIX_PATH}:/home/joel-jebitto/ROS_workspace/install/my_py_pkg:/opt/ros/jazzy DEBUGINFOD_URLS=https://debuginfod.ubuntu.com /usr/bin/cmake --install /home/joel-jebitto/ROS_workspace/build/my_robot_interface
[1.616s] Level 1:colcon.colcon_core.environment:checking '/home/joel-jebitto/ROS_workspace/install/my_robot_interface' for CMake module files
[1.617s] Level 1:colcon.colcon_core.environment:checking '/home/joel-jebitto/ROS_workspace/install/my_robot_interface' for CMake config files
[1.617s] Level 1:colcon.colcon_core.shell:create_environment_hook('my_robot_interface', 'cmake_prefix_path')
[1.617s] INFO:colcon.colcon_core.shell:Creating environment hook '/home/joel-jebitto/ROS_workspace/install/my_robot_interface/share/my_robot_interface/hook/cmake_prefix_path.ps1'
[1.617s] INFO:colcon.colcon_core.shell:Creating environment descriptor '/home/joel-jebitto/ROS_workspace/install/my_robot_interface/share/my_robot_interface/hook/cmake_prefix_path.dsv'
[1.618s] INFO:colcon.colcon_core.shell:Creating environment hook '/home/joel-jebitto/ROS_workspace/install/my_robot_interface/share/my_robot_interface/hook/cmake_prefix_path.sh'
[1.618s] Level 1:colcon.colcon_core.environment:checking '/home/joel-jebitto/ROS_workspace/install/my_robot_interface/lib'
[1.618s] Level 1:colcon.colcon_core.shell:create_environment_hook('my_robot_interface', 'ld_library_path_lib')
[1.618s] INFO:colcon.colcon_core.shell:Creating environment hook '/home/joel-jebitto/ROS_workspace/install/my_robot_interface/share/my_robot_interface/hook/ld_library_path_lib.ps1'
[1.619s] INFO:colcon.colcon_core.shell:Creating environment descriptor '/home/joel-jebitto/ROS_workspace/install/my_robot_interface/share/my_robot_interface/hook/ld_library_path_lib.dsv'
[1.619s] INFO:colcon.colcon_core.shell:Creating environment hook '/home/joel-jebitto/ROS_workspace/install/my_robot_interface/share/my_robot_interface/hook/ld_library_path_lib.sh'
[1.619s] Level 1:colcon.colcon_core.environment:checking '/home/joel-jebitto/ROS_workspace/install/my_robot_interface/bin'
[1.619s] Level 1:colcon.colcon_core.environment:checking '/home/joel-jebitto/ROS_workspace/install/my_robot_interface/lib/pkgconfig/my_robot_interface.pc'
[1.619s] Level 1:colcon.colcon_core.environment:checking '/home/joel-jebitto/ROS_workspace/install/my_robot_interface/lib/python3.12/site-packages'
[1.620s] Level 1:colcon.colcon_core.shell:create_environment_hook('my_robot_interface', 'pythonpath')
[1.620s] INFO:colcon.colcon_core.shell:Creating environment hook '/home/joel-jebitto/ROS_workspace/install/my_robot_interface/share/my_robot_interface/hook/pythonpath.ps1'
[1.620s] INFO:colcon.colcon_core.shell:Creating environment descriptor '/home/joel-jebitto/ROS_workspace/install/my_robot_interface/share/my_robot_interface/hook/pythonpath.dsv'
[1.620s] INFO:colcon.colcon_core.shell:Creating environment hook '/home/joel-jebitto/ROS_workspace/install/my_robot_interface/share/my_robot_interface/hook/pythonpath.sh'
[1.621s] Level 1:colcon.colcon_core.environment:checking '/home/joel-jebitto/ROS_workspace/install/my_robot_interface/bin'
[1.621s] INFO:colcon.colcon_core.shell:Creating package script '/home/joel-jebitto/ROS_workspace/install/my_robot_interface/share/my_robot_interface/package.ps1'
[1.621s] INFO:colcon.colcon_core.shell:Creating package descriptor '/home/joel-jebitto/ROS_workspace/install/my_robot_interface/share/my_robot_interface/package.dsv'
[1.622s] INFO:colcon.colcon_core.shell:Creating package script '/home/joel-jebitto/ROS_workspace/install/my_robot_interface/share/my_robot_interface/package.sh'
[1.622s] INFO:colcon.colcon_core.shell:Creating package script '/home/joel-jebitto/ROS_workspace/install/my_robot_interface/share/my_robot_interface/package.bash'
[1.623s] INFO:colcon.colcon_core.shell:Creating package script '/home/joel-jebitto/ROS_workspace/install/my_robot_interface/share/my_robot_interface/package.zsh'
[1.623s] Level 1:colcon.colcon_core.environment:create_file_with_runtime_dependencies(/home/joel-jebitto/ROS_workspace/install/my_robot_interface/share/colcon-core/packages/my_robot_interface)
[1.623s] Level 1:colcon.colcon_core.environment:create_environment_scripts_only(my_robot_interface)
[1.624s] Level 1:colcon.colcon_core.environment:checking '/home/joel-jebitto/ROS_workspace/install/my_robot_interface' for CMake module files
[1.624s] Level 1:colcon.colcon_core.environment:checking '/home/joel-jebitto/ROS_workspace/install/my_robot_interface' for CMake config files
[1.624s] Level 1:colcon.colcon_core.shell:create_environment_hook('my_robot_interface', 'cmake_prefix_path')
[1.624s] INFO:colcon.colcon_core.shell:Creating environment hook '/home/joel-jebitto/ROS_workspace/install/my_robot_interface/share/my_robot_interface/hook/cmake_prefix_path.ps1'
[1.625s] INFO:colcon.colcon_core.shell:Creating environment descriptor '/home/joel-jebitto/ROS_workspace/install/my_robot_interface/share/my_robot_interface/hook/cmake_prefix_path.dsv'
[1.625s] INFO:colcon.colcon_core.shell:Creating environment hook '/home/joel-jebitto/ROS_workspace/install/my_robot_interface/share/my_robot_interface/hook/cmake_prefix_path.sh'
[1.625s] Level 1:colcon.colcon_core.environment:checking '/home/joel-jebitto/ROS_workspace/install/my_robot_interface/lib'
[1.625s] Level 1:colcon.colcon_core.shell:create_environment_hook('my_robot_interface', 'ld_library_path_lib')
[1.625s] INFO:colcon.colcon_core.shell:Creating environment hook '/home/joel-jebitto/ROS_workspace/install/my_robot_interface/share/my_robot_interface/hook/ld_library_path_lib.ps1'
[1.626s] INFO:colcon.colcon_core.shell:Creating environment descriptor '/home/joel-jebitto/ROS_workspace/install/my_robot_interface/share/my_robot_interface/hook/ld_library_path_lib.dsv'
[1.626s] INFO:colcon.colcon_core.shell:Creating environment hook '/home/joel-jebitto/ROS_workspace/install/my_robot_interface/share/my_robot_interface/hook/ld_library_path_lib.sh'
[1.626s] Level 1:colcon.colcon_core.environment:checking '/home/joel-jebitto/ROS_workspace/install/my_robot_interface/bin'
[1.626s] Level 1:colcon.colcon_core.environment:checking '/home/joel-jebitto/ROS_workspace/install/my_robot_interface/lib/pkgconfig/my_robot_interface.pc'
[1.626s] Level 1:colcon.colcon_core.environment:checking '/home/joel-jebitto/ROS_workspace/install/my_robot_interface/lib/python3.12/site-packages'
[1.626s] Level 1:colcon.colcon_core.shell:create_environment_hook('my_robot_interface', 'pythonpath')
[1.626s] INFO:colcon.colcon_core.shell:Creating environment hook '/home/joel-jebitto/ROS_workspace/install/my_robot_interface/share/my_robot_interface/hook/pythonpath.ps1'
[1.627s] INFO:colcon.colcon_core.shell:Creating environment descriptor '/home/joel-jebitto/ROS_workspace/install/my_robot_interface/share/my_robot_interface/hook/pythonpath.dsv'
[1.627s] INFO:colcon.colcon_core.shell:Creating environment hook '/home/joel-jebitto/ROS_workspace/install/my_robot_interface/share/my_robot_interface/hook/pythonpath.sh'
[1.627s] Level 1:colcon.colcon_core.environment:checking '/home/joel-jebitto/ROS_workspace/install/my_robot_interface/bin'
[1.628s] INFO:colcon.colcon_core.shell:Creating package script '/home/joel-jebitto/ROS_workspace/install/my_robot_interface/share/my_robot_interface/package.ps1'
[1.628s] INFO:colcon.colcon_core.shell:Creating package descriptor '/home/joel-jebitto/ROS_workspace/install/my_robot_interface/share/my_robot_interface/package.dsv'
[1.628s] INFO:colcon.colcon_core.shell:Creating package script '/home/joel-jebitto/ROS_workspace/install/my_robot_interface/share/my_robot_interface/package.sh'
[1.629s] INFO:colcon.colcon_core.shell:Creating package script '/home/joel-jebitto/ROS_workspace/install/my_robot_interface/share/my_robot_interface/package.bash'
[1.629s] INFO:colcon.colcon_core.shell:Creating package script '/home/joel-jebitto/ROS_workspace/install/my_robot_interface/share/my_robot_interface/package.zsh'
[1.629s] Level 1:colcon.colcon_core.environment:create_file_with_runtime_dependencies(/home/joel-jebitto/ROS_workspace/install/my_robot_interface/share/colcon-core/packages/my_robot_interface)
[1.629s] INFO:colcon.colcon_ros.task.ament_cmake.build:Building ROS package in '/home/joel-jebitto/ROS_workspace/src/cpp_pubsub' with build type 'ament_cmake'
[1.630s] INFO:colcon.colcon_cmake.task.cmake.build:Building CMake package in '/home/joel-jebitto/ROS_workspace/src/cpp_pubsub'
[1.630s] INFO:colcon.colcon_core.shell:Skip shell extension 'powershell' for command environment: Not usable outside of PowerShell
[1.630s] DEBUG:colcon.colcon_core.shell:Skip shell extension 'dsv' for command environment
[1.634s] Level 1:colcon.colcon_core.environment:checking '/home/joel-jebitto/ROS_workspace/install/my_py_pkg' for CMake module files
[1.634s] DEBUG:colcon.colcon_core.event_handler.log_command:Invoked command in '/home/joel-jebitto/ROS_workspace/src/my_py_pkg' returned '0': DEBUGINFOD_URLS=https://debuginfod.ubuntu.com PYTHONPATH=/home/joel-jebitto/ROS_workspace/build/my_py_pkg/prefix_override:/usr/lib/python3/dist-packages/colcon_core/task/python/colcon_distutils_commands:/home/joel-jebitto/ROS_workspace/install/my_py_pkg/lib/python3.12/site-packages:${PYTHONPATH} /usr/bin/python3 -W ignore:setup.py install is deprecated -W ignore:easy_install command is deprecated setup.py egg_info --egg-base ../../build/my_py_pkg build --build-base /home/joel-jebitto/ROS_workspace/build/my_py_pkg/build install --record /home/joel-jebitto/ROS_workspace/build/my_py_pkg/install.log --single-version-externally-managed install_data
[1.635s] Level 1:colcon.colcon_core.environment:checking '/home/joel-jebitto/ROS_workspace/install/my_py_pkg' for CMake config files
[1.636s] Level 1:colcon.colcon_core.environment:checking '/home/joel-jebitto/ROS_workspace/install/my_py_pkg/lib'
[1.636s] Level 1:colcon.colcon_core.environment:checking '/home/joel-jebitto/ROS_workspace/install/my_py_pkg/bin'
[1.636s] Level 1:colcon.colcon_core.environment:checking '/home/joel-jebitto/ROS_workspace/install/my_py_pkg/lib/pkgconfig/my_py_pkg.pc'
[1.636s] Level 1:colcon.colcon_core.environment:checking '/home/joel-jebitto/ROS_workspace/install/my_py_pkg/lib/python3.12/site-packages'
[1.636s] Level 1:colcon.colcon_core.shell:create_environment_hook('my_py_pkg', 'pythonpath')
[1.636s] INFO:colcon.colcon_core.shell:Creating environment hook '/home/joel-jebitto/ROS_workspace/install/my_py_pkg/share/my_py_pkg/hook/pythonpath.ps1'
[1.637s] INFO:colcon.colcon_core.shell:Creating environment descriptor '/home/joel-jebitto/ROS_workspace/install/my_py_pkg/share/my_py_pkg/hook/pythonpath.dsv'
[1.637s] INFO:colcon.colcon_core.shell:Creating environment hook '/home/joel-jebitto/ROS_workspace/install/my_py_pkg/share/my_py_pkg/hook/pythonpath.sh'
[1.638s] Level 1:colcon.colcon_core.environment:checking '/home/joel-jebitto/ROS_workspace/install/my_py_pkg/bin'
[1.638s] Level 1:colcon.colcon_core.environment:create_environment_scripts_only(my_py_pkg)
[1.639s] INFO:colcon.colcon_core.shell:Creating package script '/home/joel-jebitto/ROS_workspace/install/my_py_pkg/share/my_py_pkg/package.ps1'
[1.639s] INFO:colcon.colcon_core.shell:Creating package descriptor '/home/joel-jebitto/ROS_workspace/install/my_py_pkg/share/my_py_pkg/package.dsv'
[1.639s] INFO:colcon.colcon_core.shell:Creating package script '/home/joel-jebitto/ROS_workspace/install/my_py_pkg/share/my_py_pkg/package.sh'
[1.640s] INFO:colcon.colcon_core.shell:Creating package script '/home/joel-jebitto/ROS_workspace/install/my_py_pkg/share/my_py_pkg/package.bash'
[1.640s] INFO:colcon.colcon_core.shell:Creating package script '/home/joel-jebitto/ROS_workspace/install/my_py_pkg/share/my_py_pkg/package.zsh'
[1.640s] Level 1:colcon.colcon_core.environment:create_file_with_runtime_dependencies(/home/joel-jebitto/ROS_workspace/install/my_py_pkg/share/colcon-core/packages/my_py_pkg)
[1.643s] DEBUG:colcon.colcon_core.event_handler.log_command:Invoking command in '/home/joel-jebitto/ROS_workspace/build/cpp_pubsub': CMAKE_PREFIX_PATH=${CMAKE_PREFIX_PATH}:/home/joel-jebitto/ROS_workspace/install/my_py_pkg:/opt/ros/jazzy DEBUGINFOD_URLS=https://debuginfod.ubuntu.com /usr/bin/cmake /home/joel-jebitto/ROS_workspace/src/cpp_pubsub -DCMAKE_EXPORT_COMPILE_COMMANDS=ON -DCMAKE_INSTALL_PREFIX=/home/joel-jebitto/ROS_workspace/install/cpp_pubsub
[2.983s] DEBUG:colcon.colcon_core.event_handler.log_command:Invoked command in '/home/joel-jebitto/ROS_workspace/build/cpp_pubsub' returned '0': CMAKE_PREFIX_PATH=${CMAKE_PREFIX_PATH}:/home/joel-jebitto/ROS_workspace/install/my_py_pkg:/opt/ros/jazzy DEBUGINFOD_URLS=https://debuginfod.ubuntu.com /usr/bin/cmake /home/joel-jebitto/ROS_workspace/src/cpp_pubsub -DCMAKE_EXPORT_COMPILE_COMMANDS=ON -DCMAKE_INSTALL_PREFIX=/home/joel-jebitto/ROS_workspace/install/cpp_pubsub
[2.986s] DEBUG:colcon.colcon_core.event_handler.log_command:Invoking command in '/home/joel-jebitto/ROS_workspace/build/cpp_pubsub': CMAKE_PREFIX_PATH=${CMAKE_PREFIX_PATH}:/home/joel-jebitto/ROS_workspace/install/my_py_pkg:/opt/ros/jazzy DEBUGINFOD_URLS=https://debuginfod.ubuntu.com /usr/bin/cmake --build /home/joel-jebitto/ROS_workspace/build/cpp_pubsub -- -j8 -l8
[5.438s] DEBUG:colcon.colcon_core.event_handler.log_command:Invoked command in '/home/joel-jebitto/ROS_workspace/build/cpp_pubsub' returned '0': CMAKE_PREFIX_PATH=${CMAKE_PREFIX_PATH}:/home/joel-jebitto/ROS_workspace/install/my_py_pkg:/opt/ros/jazzy DEBUGINFOD_URLS=https://debuginfod.ubuntu.com /usr/bin/cmake --build /home/joel-jebitto/ROS_workspace/build/cpp_pubsub -- -j8 -l8
[5.439s] DEBUG:colcon.colcon_core.event_handler.log_command:Invoking command in '/home/joel-jebitto/ROS_workspace/build/cpp_pubsub': CMAKE_PREFIX_PATH=${CMAKE_PREFIX_PATH}:/home/joel-jebitto/ROS_workspace/install/my_py_pkg:/opt/ros/jazzy DEBUGINFOD_URLS=https://debuginfod.ubuntu.com /usr/bin/cmake --install /home/joel-jebitto/ROS_workspace/build/cpp_pubsub
[5.448s] Level 1:colcon.colcon_core.environment:create_environment_scripts_only(cpp_pubsub)
[5.448s] Level 1:colcon.colcon_core.environment:checking '/home/joel-jebitto/ROS_workspace/install/cpp_pubsub' for CMake module files
[5.448s] DEBUG:colcon.colcon_core.event_handler.log_command:Invoked command in '/home/joel-jebitto/ROS_workspace/build/cpp_pubsub' returned '0': CMAKE_PREFIX_PATH=${CMAKE_PREFIX_PATH}:/home/joel-jebitto/ROS_workspace/install/my_py_pkg:/opt/ros/jazzy DEBUGINFOD_URLS=https://debuginfod.ubuntu.com /usr/bin/cmake --install /home/joel-jebitto/ROS_workspace/build/cpp_pubsub
[5.449s] Level 1:colcon.colcon_core.environment:checking '/home/joel-jebitto/ROS_workspace/install/cpp_pubsub' for CMake config files
[5.449s] Level 1:colcon.colcon_core.shell:create_environment_hook('cpp_pubsub', 'cmake_prefix_path')
[5.449s] INFO:colcon.colcon_core.shell:Creating environment hook '/home/joel-jebitto/ROS_workspace/install/cpp_pubsub/share/cpp_pubsub/hook/cmake_prefix_path.ps1'
[5.449s] INFO:colcon.colcon_core.shell:Creating environment descriptor '/home/joel-jebitto/ROS_workspace/install/cpp_pubsub/share/cpp_pubsub/hook/cmake_prefix_path.dsv'
[5.449s] INFO:colcon.colcon_core.shell:Creating environment hook '/home/joel-jebitto/ROS_workspace/install/cpp_pubsub/share/cpp_pubsub/hook/cmake_prefix_path.sh'
[5.450s] Level 1:colcon.colcon_core.environment:checking '/home/joel-jebitto/ROS_workspace/install/cpp_pubsub/lib'
[5.450s] Level 1:colcon.colcon_core.environment:checking '/home/joel-jebitto/ROS_workspace/install/cpp_pubsub/bin'
[5.450s] Level 1:colcon.colcon_core.environment:checking '/home/joel-jebitto/ROS_workspace/install/cpp_pubsub/lib/pkgconfig/cpp_pubsub.pc'
[5.450s] Level 1:colcon.colcon_core.environment:checking '/home/joel-jebitto/ROS_workspace/install/cpp_pubsub/lib/python3.12/site-packages'
[5.450s] Level 1:colcon.colcon_core.environment:checking '/home/joel-jebitto/ROS_workspace/install/cpp_pubsub/bin'
[5.451s] INFO:colcon.colcon_core.shell:Creating package script '/home/joel-jebitto/ROS_workspace/install/cpp_pubsub/share/cpp_pubsub/package.ps1'
[5.451s] INFO:colcon.colcon_core.shell:Creating package descriptor '/home/joel-jebitto/ROS_workspace/install/cpp_pubsub/share/cpp_pubsub/package.dsv'
[5.451s] INFO:colcon.colcon_core.shell:Creating package script '/home/joel-jebitto/ROS_workspace/install/cpp_pubsub/share/cpp_pubsub/package.sh'
[5.451s] INFO:colcon.colcon_core.shell:Creating package script '/home/joel-jebitto/ROS_workspace/install/cpp_pubsub/share/cpp_pubsub/package.bash'
[5.452s] INFO:colcon.colcon_core.shell:Creating package script '/home/joel-jebitto/ROS_workspace/install/cpp_pubsub/share/cpp_pubsub/package.zsh'
[5.452s] Level 1:colcon.colcon_core.environment:create_file_with_runtime_dependencies(/home/joel-jebitto/ROS_workspace/install/cpp_pubsub/share/colcon-core/packages/cpp_pubsub)
[5.452s] Level 1:colcon.colcon_core.environment:create_environment_scripts_only(cpp_pubsub)
[5.452s] Level 1:colcon.colcon_core.environment:checking '/home/joel-jebitto/ROS_workspace/install/cpp_pubsub' for CMake module files
[5.453s] Level 1:colcon.colcon_core.environment:checking '/home/joel-jebitto/ROS_workspace/install/cpp_pubsub' for CMake config files
[5.453s] Level 1:colcon.colcon_core.shell:create_environment_hook('cpp_pubsub', 'cmake_prefix_path')
[5.453s] INFO:colcon.colcon_core.shell:Creating environment hook '/home/joel-jebitto/ROS_workspace/install/cpp_pubsub/share/cpp_pubsub/hook/cmake_prefix_path.ps1'
[5.453s] INFO:colcon.colcon_core.shell:Creating environment descriptor '/home/joel-jebitto/ROS_workspace/install/cpp_pubsub/share/cpp_pubsub/hook/cmake_prefix_path.dsv'
[5.454s] INFO:colcon.colcon_core.shell:Creating environment hook '/home/joel-jebitto/ROS_workspace/install/cpp_pubsub/share/cpp_pubsub/hook/cmake_prefix_path.sh'
[5.454s] Level 1:colcon.colcon_core.environment:checking '/home/joel-jebitto/ROS_workspace/install/cpp_pubsub/lib'
[5.454s] Level 1:colcon.colcon_core.environment:checking '/home/joel-jebitto/ROS_workspace/install/cpp_pubsub/bin'
[5.454s] Level 1:colcon.colcon_core.environment:checking '/home/joel-jebitto/ROS_workspace/install/cpp_pubsub/lib/pkgconfig/cpp_pubsub.pc'
[5.454s] Level 1:colcon.colcon_core.environment:checking '/home/joel-jebitto/ROS_workspace/install/cpp_pubsub/lib/python3.12/site-packages'
[5.454s] Level 1:colcon.colcon_core.environment:checking '/home/joel-jebitto/ROS_workspace/install/cpp_pubsub/bin'
[5.454s] INFO:colcon.colcon_core.shell:Creating package script '/home/joel-jebitto/ROS_workspace/install/cpp_pubsub/share/cpp_pubsub/package.ps1'
[5.455s] INFO:colcon.colcon_core.shell:Creating package descriptor '/home/joel-jebitto/ROS_workspace/install/cpp_pubsub/share/cpp_pubsub/package.dsv'
[5.455s] INFO:colcon.colcon_core.shell:Creating package script '/home/joel-jebitto/ROS_workspace/install/cpp_pubsub/share/cpp_pubsub/package.sh'
[5.455s] INFO:colcon.colcon_core.shell:Creating package script '/home/joel-jebitto/ROS_workspace/install/cpp_pubsub/share/cpp_pubsub/package.bash'
[5.456s] INFO:colcon.colcon_core.shell:Creating package script '/home/joel-jebitto/ROS_workspace/install/cpp_pubsub/share/cpp_pubsub/package.zsh'
[5.456s] Level 1:colcon.colcon_core.environment:create_file_with_runtime_dependencies(/home/joel-jebitto/ROS_workspace/install/cpp_pubsub/share/colcon-core/packages/cpp_pubsub)
[5.456s] DEBUG:colcon.colcon_parallel_executor.executor.parallel:closing loop
[5.457s] DEBUG:colcon.colcon_parallel_executor.executor.parallel:loop closed
[5.457s] DEBUG:colcon.colcon_parallel_executor.executor.parallel:run_until_complete finished with '0'
[5.457s] DEBUG:colcon.colcon_core.event_reactor:joining thread
[5.464s] INFO:colcon.colcon_core.plugin_system:Skipping extension 'colcon_notification.desktop_notification.terminal_notifier': Not used on non-Darwin systems
[5.464s] INFO:colcon.colcon_core.plugin_system:Skipping extension 'colcon_notification.desktop_notification.win32': Not used on non-Windows systems
[5.464s] INFO:colcon.colcon_notification.desktop_notification:Sending desktop notification using 'notify2'
[5.475s] DEBUG:colcon.colcon_core.event_reactor:joined thread
[5.475s] INFO:colcon.colcon_core.shell:Creating prefix script '/home/joel-jebitto/ROS_workspace/install/local_setup.ps1'
[5.475s] INFO:colcon.colcon_core.shell:Creating prefix util module '/home/joel-jebitto/ROS_workspace/install/_local_setup_util_ps1.py'
[5.476s] INFO:colcon.colcon_core.shell:Creating prefix chain script '/home/joel-jebitto/ROS_workspace/install/setup.ps1'
[5.477s] INFO:colcon.colcon_core.shell:Creating prefix script '/home/joel-jebitto/ROS_workspace/install/local_setup.sh'
[5.477s] INFO:colcon.colcon_core.shell:Creating prefix util module '/home/joel-jebitto/ROS_workspace/install/_local_setup_util_sh.py'
[5.478s] INFO:colcon.colcon_core.shell:Creating prefix chain script '/home/joel-jebitto/ROS_workspace/install/setup.sh'
[5.479s] INFO:colcon.colcon_core.shell:Creating prefix script '/home/joel-jebitto/ROS_workspace/install/local_setup.bash'
[5.479s] INFO:colcon.colcon_core.shell:Creating prefix chain script '/home/joel-jebitto/ROS_workspace/install/setup.bash'
[5.479s] INFO:colcon.colcon_core.shell:Creating prefix script '/home/joel-jebitto/ROS_workspace/install/local_setup.zsh'
[5.480s] INFO:colcon.colcon_core.shell:Creating prefix chain script '/home/joel-jebitto/ROS_workspace/install/setup.zsh'
