[1.181s] Invoking command in '/home/joel-jebitto/ROS_workspace/src/my_py_pkg': DEBUGINFOD_URLS=https://debuginfod.ubuntu.com PYTHONPATH=/home/joel-jebitto/ROS_workspace/build/my_py_pkg/prefix_override:/usr/lib/python3/dist-packages/colcon_core/task/python/colcon_distutils_commands:/home/joel-jebitto/ROS_workspace/install/my_py_pkg/lib/python3.12/site-packages:${PYTHONPATH} /usr/bin/python3 -W ignore:setup.py install is deprecated -W ignore:easy_install command is deprecated setup.py egg_info --egg-base ../../build/my_py_pkg build --build-base /home/joel-jebitto/ROS_workspace/build/my_py_pkg/build install --record /home/joel-jebitto/ROS_workspace/build/my_py_pkg/install.log --single-version-externally-managed install_data
[1.458s] running egg_info
[1.483s] writing ../../build/my_py_pkg/my_py_pkg.egg-info/PKG-INFO
[1.483s] writing dependency_links to ../../build/my_py_pkg/my_py_pkg.egg-info/dependency_links.txt
[1.484s] writing entry points to ../../build/my_py_pkg/my_py_pkg.egg-info/entry_points.txt
[1.484s] writing requirements to ../../build/my_py_pkg/my_py_pkg.egg-info/requires.txt
[1.484s] writing top-level names to ../../build/my_py_pkg/my_py_pkg.egg-info/top_level.txt
[1.535s] reading manifest file '../../build/my_py_pkg/my_py_pkg.egg-info/SOURCES.txt'
[1.536s] writing manifest file '../../build/my_py_pkg/my_py_pkg.egg-info/SOURCES.txt'
[1.536s] running build
[1.536s] running build_py
[1.537s] running install
[1.543s] running install_lib
[1.566s] running install_data
[1.566s] running install_egg_info
[1.588s] removing '/home/joel-jebitto/ROS_workspace/install/my_py_pkg/lib/python3.12/site-packages/my_py_pkg-0.0.0-py3.12.egg-info' (and everything under it)
[1.588s] Copying ../../build/my_py_pkg/my_py_pkg.egg-info to /home/joel-jebitto/ROS_workspace/install/my_py_pkg/lib/python3.12/site-packages/my_py_pkg-0.0.0-py3.12.egg-info
[1.589s] running install_scripts
[1.713s] Installing add_two_ints_server script to /home/joel-jebitto/ROS_workspace/install/my_py_pkg/lib/my_py_pkg
[1.716s] Installing my_first_node script to /home/joel-jebitto/ROS_workspace/install/my_py_pkg/lib/my_py_pkg
[1.716s] Installing robot_news_station script to /home/joel-jebitto/ROS_workspace/install/my_py_pkg/lib/my_py_pkg
[1.716s] Installing smartphone script to /home/joel-jebitto/ROS_workspace/install/my_py_pkg/lib/my_py_pkg
[1.716s] writing list of installed files to '/home/joel-jebitto/ROS_workspace/build/my_py_pkg/install.log'
[1.734s] Invoked command in '/home/joel-jebitto/ROS_workspace/src/my_py_pkg' returned '0': DEBUGINFOD_URLS=https://debuginfod.ubuntu.com PYTHONPATH=/home/joel-jebitto/ROS_workspace/build/my_py_pkg/prefix_override:/usr/lib/python3/dist-packages/colcon_core/task/python/colcon_distutils_commands:/home/joel-jebitto/ROS_workspace/install/my_py_pkg/lib/python3.12/site-packages:${PYTHONPATH} /usr/bin/python3 -W ignore:setup.py install is deprecated -W ignore:easy_install command is deprecated setup.py egg_info --egg-base ../../build/my_py_pkg build --build-base /home/joel-jebitto/ROS_workspace/build/my_py_pkg/build install --record /home/joel-jebitto/ROS_workspace/build/my_py_pkg/install.log --single-version-externally-managed install_data
