[0.013s] Invoking command in '/home/joel-jebitto/ROS_workspace/build/my_robot_interface': CMAKE_PREFIX_PATH=${CMAKE_PREFIX_PATH}:/home/joel-jebitto/ROS_workspace/install/my_py_pkg:/opt/ros/jazzy DEBUGINFOD_URLS=https://debuginfod.ubuntu.com /usr/bin/cmake /home/joel-jebitto/ROS_workspace/src/my_robot_interface -DCMAKE_INSTALL_PREFIX=/home/joel-jebitto/ROS_workspace/install/my_robot_interface
[0.023s] -- Found ament_cmake: 2.5.4 (/opt/ros/jazzy/share/ament_cmake/cmake)
[0.045s] -- Found Python3: /usr/bin/python3 (found version "3.12.3") found components: Interpreter 
[0.154s] -- Found std_msgs: 5.3.6 (/opt/ros/jazzy/share/std_msgs/cmake)
[0.201s] -- Found rosidl_generator_c: 4.6.5 (/opt/ros/jazzy/share/rosidl_generator_c/cmake)
[0.219s] -- Found rosidl_generator_cpp: 4.6.5 (/opt/ros/jazzy/share/rosidl_generator_cpp/cmake)
[0.241s] -- Using all available rosidl_typesupport_c: rosidl_typesupport_fastrtps_c;rosidl_typesupport_introspection_c
[0.267s] -- Using all available rosidl_typesupport_cpp: rosidl_typesupport_fastrtps_cpp;rosidl_typesupport_introspection_cpp
[0.309s] -- Found rosidl_default_generators: 1.6.0 (/opt/ros/jazzy/share/rosidl_default_generators/cmake)
[0.317s] -- Found rosidl_adapter: 4.6.5 (/opt/ros/jazzy/share/rosidl_adapter/cmake)
[0.645s] -- Found ament_cmake_ros: 0.12.0 (/opt/ros/jazzy/share/ament_cmake_ros/cmake)
[0.757s] -- Using all available rosidl_typesupport_c: rosidl_typesupport_fastrtps_c;rosidl_typesupport_introspection_c
[0.798s] -- Using all available rosidl_typesupport_cpp: rosidl_typesupport_fastrtps_cpp;rosidl_typesupport_introspection_cpp
[0.799s] -- Found python_cmake_module: 0.11.1 (/opt/ros/jazzy/share/python_cmake_module/cmake)
[1.014s] -- Found Python3: /usr/bin/python3 (found version "3.12.3") found components: Interpreter Development NumPy Development.Module Development.Embed 
[1.024s] -- Configuring done (1.0s)
[1.047s] -- Generating done (0.0s)
[1.056s] -- Build files have been written to: /home/joel-jebitto/ROS_workspace/build/my_robot_interface
[1.061s] Invoked command in '/home/joel-jebitto/ROS_workspace/build/my_robot_interface' returned '0': CMAKE_PREFIX_PATH=${CMAKE_PREFIX_PATH}:/home/joel-jebitto/ROS_workspace/install/my_py_pkg:/opt/ros/jazzy DEBUGINFOD_URLS=https://debuginfod.ubuntu.com /usr/bin/cmake /home/joel-jebitto/ROS_workspace/src/my_robot_interface -DCMAKE_INSTALL_PREFIX=/home/joel-jebitto/ROS_workspace/install/my_robot_interface
[1.062s] Invoking command in '/home/joel-jebitto/ROS_workspace/build/my_robot_interface': CMAKE_PREFIX_PATH=${CMAKE_PREFIX_PATH}:/home/joel-jebitto/ROS_workspace/install/my_py_pkg:/opt/ros/jazzy DEBUGINFOD_URLS=https://debuginfod.ubuntu.com /usr/bin/cmake --build /home/joel-jebitto/ROS_workspace/build/my_robot_interface -- -j8 -l8
[1.094s] [  2%] Built target my_robot_interface__rosidl_generator_type_description
[1.100s] [  2%] Built target ament_cmake_python_copy_my_robot_interface
[1.111s] [  5%] Built target my_robot_interface__cpp
[1.114s] [ 20%] Built target my_robot_interface__rosidl_generator_c
[1.136s] [ 38%] Built target my_robot_interface__rosidl_typesupport_c
[1.136s] [ 38%] Built target my_robot_interface__rosidl_typesupport_introspection_c
[1.136s] [ 55%] Built target my_robot_interface__rosidl_typesupport_fastrtps_cpp
[1.136s] [ 55%] Built target my_robot_interface__rosidl_typesupport_introspection_cpp
[1.136s] [ 64%] Built target my_robot_interface__rosidl_typesupport_cpp
[1.137s] [ 73%] Built target my_robot_interface__rosidl_typesupport_fastrtps_c
[1.152s] [ 73%] Built target my_robot_interface
[1.166s] [ 76%] Built target my_robot_interface__py
[1.182s] [ 82%] Built target my_robot_interface__rosidl_generator_py
[1.205s] [100%] Built target my_robot_interface_s__rosidl_typesupport_introspection_c
[1.205s] [100%] Built target my_robot_interface_s__rosidl_typesupport_fastrtps_c
[1.206s] [100%] Built target my_robot_interface_s__rosidl_typesupport_c
[1.329s] running egg_info
[1.348s] writing my_robot_interface.egg-info/PKG-INFO
[1.348s] writing dependency_links to my_robot_interface.egg-info/dependency_links.txt
[1.349s] writing top-level names to my_robot_interface.egg-info/top_level.txt
[1.400s] reading manifest file 'my_robot_interface.egg-info/SOURCES.txt'
[1.401s] writing manifest file 'my_robot_interface.egg-info/SOURCES.txt'
[1.423s] [100%] Built target ament_cmake_python_build_my_robot_interface_egg
[1.431s] Invoked command in '/home/joel-jebitto/ROS_workspace/build/my_robot_interface' returned '0': CMAKE_PREFIX_PATH=${CMAKE_PREFIX_PATH}:/home/joel-jebitto/ROS_workspace/install/my_py_pkg:/opt/ros/jazzy DEBUGINFOD_URLS=https://debuginfod.ubuntu.com /usr/bin/cmake --build /home/joel-jebitto/ROS_workspace/build/my_robot_interface -- -j8 -l8
[1.437s] Invoking command in '/home/joel-jebitto/ROS_workspace/build/my_robot_interface': CMAKE_PREFIX_PATH=${CMAKE_PREFIX_PATH}:/home/joel-jebitto/ROS_workspace/install/my_py_pkg:/opt/ros/jazzy DEBUGINFOD_URLS=https://debuginfod.ubuntu.com /usr/bin/cmake --install /home/joel-jebitto/ROS_workspace/build/my_robot_interface
[1.443s] -- Install configuration: ""
[1.444s] -- Up-to-date: /home/joel-jebitto/ROS_workspace/install/my_robot_interface/share/ament_index/resource_index/rosidl_interfaces/my_robot_interface
[1.444s] -- Up-to-date: /home/joel-jebitto/ROS_workspace/install/my_robot_interface/share/my_robot_interface/msg/HardwareStatus.json
[1.444s] -- Up-to-date: /home/joel-jebitto/ROS_workspace/install/my_robot_interface/include/my_robot_interface/my_robot_interface
[1.444s] -- Up-to-date: /home/joel-jebitto/ROS_workspace/install/my_robot_interface/include/my_robot_interface/my_robot_interface/msg
[1.444s] -- Up-to-date: /home/joel-jebitto/ROS_workspace/install/my_robot_interface/include/my_robot_interface/my_robot_interface/msg/detail
[1.444s] -- Up-to-date: /home/joel-jebitto/ROS_workspace/install/my_robot_interface/include/my_robot_interface/my_robot_interface/msg/detail/hardware_status__functions.h
[1.444s] -- Up-to-date: /home/joel-jebitto/ROS_workspace/install/my_robot_interface/include/my_robot_interface/my_robot_interface/msg/detail/hardware_status__description.c
[1.444s] -- Up-to-date: /home/joel-jebitto/ROS_workspace/install/my_robot_interface/include/my_robot_interface/my_robot_interface/msg/detail/hardware_status__type_support.c
[1.444s] -- Up-to-date: /home/joel-jebitto/ROS_workspace/install/my_robot_interface/include/my_robot_interface/my_robot_interface/msg/detail/hardware_status__struct.h
[1.444s] -- Up-to-date: /home/joel-jebitto/ROS_workspace/install/my_robot_interface/include/my_robot_interface/my_robot_interface/msg/detail/hardware_status__type_support.h
[1.444s] -- Up-to-date: /home/joel-jebitto/ROS_workspace/install/my_robot_interface/include/my_robot_interface/my_robot_interface/msg/detail/hardware_status__functions.c
[1.444s] -- Up-to-date: /home/joel-jebitto/ROS_workspace/install/my_robot_interface/include/my_robot_interface/my_robot_interface/msg/rosidl_generator_c__visibility_control.h
[1.445s] -- Up-to-date: /home/joel-jebitto/ROS_workspace/install/my_robot_interface/include/my_robot_interface/my_robot_interface/msg/hardware_status.h
[1.445s] -- Up-to-date: /home/joel-jebitto/ROS_workspace/install/my_robot_interface/share/my_robot_interface/environment/library_path.sh
[1.445s] -- Up-to-date: /home/joel-jebitto/ROS_workspace/install/my_robot_interface/share/my_robot_interface/environment/library_path.dsv
[1.445s] -- Up-to-date: /home/joel-jebitto/ROS_workspace/install/my_robot_interface/lib/libmy_robot_interface__rosidl_generator_c.so
[1.445s] -- Up-to-date: /home/joel-jebitto/ROS_workspace/install/my_robot_interface/include/my_robot_interface/my_robot_interface
[1.445s] -- Up-to-date: /home/joel-jebitto/ROS_workspace/install/my_robot_interface/include/my_robot_interface/my_robot_interface/msg
[1.445s] -- Up-to-date: /home/joel-jebitto/ROS_workspace/install/my_robot_interface/include/my_robot_interface/my_robot_interface/msg/detail
[1.445s] -- Up-to-date: /home/joel-jebitto/ROS_workspace/install/my_robot_interface/include/my_robot_interface/my_robot_interface/msg/detail/hardware_status__rosidl_typesupport_fastrtps_c.h
[1.445s] -- Up-to-date: /home/joel-jebitto/ROS_workspace/install/my_robot_interface/include/my_robot_interface/my_robot_interface/msg/rosidl_typesupport_fastrtps_c__visibility_control.h
[1.445s] -- Up-to-date: /home/joel-jebitto/ROS_workspace/install/my_robot_interface/lib/libmy_robot_interface__rosidl_typesupport_fastrtps_c.so
[1.445s] -- Up-to-date: /home/joel-jebitto/ROS_workspace/install/my_robot_interface/include/my_robot_interface/my_robot_interface
[1.445s] -- Up-to-date: /home/joel-jebitto/ROS_workspace/install/my_robot_interface/include/my_robot_interface/my_robot_interface/msg
[1.445s] -- Up-to-date: /home/joel-jebitto/ROS_workspace/install/my_robot_interface/include/my_robot_interface/my_robot_interface/msg/detail
[1.445s] -- Up-to-date: /home/joel-jebitto/ROS_workspace/install/my_robot_interface/include/my_robot_interface/my_robot_interface/msg/detail/hardware_status__type_support.hpp
[1.445s] -- Up-to-date: /home/joel-jebitto/ROS_workspace/install/my_robot_interface/include/my_robot_interface/my_robot_interface/msg/detail/hardware_status__struct.hpp
[1.446s] -- Up-to-date: /home/joel-jebitto/ROS_workspace/install/my_robot_interface/include/my_robot_interface/my_robot_interface/msg/detail/hardware_status__traits.hpp
[1.446s] -- Up-to-date: /home/joel-jebitto/ROS_workspace/install/my_robot_interface/include/my_robot_interface/my_robot_interface/msg/detail/hardware_status__builder.hpp
[1.446s] -- Up-to-date: /home/joel-jebitto/ROS_workspace/install/my_robot_interface/include/my_robot_interface/my_robot_interface/msg/rosidl_generator_cpp__visibility_control.hpp
[1.446s] -- Up-to-date: /home/joel-jebitto/ROS_workspace/install/my_robot_interface/include/my_robot_interface/my_robot_interface/msg/hardware_status.hpp
[1.446s] -- Up-to-date: /home/joel-jebitto/ROS_workspace/install/my_robot_interface/include/my_robot_interface/my_robot_interface
[1.446s] -- Up-to-date: /home/joel-jebitto/ROS_workspace/install/my_robot_interface/include/my_robot_interface/my_robot_interface/msg
[1.446s] -- Up-to-date: /home/joel-jebitto/ROS_workspace/install/my_robot_interface/include/my_robot_interface/my_robot_interface/msg/detail
[1.446s] -- Up-to-date: /home/joel-jebitto/ROS_workspace/install/my_robot_interface/include/my_robot_interface/my_robot_interface/msg/detail/dds_fastrtps
[1.446s] -- Up-to-date: /home/joel-jebitto/ROS_workspace/install/my_robot_interface/include/my_robot_interface/my_robot_interface/msg/detail/hardware_status__rosidl_typesupport_fastrtps_cpp.hpp
[1.446s] -- Up-to-date: /home/joel-jebitto/ROS_workspace/install/my_robot_interface/include/my_robot_interface/my_robot_interface/msg/rosidl_typesupport_fastrtps_cpp__visibility_control.h
[1.446s] -- Up-to-date: /home/joel-jebitto/ROS_workspace/install/my_robot_interface/lib/libmy_robot_interface__rosidl_typesupport_fastrtps_cpp.so
[1.446s] -- Up-to-date: /home/joel-jebitto/ROS_workspace/install/my_robot_interface/include/my_robot_interface/my_robot_interface
[1.446s] -- Up-to-date: /home/joel-jebitto/ROS_workspace/install/my_robot_interface/include/my_robot_interface/my_robot_interface/msg
[1.446s] -- Up-to-date: /home/joel-jebitto/ROS_workspace/install/my_robot_interface/include/my_robot_interface/my_robot_interface/msg/detail
[1.447s] -- Up-to-date: /home/joel-jebitto/ROS_workspace/install/my_robot_interface/include/my_robot_interface/my_robot_interface/msg/detail/hardware_status__type_support.c
[1.447s] -- Up-to-date: /home/joel-jebitto/ROS_workspace/install/my_robot_interface/include/my_robot_interface/my_robot_interface/msg/detail/hardware_status__rosidl_typesupport_introspection_c.h
[1.447s] -- Up-to-date: /home/joel-jebitto/ROS_workspace/install/my_robot_interface/include/my_robot_interface/my_robot_interface/msg/rosidl_typesupport_introspection_c__visibility_control.h
[1.447s] -- Up-to-date: /home/joel-jebitto/ROS_workspace/install/my_robot_interface/lib/libmy_robot_interface__rosidl_typesupport_introspection_c.so
[1.447s] -- Up-to-date: /home/joel-jebitto/ROS_workspace/install/my_robot_interface/lib/libmy_robot_interface__rosidl_typesupport_c.so
[1.447s] -- Up-to-date: /home/joel-jebitto/ROS_workspace/install/my_robot_interface/include/my_robot_interface/my_robot_interface
[1.447s] -- Up-to-date: /home/joel-jebitto/ROS_workspace/install/my_robot_interface/include/my_robot_interface/my_robot_interface/msg
[1.447s] -- Up-to-date: /home/joel-jebitto/ROS_workspace/install/my_robot_interface/include/my_robot_interface/my_robot_interface/msg/detail
[1.447s] -- Up-to-date: /home/joel-jebitto/ROS_workspace/install/my_robot_interface/include/my_robot_interface/my_robot_interface/msg/detail/hardware_status__rosidl_typesupport_introspection_cpp.hpp
[1.447s] -- Up-to-date: /home/joel-jebitto/ROS_workspace/install/my_robot_interface/include/my_robot_interface/my_robot_interface/msg/detail/hardware_status__type_support.cpp
[1.447s] -- Up-to-date: /home/joel-jebitto/ROS_workspace/install/my_robot_interface/lib/libmy_robot_interface__rosidl_typesupport_introspection_cpp.so
[1.447s] -- Up-to-date: /home/joel-jebitto/ROS_workspace/install/my_robot_interface/lib/libmy_robot_interface__rosidl_typesupport_cpp.so
[1.447s] -- Up-to-date: /home/joel-jebitto/ROS_workspace/install/my_robot_interface/share/my_robot_interface/environment/pythonpath.sh
[1.448s] -- Up-to-date: /home/joel-jebitto/ROS_workspace/install/my_robot_interface/share/my_robot_interface/environment/pythonpath.dsv
[1.448s] -- Up-to-date: /home/joel-jebitto/ROS_workspace/install/my_robot_interface/lib/python3.12/site-packages/my_robot_interface-0.0.0-py3.12.egg-info
[1.448s] -- Installing: /home/joel-jebitto/ROS_workspace/install/my_robot_interface/lib/python3.12/site-packages/my_robot_interface-0.0.0-py3.12.egg-info/top_level.txt
[1.448s] -- Installing: /home/joel-jebitto/ROS_workspace/install/my_robot_interface/lib/python3.12/site-packages/my_robot_interface-0.0.0-py3.12.egg-info/PKG-INFO
[1.448s] -- Installing: /home/joel-jebitto/ROS_workspace/install/my_robot_interface/lib/python3.12/site-packages/my_robot_interface-0.0.0-py3.12.egg-info/SOURCES.txt
[1.448s] -- Installing: /home/joel-jebitto/ROS_workspace/install/my_robot_interface/lib/python3.12/site-packages/my_robot_interface-0.0.0-py3.12.egg-info/dependency_links.txt
[1.448s] -- Up-to-date: /home/joel-jebitto/ROS_workspace/install/my_robot_interface/lib/python3.12/site-packages/my_robot_interface
[1.448s] -- Installing: /home/joel-jebitto/ROS_workspace/install/my_robot_interface/lib/python3.12/site-packages/my_robot_interface/__init__.py
[1.448s] -- Up-to-date: /home/joel-jebitto/ROS_workspace/install/my_robot_interface/lib/python3.12/site-packages/my_robot_interface/my_robot_interface_s__rosidl_typesupport_introspection_c.so
[1.448s] -- Up-to-date: /home/joel-jebitto/ROS_workspace/install/my_robot_interface/lib/python3.12/site-packages/my_robot_interface/msg
[1.448s] -- Up-to-date: /home/joel-jebitto/ROS_workspace/install/my_robot_interface/lib/python3.12/site-packages/my_robot_interface/msg/_hardware_status_s.c
[1.448s] -- Up-to-date: /home/joel-jebitto/ROS_workspace/install/my_robot_interface/lib/python3.12/site-packages/my_robot_interface/msg/__init__.py
[1.448s] -- Up-to-date: /home/joel-jebitto/ROS_workspace/install/my_robot_interface/lib/python3.12/site-packages/my_robot_interface/msg/_hardware_status.py
[1.448s] -- Up-to-date: /home/joel-jebitto/ROS_workspace/install/my_robot_interface/lib/python3.12/site-packages/my_robot_interface/_my_robot_interface_s.ep.rosidl_typesupport_c.c
[1.448s] -- Up-to-date: /home/joel-jebitto/ROS_workspace/install/my_robot_interface/lib/python3.12/site-packages/my_robot_interface/my_robot_interface_s__rosidl_typesupport_fastrtps_c.so
[1.448s] -- Up-to-date: /home/joel-jebitto/ROS_workspace/install/my_robot_interface/lib/python3.12/site-packages/my_robot_interface/_my_robot_interface_s.ep.rosidl_typesupport_fastrtps_c.c
[1.448s] -- Up-to-date: /home/joel-jebitto/ROS_workspace/install/my_robot_interface/lib/python3.12/site-packages/my_robot_interface/_my_robot_interface_s.ep.rosidl_typesupport_introspection_c.c
[1.449s] -- Up-to-date: /home/joel-jebitto/ROS_workspace/install/my_robot_interface/lib/python3.12/site-packages/my_robot_interface/my_robot_interface_s__rosidl_typesupport_c.so
[1.475s] Listing '/home/joel-jebitto/ROS_workspace/install/my_robot_interface/lib/python3.12/site-packages/my_robot_interface'...
[1.475s] Compiling '/home/joel-jebitto/ROS_workspace/install/my_robot_interface/lib/python3.12/site-packages/my_robot_interface/__init__.py'...
[1.476s] Listing '/home/joel-jebitto/ROS_workspace/install/my_robot_interface/lib/python3.12/site-packages/my_robot_interface/msg'...
[1.480s] -- Up-to-date: /home/joel-jebitto/ROS_workspace/install/my_robot_interface/lib/python3.12/site-packages/my_robot_interface/my_robot_interface_s__rosidl_typesupport_fastrtps_c.so
[1.480s] -- Up-to-date: /home/joel-jebitto/ROS_workspace/install/my_robot_interface/lib/python3.12/site-packages/my_robot_interface/my_robot_interface_s__rosidl_typesupport_introspection_c.so
[1.480s] -- Up-to-date: /home/joel-jebitto/ROS_workspace/install/my_robot_interface/lib/python3.12/site-packages/my_robot_interface/my_robot_interface_s__rosidl_typesupport_c.so
[1.481s] -- Up-to-date: /home/joel-jebitto/ROS_workspace/install/my_robot_interface/lib/libmy_robot_interface__rosidl_generator_py.so
[1.481s] -- Up-to-date: /home/joel-jebitto/ROS_workspace/install/my_robot_interface/share/my_robot_interface/msg/HardwareStatus.idl
[1.481s] -- Up-to-date: /home/joel-jebitto/ROS_workspace/install/my_robot_interface/share/my_robot_interface/msg/HardwareStatus.msg
[1.481s] -- Up-to-date: /home/joel-jebitto/ROS_workspace/install/my_robot_interface/share/ament_index/resource_index/package_run_dependencies/my_robot_interface
[1.481s] -- Up-to-date: /home/joel-jebitto/ROS_workspace/install/my_robot_interface/share/ament_index/resource_index/parent_prefix_path/my_robot_interface
[1.482s] -- Up-to-date: /home/joel-jebitto/ROS_workspace/install/my_robot_interface/share/my_robot_interface/environment/ament_prefix_path.sh
[1.482s] -- Up-to-date: /home/joel-jebitto/ROS_workspace/install/my_robot_interface/share/my_robot_interface/environment/ament_prefix_path.dsv
[1.482s] -- Up-to-date: /home/joel-jebitto/ROS_workspace/install/my_robot_interface/share/my_robot_interface/environment/path.sh
[1.482s] -- Up-to-date: /home/joel-jebitto/ROS_workspace/install/my_robot_interface/share/my_robot_interface/environment/path.dsv
[1.482s] -- Up-to-date: /home/joel-jebitto/ROS_workspace/install/my_robot_interface/share/my_robot_interface/local_setup.bash
[1.482s] -- Up-to-date: /home/joel-jebitto/ROS_workspace/install/my_robot_interface/share/my_robot_interface/local_setup.sh
[1.482s] -- Up-to-date: /home/joel-jebitto/ROS_workspace/install/my_robot_interface/share/my_robot_interface/local_setup.zsh
[1.482s] -- Up-to-date: /home/joel-jebitto/ROS_workspace/install/my_robot_interface/share/my_robot_interface/local_setup.dsv
[1.482s] -- Installing: /home/joel-jebitto/ROS_workspace/install/my_robot_interface/share/my_robot_interface/package.dsv
[1.482s] -- Up-to-date: /home/joel-jebitto/ROS_workspace/install/my_robot_interface/share/ament_index/resource_index/packages/my_robot_interface
[1.482s] -- Up-to-date: /home/joel-jebitto/ROS_workspace/install/my_robot_interface/share/my_robot_interface/cmake/export_my_robot_interface__rosidl_generator_cExport.cmake
[1.482s] -- Up-to-date: /home/joel-jebitto/ROS_workspace/install/my_robot_interface/share/my_robot_interface/cmake/export_my_robot_interface__rosidl_generator_cExport-noconfig.cmake
[1.483s] -- Up-to-date: /home/joel-jebitto/ROS_workspace/install/my_robot_interface/share/my_robot_interface/cmake/export_my_robot_interface__rosidl_typesupport_fastrtps_cExport.cmake
[1.483s] -- Up-to-date: /home/joel-jebitto/ROS_workspace/install/my_robot_interface/share/my_robot_interface/cmake/export_my_robot_interface__rosidl_typesupport_fastrtps_cExport-noconfig.cmake
[1.483s] -- Up-to-date: /home/joel-jebitto/ROS_workspace/install/my_robot_interface/share/my_robot_interface/cmake/export_my_robot_interface__rosidl_generator_cppExport.cmake
[1.483s] -- Up-to-date: /home/joel-jebitto/ROS_workspace/install/my_robot_interface/share/my_robot_interface/cmake/export_my_robot_interface__rosidl_typesupport_fastrtps_cppExport.cmake
[1.483s] -- Up-to-date: /home/joel-jebitto/ROS_workspace/install/my_robot_interface/share/my_robot_interface/cmake/export_my_robot_interface__rosidl_typesupport_fastrtps_cppExport-noconfig.cmake
[1.483s] -- Up-to-date: /home/joel-jebitto/ROS_workspace/install/my_robot_interface/share/my_robot_interface/cmake/my_robot_interface__rosidl_typesupport_introspection_cExport.cmake
[1.483s] -- Up-to-date: /home/joel-jebitto/ROS_workspace/install/my_robot_interface/share/my_robot_interface/cmake/my_robot_interface__rosidl_typesupport_introspection_cExport-noconfig.cmake
[1.483s] -- Up-to-date: /home/joel-jebitto/ROS_workspace/install/my_robot_interface/share/my_robot_interface/cmake/my_robot_interface__rosidl_typesupport_cExport.cmake
[1.483s] -- Up-to-date: /home/joel-jebitto/ROS_workspace/install/my_robot_interface/share/my_robot_interface/cmake/my_robot_interface__rosidl_typesupport_cExport-noconfig.cmake
[1.483s] -- Up-to-date: /home/joel-jebitto/ROS_workspace/install/my_robot_interface/share/my_robot_interface/cmake/my_robot_interface__rosidl_typesupport_introspection_cppExport.cmake
[1.483s] -- Up-to-date: /home/joel-jebitto/ROS_workspace/install/my_robot_interface/share/my_robot_interface/cmake/my_robot_interface__rosidl_typesupport_introspection_cppExport-noconfig.cmake
[1.483s] -- Up-to-date: /home/joel-jebitto/ROS_workspace/install/my_robot_interface/share/my_robot_interface/cmake/my_robot_interface__rosidl_typesupport_cppExport.cmake
[1.483s] -- Up-to-date: /home/joel-jebitto/ROS_workspace/install/my_robot_interface/share/my_robot_interface/cmake/my_robot_interface__rosidl_typesupport_cppExport-noconfig.cmake
[1.483s] -- Up-to-date: /home/joel-jebitto/ROS_workspace/install/my_robot_interface/share/my_robot_interface/cmake/export_my_robot_interface__rosidl_generator_pyExport.cmake
[1.483s] -- Up-to-date: /home/joel-jebitto/ROS_workspace/install/my_robot_interface/share/my_robot_interface/cmake/export_my_robot_interface__rosidl_generator_pyExport-noconfig.cmake
[1.483s] -- Up-to-date: /home/joel-jebitto/ROS_workspace/install/my_robot_interface/share/my_robot_interface/cmake/rosidl_cmake-extras.cmake
[1.484s] -- Up-to-date: /home/joel-jebitto/ROS_workspace/install/my_robot_interface/share/my_robot_interface/cmake/ament_cmake_export_include_directories-extras.cmake
[1.484s] -- Up-to-date: /home/joel-jebitto/ROS_workspace/install/my_robot_interface/share/my_robot_interface/cmake/ament_cmake_export_libraries-extras.cmake
[1.484s] -- Up-to-date: /home/joel-jebitto/ROS_workspace/install/my_robot_interface/share/my_robot_interface/cmake/ament_cmake_export_targets-extras.cmake
[1.484s] -- Up-to-date: /home/joel-jebitto/ROS_workspace/install/my_robot_interface/share/my_robot_interface/cmake/rosidl_cmake_export_typesupport_targets-extras.cmake
[1.484s] -- Up-to-date: /home/joel-jebitto/ROS_workspace/install/my_robot_interface/share/my_robot_interface/cmake/ament_cmake_export_dependencies-extras.cmake
[1.484s] -- Up-to-date: /home/joel-jebitto/ROS_workspace/install/my_robot_interface/share/my_robot_interface/cmake/rosidl_cmake_export_typesupport_libraries-extras.cmake
[1.484s] -- Up-to-date: /home/joel-jebitto/ROS_workspace/install/my_robot_interface/share/my_robot_interface/cmake/my_robot_interfaceConfig.cmake
[1.484s] -- Up-to-date: /home/joel-jebitto/ROS_workspace/install/my_robot_interface/share/my_robot_interface/cmake/my_robot_interfaceConfig-version.cmake
[1.484s] -- Up-to-date: /home/joel-jebitto/ROS_workspace/install/my_robot_interface/share/my_robot_interface/package.xml
[1.485s] Invoked command in '/home/joel-jebitto/ROS_workspace/build/my_robot_interface' returned '0': CMAKE_PREFIX_PATH=${CMAKE_PREFIX_PATH}:/home/joel-jebitto/ROS_workspace/install/my_py_pkg:/opt/ros/jazzy DEBUGINFOD_URLS=https://debuginfod.ubuntu.com /usr/bin/cmake --install /home/joel-jebitto/ROS_workspace/build/my_robot_interface
